ARM GAS  C:\Users\LIUX\AppData\Local\Temp\ccQjaUks.s 			page 1


   1              		.syntax unified
   2              		.cpu cortex-m3
   3              		.fpu softvfp
   4              		.eabi_attribute 20, 1
   5              		.eabi_attribute 21, 1
   6              		.eabi_attribute 23, 3
   7              		.eabi_attribute 24, 1
   8              		.eabi_attribute 25, 1
   9              		.eabi_attribute 26, 1
  10              		.eabi_attribute 30, 1
  11              		.eabi_attribute 34, 1
  12              		.eabi_attribute 18, 4
  13              		.thumb
  14              		.syntax unified
  15              		.file	"cymetadata.c"
  16              		.text
  17              	.Ltext0:
  18              		.cfi_sections	.debug_frame
  19              		.global	cy_metadata
  20              		.global	cy_meta_flashprotect
  21              		.global	cy_meta_wonvl
  22              		.global	cy_meta_custnvl
  23              		.global	cy_meta_configecc
  24              		.section	.cyconfigecc,"a",%progbits
  25              		.align	2
  26              		.type	cy_meta_configecc, %object
  27              		.size	cy_meta_configecc, 2048
  28              	cy_meta_configecc:
  29 0000 04       		.byte	4
  30 0001 52       		.byte	82
  31 0002 00       		.byte	0
  32 0003 40       		.byte	64
  33 0004 03       		.byte	3
  34 0005 64       		.byte	100
  35 0006 00       		.byte	0
  36 0007 40       		.byte	64
  37 0008 02       		.byte	2
  38 0009 65       		.byte	101
  39 000a 00       		.byte	0
  40 000b 40       		.byte	64
  41 000c 02       		.byte	2
  42 000d 03       		.byte	3
  43 000e 01       		.byte	1
  44 000f 40       		.byte	64
  45 0010 02       		.byte	2
  46 0011 05       		.byte	5
  47 0012 01       		.byte	1
  48 0013 40       		.byte	64
  49 0014 01       		.byte	1
  50 0015 07       		.byte	7
  51 0016 01       		.byte	1
  52 0017 40       		.byte	64
  53 0018 1E       		.byte	30
  54 0019 08       		.byte	8
  55 001a 01       		.byte	1
  56 001b 40       		.byte	64
  57 001c 4B       		.byte	75
ARM GAS  C:\Users\LIUX\AppData\Local\Temp\ccQjaUks.s 			page 2


  58 001d 09       		.byte	9
  59 001e 01       		.byte	1
  60 001f 40       		.byte	64
  61 0020 5F       		.byte	95
  62 0021 0A       		.byte	10
  63 0022 01       		.byte	1
  64 0023 40       		.byte	64
  65 0024 47       		.byte	71
  66 0025 0B       		.byte	11
  67 0026 01       		.byte	1
  68 0027 40       		.byte	64
  69 0028 4E       		.byte	78
  70 0029 0C       		.byte	12
  71 002a 01       		.byte	1
  72 002b 40       		.byte	64
  73 002c 34       		.byte	52
  74 002d 0D       		.byte	13
  75 002e 01       		.byte	1
  76 002f 40       		.byte	64
  77 0030 04       		.byte	4
  78 0031 15       		.byte	21
  79 0032 01       		.byte	1
  80 0033 40       		.byte	64
  81 0034 02       		.byte	2
  82 0035 17       		.byte	23
  83 0036 01       		.byte	1
  84 0037 40       		.byte	64
  85 0038 0E       		.byte	14
  86 0039 18       		.byte	24
  87 003a 01       		.byte	1
  88 003b 40       		.byte	64
  89 003c 4B       		.byte	75
  90 003d 19       		.byte	25
  91 003e 01       		.byte	1
  92 003f 40       		.byte	64
  93 0040 5A       		.byte	90
  94 0041 1A       		.byte	26
  95 0042 01       		.byte	1
  96 0043 40       		.byte	64
  97 0044 4D       		.byte	77
  98 0045 1B       		.byte	27
  99 0046 01       		.byte	1
 100 0047 40       		.byte	64
 101 0048 07       		.byte	7
 102 0049 40       		.byte	64
 103 004a 01       		.byte	1
 104 004b 40       		.byte	64
 105 004c 0B       		.byte	11
 106 004d 41       		.byte	65
 107 004e 01       		.byte	1
 108 004f 40       		.byte	64
 109 0050 0A       		.byte	10
 110 0051 42       		.byte	66
 111 0052 01       		.byte	1
 112 0053 40       		.byte	64
 113 0054 06       		.byte	6
 114 0055 43       		.byte	67
ARM GAS  C:\Users\LIUX\AppData\Local\Temp\ccQjaUks.s 			page 3


 115 0056 01       		.byte	1
 116 0057 40       		.byte	64
 117 0058 04       		.byte	4
 118 0059 44       		.byte	68
 119 005a 01       		.byte	1
 120 005b 40       		.byte	64
 121 005c 06       		.byte	6
 122 005d 45       		.byte	69
 123 005e 01       		.byte	1
 124 005f 40       		.byte	64
 125 0060 09       		.byte	9
 126 0061 46       		.byte	70
 127 0062 01       		.byte	1
 128 0063 40       		.byte	64
 129 0064 04       		.byte	4
 130 0065 47       		.byte	71
 131 0066 01       		.byte	1
 132 0067 40       		.byte	64
 133 0068 0A       		.byte	10
 134 0069 48       		.byte	72
 135 006a 01       		.byte	1
 136 006b 40       		.byte	64
 137 006c 11       		.byte	17
 138 006d 49       		.byte	73
 139 006e 01       		.byte	1
 140 006f 40       		.byte	64
 141 0070 0E       		.byte	14
 142 0071 4C       		.byte	76
 143 0072 01       		.byte	1
 144 0073 40       		.byte	64
 145 0074 10       		.byte	16
 146 0075 4D       		.byte	77
 147 0076 01       		.byte	1
 148 0077 40       		.byte	64
 149 0078 05       		.byte	5
 150 0079 50       		.byte	80
 151 007a 01       		.byte	1
 152 007b 40       		.byte	64
 153 007c 03       		.byte	3
 154 007d 51       		.byte	81
 155 007e 01       		.byte	1
 156 007f 40       		.byte	64
 157 0080 00       		.byte	0
 158 0081 40       		.byte	64
 159 0082 01       		.byte	1
 160 0083 60       		.byte	96
 161 0084 09       		.byte	9
 162 0085 40       		.byte	64
 163 0086 10       		.byte	16
 164 0087 02       		.byte	2
 165 0088 89       		.byte	-119
 166 0089 72       		.byte	114
 167 008a 8A       		.byte	-118
 168 008b 0F       		.byte	15
 169 008c 8D       		.byte	-115
 170 008d 0F       		.byte	15
 171 008e 89       		.byte	-119
ARM GAS  C:\Users\LIUX\AppData\Local\Temp\ccQjaUks.s 			page 4


 172 008f 38       		.byte	56
 173 0090 8B       		.byte	-117
 174 0091 0F       		.byte	15
 175 0092 E2       		.byte	-30
 176 0093 04       		.byte	4
 177 0094 EE       		.byte	-18
 178 0095 02       		.byte	2
 179 0096 E2       		.byte	-30
 180 0097 08       		.byte	8
 181 0098 EE       		.byte	-18
 182 0099 08       		.byte	8
 183 009a E6       		.byte	-26
 184 009b 02       		.byte	2
 185 009c 2E       		.byte	46
 186 009d 01       		.byte	1
 187 009e 36       		.byte	54
 188 009f 01       		.byte	1
 189 00a0 39       		.byte	57
 190 00a1 20       		.byte	32
 191 00a2 3F       		.byte	63
 192 00a3 10       		.byte	16
 193 00a4 40       		.byte	64
 194 00a5 10       		.byte	16
 195 00a6 41       		.byte	65
 196 00a7 02       		.byte	2
 197 00a8 49       		.byte	73
 198 00a9 FF       		.byte	-1
 199 00aa 4A       		.byte	74
 200 00ab FF       		.byte	-1
 201 00ac 4B       		.byte	75
 202 00ad FF       		.byte	-1
 203 00ae 4D       		.byte	77
 204 00af A0       		.byte	-96
 205 00b0 4F       		.byte	79
 206 00b1 04       		.byte	4
 207 00b2 50       		.byte	80
 208 00b3 18       		.byte	24
 209 00b4 54       		.byte	84
 210 00b5 40       		.byte	64
 211 00b6 56       		.byte	86
 212 00b7 04       		.byte	4
 213 00b8 58       		.byte	88
 214 00b9 04       		.byte	4
 215 00ba 59       		.byte	89
 216 00bb 04       		.byte	4
 217 00bc 5A       		.byte	90
 218 00bd 04       		.byte	4
 219 00be 5B       		.byte	91
 220 00bf 04       		.byte	4
 221 00c0 5C       		.byte	92
 222 00c1 03       		.byte	3
 223 00c2 5D       		.byte	93
 224 00c3 13       		.byte	19
 225 00c4 5F       		.byte	95
 226 00c5 01       		.byte	1
 227 00c6 60       		.byte	96
 228 00c7 40       		.byte	64
ARM GAS  C:\Users\LIUX\AppData\Local\Temp\ccQjaUks.s 			page 5


 229 00c8 62       		.byte	98
 230 00c9 C0       		.byte	-64
 231 00ca 64       		.byte	100
 232 00cb 40       		.byte	64
 233 00cc 65       		.byte	101
 234 00cd 40       		.byte	64
 235 00ce 66       		.byte	102
 236 00cf C0       		.byte	-64
 237 00d0 68       		.byte	104
 238 00d1 C0       		.byte	-64
 239 00d2 6A       		.byte	106
 240 00d3 C0       		.byte	-64
 241 00d4 6C       		.byte	108
 242 00d5 C0       		.byte	-64
 243 00d6 6E       		.byte	110
 244 00d7 C0       		.byte	-64
 245 00d8 00       		.byte	0
 246 00d9 A4       		.byte	-92
 247 00da 03       		.byte	3
 248 00db 01       		.byte	1
 249 00dc 08       		.byte	8
 250 00dd 20       		.byte	32
 251 00de 09       		.byte	9
 252 00df 08       		.byte	8
 253 00e0 0A       		.byte	10
 254 00e1 41       		.byte	65
 255 00e2 0B       		.byte	11
 256 00e3 80       		.byte	-128
 257 00e4 10       		.byte	16
 258 00e5 80       		.byte	-128
 259 00e6 13       		.byte	19
 260 00e7 18       		.byte	24
 261 00e8 17       		.byte	23
 262 00e9 40       		.byte	64
 263 00ea 18       		.byte	24
 264 00eb 04       		.byte	4
 265 00ec 19       		.byte	25
 266 00ed 14       		.byte	20
 267 00ee 1A       		.byte	26
 268 00ef 41       		.byte	65
 269 00f0 1B       		.byte	27
 270 00f1 80       		.byte	-128
 271 00f2 1D       		.byte	29
 272 00f3 80       		.byte	-128
 273 00f4 22       		.byte	34
 274 00f5 09       		.byte	9
 275 00f6 23       		.byte	35
 276 00f7 04       		.byte	4
 277 00f8 27       		.byte	39
 278 00f9 04       		.byte	4
 279 00fa 29       		.byte	41
 280 00fb 50       		.byte	80
 281 00fc 2A       		.byte	42
 282 00fd 02       		.byte	2
 283 00fe 31       		.byte	49
 284 00ff 08       		.byte	8
 285 0100 32       		.byte	50
ARM GAS  C:\Users\LIUX\AppData\Local\Temp\ccQjaUks.s 			page 6


 286 0101 10       		.byte	16
 287 0102 33       		.byte	51
 288 0103 81       		.byte	-127
 289 0104 38       		.byte	56
 290 0105 2A       		.byte	42
 291 0106 3B       		.byte	59
 292 0107 80       		.byte	-128
 293 0108 41       		.byte	65
 294 0109 80       		.byte	-128
 295 010a 43       		.byte	67
 296 010b 08       		.byte	8
 297 010c 45       		.byte	69
 298 010d 80       		.byte	-128
 299 010e 46       		.byte	70
 300 010f 04       		.byte	4
 301 0110 49       		.byte	73
 302 0111 01       		.byte	1
 303 0112 4B       		.byte	75
 304 0113 08       		.byte	8
 305 0114 50       		.byte	80
 306 0115 40       		.byte	64
 307 0116 52       		.byte	82
 308 0117 04       		.byte	4
 309 0118 53       		.byte	83
 310 0119 08       		.byte	8
 311 011a 59       		.byte	89
 312 011b 04       		.byte	4
 313 011c 64       		.byte	100
 314 011d 01       		.byte	1
 315 011e 66       		.byte	102
 316 011f 20       		.byte	32
 317 0120 67       		.byte	103
 318 0121 60       		.byte	96
 319 0122 68       		.byte	104
 320 0123 20       		.byte	32
 321 0124 69       		.byte	105
 322 0125 90       		.byte	-112
 323 0126 70       		.byte	112
 324 0127 94       		.byte	-108
 325 0128 71       		.byte	113
 326 0129 40       		.byte	64
 327 012a 73       		.byte	115
 328 012b 18       		.byte	24
 329 012c 83       		.byte	-125
 330 012d 24       		.byte	36
 331 012e 87       		.byte	-121
 332 012f 40       		.byte	64
 333 0130 91       		.byte	-111
 334 0131 40       		.byte	64
 335 0132 93       		.byte	-109
 336 0133 20       		.byte	32
 337 0134 94       		.byte	-108
 338 0135 80       		.byte	-128
 339 0136 96       		.byte	-106
 340 0137 10       		.byte	16
 341 0138 97       		.byte	-105
 342 0139 08       		.byte	8
ARM GAS  C:\Users\LIUX\AppData\Local\Temp\ccQjaUks.s 			page 7


 343 013a 98       		.byte	-104
 344 013b 05       		.byte	5
 345 013c 9A       		.byte	-102
 346 013d 60       		.byte	96
 347 013e 9B       		.byte	-101
 348 013f 40       		.byte	64
 349 0140 9D       		.byte	-99
 350 0141 01       		.byte	1
 351 0142 9E       		.byte	-98
 352 0143 04       		.byte	4
 353 0144 A1       		.byte	-95
 354 0145 04       		.byte	4
 355 0146 A2       		.byte	-94
 356 0147 80       		.byte	-128
 357 0148 A3       		.byte	-93
 358 0149 20       		.byte	32
 359 014a A5       		.byte	-91
 360 014b 80       		.byte	-128
 361 014c A7       		.byte	-89
 362 014d 01       		.byte	1
 363 014e AC       		.byte	-84
 364 014f 01       		.byte	1
 365 0150 AD       		.byte	-83
 366 0151 08       		.byte	8
 367 0152 AF       		.byte	-81
 368 0153 12       		.byte	18
 369 0154 B1       		.byte	-79
 370 0155 40       		.byte	64
 371 0156 B2       		.byte	-78
 372 0157 10       		.byte	16
 373 0158 C0       		.byte	-64
 374 0159 07       		.byte	7
 375 015a C2       		.byte	-62
 376 015b 0F       		.byte	15
 377 015c C4       		.byte	-60
 378 015d 8E       		.byte	-114
 379 015e CA       		.byte	-54
 380 015f 0D       		.byte	13
 381 0160 CC       		.byte	-52
 382 0161 0F       		.byte	15
 383 0162 CE       		.byte	-50
 384 0163 0F       		.byte	15
 385 0164 D0       		.byte	-48
 386 0165 3A       		.byte	58
 387 0166 D6       		.byte	-42
 388 0167 02       		.byte	2
 389 0168 D8       		.byte	-40
 390 0169 F0       		.byte	-16
 391 016a E0       		.byte	-32
 392 016b 01       		.byte	1
 393 016c E4       		.byte	-28
 394 016d 04       		.byte	4
 395 016e 01       		.byte	1
 396 016f 08       		.byte	8
 397 0170 05       		.byte	5
 398 0171 03       		.byte	3
 399 0172 09       		.byte	9
ARM GAS  C:\Users\LIUX\AppData\Local\Temp\ccQjaUks.s 			page 8


 400 0173 02       		.byte	2
 401 0174 0D       		.byte	13
 402 0175 0C       		.byte	12
 403 0176 18       		.byte	24
 404 0177 04       		.byte	4
 405 0178 1E       		.byte	30
 406 0179 07       		.byte	7
 407 017a 2A       		.byte	42
 408 017b 02       		.byte	2
 409 017c 2C       		.byte	44
 410 017d 01       		.byte	1
 411 017e 30       		.byte	48
 412 017f 04       		.byte	4
 413 0180 31       		.byte	49
 414 0181 04       		.byte	4
 415 0182 32       		.byte	50
 416 0183 02       		.byte	2
 417 0184 33       		.byte	51
 418 0185 01       		.byte	1
 419 0186 34       		.byte	52
 420 0187 01       		.byte	1
 421 0188 35       		.byte	53
 422 0189 08       		.byte	8
 423 018a 37       		.byte	55
 424 018b 02       		.byte	2
 425 018c 3E       		.byte	62
 426 018d 04       		.byte	4
 427 018e 40       		.byte	64
 428 018f 03       		.byte	3
 429 0190 46       		.byte	70
 430 0191 04       		.byte	4
 431 0192 49       		.byte	73
 432 0193 FF       		.byte	-1
 433 0194 4A       		.byte	74
 434 0195 07       		.byte	7
 435 0196 4B       		.byte	75
 436 0197 FF       		.byte	-1
 437 0198 4C       		.byte	76
 438 0199 40       		.byte	64
 439 019a 4D       		.byte	77
 440 019b 20       		.byte	32
 441 019c 4E       		.byte	78
 442 019d F0       		.byte	-16
 443 019e 4F       		.byte	79
 444 019f 05       		.byte	5
 445 01a0 50       		.byte	80
 446 01a1 08       		.byte	8
 447 01a2 54       		.byte	84
 448 01a3 07       		.byte	7
 449 01a4 58       		.byte	88
 450 01a5 04       		.byte	4
 451 01a6 59       		.byte	89
 452 01a7 04       		.byte	4
 453 01a8 5A       		.byte	90
 454 01a9 04       		.byte	4
 455 01aa 5B       		.byte	91
 456 01ab 04       		.byte	4
ARM GAS  C:\Users\LIUX\AppData\Local\Temp\ccQjaUks.s 			page 9


 457 01ac 5C       		.byte	92
 458 01ad 33       		.byte	51
 459 01ae 5D       		.byte	93
 460 01af 32       		.byte	50
 461 01b0 5F       		.byte	95
 462 01b1 01       		.byte	1
 463 01b2 60       		.byte	96
 464 01b3 40       		.byte	64
 465 01b4 61       		.byte	97
 466 01b5 A8       		.byte	-88
 467 01b6 62       		.byte	98
 468 01b7 40       		.byte	64
 469 01b8 63       		.byte	99
 470 01b9 20       		.byte	32
 471 01ba 85       		.byte	-123
 472 01bb 1D       		.byte	29
 473 01bc 87       		.byte	-121
 474 01bd 02       		.byte	2
 475 01be 8C       		.byte	-116
 476 01bf 03       		.byte	3
 477 01c0 95       		.byte	-107
 478 01c1 18       		.byte	24
 479 01c2 97       		.byte	-105
 480 01c3 01       		.byte	1
 481 01c4 99       		.byte	-103
 482 01c5 12       		.byte	18
 483 01c6 9A       		.byte	-102
 484 01c7 01       		.byte	1
 485 01c8 9B       		.byte	-101
 486 01c9 05       		.byte	5
 487 01ca 9C       		.byte	-100
 488 01cb 03       		.byte	3
 489 01cc A2       		.byte	-94
 490 01cd 03       		.byte	3
 491 01ce A4       		.byte	-92
 492 01cf 03       		.byte	3
 493 01d0 A8       		.byte	-88
 494 01d1 03       		.byte	3
 495 01d2 AD       		.byte	-83
 496 01d3 08       		.byte	8
 497 01d4 B0       		.byte	-80
 498 01d5 02       		.byte	2
 499 01d6 B3       		.byte	-77
 500 01d7 0E       		.byte	14
 501 01d8 B4       		.byte	-76
 502 01d9 01       		.byte	1
 503 01da B5       		.byte	-75
 504 01db 10       		.byte	16
 505 01dc B7       		.byte	-73
 506 01dd 01       		.byte	1
 507 01de BB       		.byte	-69
 508 01df 08       		.byte	8
 509 01e0 BE       		.byte	-66
 510 01e1 11       		.byte	17
 511 01e2 BF       		.byte	-65
 512 01e3 50       		.byte	80
 513 01e4 C0       		.byte	-64
ARM GAS  C:\Users\LIUX\AppData\Local\Temp\ccQjaUks.s 			page 10


 514 01e5 63       		.byte	99
 515 01e6 C1       		.byte	-63
 516 01e7 05       		.byte	5
 517 01e8 C2       		.byte	-62
 518 01e9 40       		.byte	64
 519 01ea C4       		.byte	-60
 520 01eb 02       		.byte	2
 521 01ec C5       		.byte	-59
 522 01ed 0E       		.byte	14
 523 01ee C6       		.byte	-58
 524 01ef FB       		.byte	-5
 525 01f0 C7       		.byte	-57
 526 01f1 CD       		.byte	-51
 527 01f2 C8       		.byte	-56
 528 01f3 3D       		.byte	61
 529 01f4 C9       		.byte	-55
 530 01f5 FF       		.byte	-1
 531 01f6 CA       		.byte	-54
 532 01f7 FF       		.byte	-1
 533 01f8 CB       		.byte	-53
 534 01f9 FF       		.byte	-1
 535 01fa CC       		.byte	-52
 536 01fb 22       		.byte	34
 537 01fc CE       		.byte	-50
 538 01fd F0       		.byte	-16
 539 01fe CF       		.byte	-49
 540 01ff 08       		.byte	8
 541 0200 D0       		.byte	-48
 542 0201 04       		.byte	4
 543 0202 D4       		.byte	-44
 544 0203 09       		.byte	9
 545 0204 D6       		.byte	-42
 546 0205 04       		.byte	4
 547 0206 D8       		.byte	-40
 548 0207 04       		.byte	4
 549 0208 D9       		.byte	-39
 550 0209 04       		.byte	4
 551 020a DA       		.byte	-38
 552 020b 04       		.byte	4
 553 020c DB       		.byte	-37
 554 020d 04       		.byte	4
 555 020e DC       		.byte	-36
 556 020f 10       		.byte	16
 557 0210 DD       		.byte	-35
 558 0211 11       		.byte	17
 559 0212 DF       		.byte	-33
 560 0213 01       		.byte	1
 561 0214 E2       		.byte	-30
 562 0215 C0       		.byte	-64
 563 0216 E4       		.byte	-28
 564 0217 40       		.byte	64
 565 0218 E5       		.byte	-27
 566 0219 01       		.byte	1
 567 021a E6       		.byte	-26
 568 021b 10       		.byte	16
 569 021c E7       		.byte	-25
 570 021d 11       		.byte	17
ARM GAS  C:\Users\LIUX\AppData\Local\Temp\ccQjaUks.s 			page 11


 571 021e E8       		.byte	-24
 572 021f C0       		.byte	-64
 573 0220 E9       		.byte	-23
 574 0221 01       		.byte	1
 575 0222 EB       		.byte	-21
 576 0223 11       		.byte	17
 577 0224 EC       		.byte	-20
 578 0225 40       		.byte	64
 579 0226 ED       		.byte	-19
 580 0227 01       		.byte	1
 581 0228 EE       		.byte	-18
 582 0229 40       		.byte	64
 583 022a EF       		.byte	-17
 584 022b 01       		.byte	1
 585 022c 06       		.byte	6
 586 022d 02       		.byte	2
 587 022e 09       		.byte	9
 588 022f 80       		.byte	-128
 589 0230 0B       		.byte	11
 590 0231 08       		.byte	8
 591 0232 0E       		.byte	14
 592 0233 01       		.byte	1
 593 0234 0F       		.byte	15
 594 0235 08       		.byte	8
 595 0236 12       		.byte	18
 596 0237 04       		.byte	4
 597 0238 13       		.byte	19
 598 0239 40       		.byte	64
 599 023a 17       		.byte	23
 600 023b 25       		.byte	37
 601 023c 18       		.byte	24
 602 023d 40       		.byte	64
 603 023e 19       		.byte	25
 604 023f 04       		.byte	4
 605 0240 1B       		.byte	27
 606 0241 20       		.byte	32
 607 0242 1D       		.byte	29
 608 0243 02       		.byte	2
 609 0244 1F       		.byte	31
 610 0245 10       		.byte	16
 611 0246 20       		.byte	32
 612 0247 10       		.byte	16
 613 0248 21       		.byte	33
 614 0249 01       		.byte	1
 615 024a 22       		.byte	34
 616 024b 50       		.byte	80
 617 024c 26       		.byte	38
 618 024d 54       		.byte	84
 619 024e 2F       		.byte	47
 620 024f 02       		.byte	2
 621 0250 34       		.byte	52
 622 0251 04       		.byte	4
 623 0252 36       		.byte	54
 624 0253 24       		.byte	36
 625 0254 38       		.byte	56
 626 0255 90       		.byte	-112
 627 0256 39       		.byte	57
ARM GAS  C:\Users\LIUX\AppData\Local\Temp\ccQjaUks.s 			page 12


 628 0257 02       		.byte	2
 629 0258 3B       		.byte	59
 630 0259 48       		.byte	72
 631 025a 3D       		.byte	61
 632 025b 08       		.byte	8
 633 025c 42       		.byte	66
 634 025d 10       		.byte	16
 635 025e 44       		.byte	68
 636 025f 18       		.byte	24
 637 0260 45       		.byte	69
 638 0261 02       		.byte	2
 639 0262 47       		.byte	71
 640 0263 02       		.byte	2
 641 0264 4A       		.byte	74
 642 0265 80       		.byte	-128
 643 0266 4D       		.byte	77
 644 0267 44       		.byte	68
 645 0268 4E       		.byte	78
 646 0269 09       		.byte	9
 647 026a 52       		.byte	82
 648 026b 40       		.byte	64
 649 026c 55       		.byte	85
 650 026d 48       		.byte	72
 651 026e 56       		.byte	86
 652 026f 20       		.byte	32
 653 0270 57       		.byte	87
 654 0271 06       		.byte	6
 655 0272 59       		.byte	89
 656 0273 05       		.byte	5
 657 0274 5A       		.byte	90
 658 0275 A0       		.byte	-96
 659 0276 5D       		.byte	93
 660 0277 04       		.byte	4
 661 0278 5E       		.byte	94
 662 0279 80       		.byte	-128
 663 027a 5F       		.byte	95
 664 027b 12       		.byte	18
 665 027c 65       		.byte	101
 666 027d 40       		.byte	64
 667 027e 67       		.byte	103
 668 027f 80       		.byte	-128
 669 0280 78       		.byte	120
 670 0281 10       		.byte	16
 671 0282 7A       		.byte	122
 672 0283 04       		.byte	4
 673 0284 87       		.byte	-121
 674 0285 40       		.byte	64
 675 0286 89       		.byte	-119
 676 0287 40       		.byte	64
 677 0288 8A       		.byte	-118
 678 0289 31       		.byte	49
 679 028a 8C       		.byte	-116
 680 028b 40       		.byte	64
 681 028c 92       		.byte	-110
 682 028d 01       		.byte	1
 683 028e 98       		.byte	-104
 684 028f 08       		.byte	8
ARM GAS  C:\Users\LIUX\AppData\Local\Temp\ccQjaUks.s 			page 13


 685 0290 9A       		.byte	-102
 686 0291 02       		.byte	2
 687 0292 9B       		.byte	-101
 688 0293 65       		.byte	101
 689 0294 9C       		.byte	-100
 690 0295 10       		.byte	16
 691 0296 9E       		.byte	-98
 692 0297 10       		.byte	16
 693 0298 A1       		.byte	-95
 694 0299 04       		.byte	4
 695 029a A2       		.byte	-94
 696 029b 28       		.byte	40
 697 029c A7       		.byte	-89
 698 029d 03       		.byte	3
 699 029e AE       		.byte	-82
 700 029f 10       		.byte	16
 701 02a0 B2       		.byte	-78
 702 02a1 20       		.byte	32
 703 02a2 B3       		.byte	-77
 704 02a3 48       		.byte	72
 705 02a4 B4       		.byte	-76
 706 02a5 08       		.byte	8
 707 02a6 C0       		.byte	-64
 708 02a7 80       		.byte	-128
 709 02a8 C2       		.byte	-62
 710 02a9 C3       		.byte	-61
 711 02aa C4       		.byte	-60
 712 02ab 73       		.byte	115
 713 02ac CA       		.byte	-54
 714 02ad 10       		.byte	16
 715 02ae CC       		.byte	-52
 716 02af 60       		.byte	96
 717 02b0 CE       		.byte	-50
 718 02b1 4F       		.byte	79
 719 02b2 D0       		.byte	-48
 720 02b3 E2       		.byte	-30
 721 02b4 D2       		.byte	-46
 722 02b5 30       		.byte	48
 723 02b6 D6       		.byte	-42
 724 02b7 FF       		.byte	-1
 725 02b8 D8       		.byte	-40
 726 02b9 90       		.byte	-112
 727 02ba 00       		.byte	0
 728 02bb 04       		.byte	4
 729 02bc 01       		.byte	1
 730 02bd 9A       		.byte	-102
 731 02be 04       		.byte	4
 732 02bf 60       		.byte	96
 733 02c0 05       		.byte	5
 734 02c1 98       		.byte	-104
 735 02c2 07       		.byte	7
 736 02c3 02       		.byte	2
 737 02c4 08       		.byte	8
 738 02c5 56       		.byte	86
 739 02c6 0A       		.byte	10
 740 02c7 09       		.byte	9
 741 02c8 0C       		.byte	12
ARM GAS  C:\Users\LIUX\AppData\Local\Temp\ccQjaUks.s 			page 14


 742 02c9 04       		.byte	4
 743 02ca 0D       		.byte	13
 744 02cb 38       		.byte	56
 745 02cc 0F       		.byte	15
 746 02cd C0       		.byte	-64
 747 02ce 10       		.byte	16
 748 02cf 07       		.byte	7
 749 02d0 12       		.byte	18
 750 02d1 38       		.byte	56
 751 02d2 14       		.byte	20
 752 02d3 01       		.byte	1
 753 02d4 15       		.byte	21
 754 02d5 02       		.byte	2
 755 02d6 17       		.byte	23
 756 02d7 98       		.byte	-104
 757 02d8 18       		.byte	24
 758 02d9 0A       		.byte	10
 759 02da 19       		.byte	25
 760 02db 21       		.byte	33
 761 02dc 1A       		.byte	26
 762 02dd 10       		.byte	16
 763 02de 1B       		.byte	27
 764 02df D8       		.byte	-40
 765 02e0 1C       		.byte	28
 766 02e1 04       		.byte	4
 767 02e2 1D       		.byte	29
 768 02e3 98       		.byte	-104
 769 02e4 1F       		.byte	31
 770 02e5 02       		.byte	2
 771 02e6 20       		.byte	32
 772 02e7 04       		.byte	4
 773 02e8 21       		.byte	33
 774 02e9 9A       		.byte	-102
 775 02ea 25       		.byte	37
 776 02eb FC       		.byte	-4
 777 02ec 26       		.byte	38
 778 02ed 04       		.byte	4
 779 02ee 27       		.byte	39
 780 02ef 03       		.byte	3
 781 02f0 28       		.byte	40
 782 02f1 04       		.byte	4
 783 02f2 29       		.byte	41
 784 02f3 13       		.byte	19
 785 02f4 2B       		.byte	43
 786 02f5 64       		.byte	100
 787 02f6 2D       		.byte	45
 788 02f7 02       		.byte	2
 789 02f8 32       		.byte	50
 790 02f9 7F       		.byte	127
 791 02fa 33       		.byte	51
 792 02fb 0F       		.byte	15
 793 02fc 35       		.byte	53
 794 02fd 13       		.byte	19
 795 02fe 37       		.byte	55
 796 02ff E0       		.byte	-32
 797 0300 38       		.byte	56
 798 0301 08       		.byte	8
ARM GAS  C:\Users\LIUX\AppData\Local\Temp\ccQjaUks.s 			page 15


 799 0302 3B       		.byte	59
 800 0303 88       		.byte	-120
 801 0304 52       		.byte	82
 802 0305 80       		.byte	-128
 803 0306 58       		.byte	88
 804 0307 04       		.byte	4
 805 0308 59       		.byte	89
 806 0309 04       		.byte	4
 807 030a 5B       		.byte	91
 808 030b 04       		.byte	4
 809 030c 5C       		.byte	92
 810 030d 11       		.byte	17
 811 030e 5D       		.byte	93
 812 030f 30       		.byte	48
 813 0310 5F       		.byte	95
 814 0311 01       		.byte	1
 815 0312 84       		.byte	-124
 816 0313 06       		.byte	6
 817 0314 86       		.byte	-122
 818 0315 08       		.byte	8
 819 0316 88       		.byte	-120
 820 0317 08       		.byte	8
 821 0318 8A       		.byte	-118
 822 0319 34       		.byte	52
 823 031a 8C       		.byte	-116
 824 031b 34       		.byte	52
 825 031c 91       		.byte	-111
 826 031d 0E       		.byte	14
 827 031e 92       		.byte	-110
 828 031f 01       		.byte	1
 829 0320 94       		.byte	-108
 830 0321 08       		.byte	8
 831 0322 95       		.byte	-107
 832 0323 05       		.byte	5
 833 0324 96       		.byte	-106
 834 0325 13       		.byte	19
 835 0326 97       		.byte	-105
 836 0327 0A       		.byte	10
 837 0328 98       		.byte	-104
 838 0329 08       		.byte	8
 839 032a 99       		.byte	-103
 840 032b 03       		.byte	3
 841 032c 9A       		.byte	-102
 842 032d 23       		.byte	35
 843 032e 9B       		.byte	-101
 844 032f 04       		.byte	4
 845 0330 9C       		.byte	-100
 846 0331 34       		.byte	52
 847 0332 A4       		.byte	-92
 848 0333 34       		.byte	52
 849 0334 A5       		.byte	-91
 850 0335 04       		.byte	4
 851 0336 A7       		.byte	-89
 852 0337 09       		.byte	9
 853 0338 A8       		.byte	-88
 854 0339 34       		.byte	52
 855 033a AC       		.byte	-84
ARM GAS  C:\Users\LIUX\AppData\Local\Temp\ccQjaUks.s 			page 16


 856 033b 34       		.byte	52
 857 033c B0       		.byte	-80
 858 033d 03       		.byte	3
 859 033e B1       		.byte	-79
 860 033f 0F       		.byte	15
 861 0340 B4       		.byte	-76
 862 0341 3C       		.byte	60
 863 0342 B9       		.byte	-71
 864 0343 02       		.byte	2
 865 0344 BA       		.byte	-70
 866 0345 20       		.byte	32
 867 0346 D6       		.byte	-42
 868 0347 02       		.byte	2
 869 0348 D7       		.byte	-41
 870 0349 20       		.byte	32
 871 034a D8       		.byte	-40
 872 034b 04       		.byte	4
 873 034c D9       		.byte	-39
 874 034d 04       		.byte	4
 875 034e DB       		.byte	-37
 876 034f 04       		.byte	4
 877 0350 DC       		.byte	-36
 878 0351 11       		.byte	17
 879 0352 DD       		.byte	-35
 880 0353 10       		.byte	16
 881 0354 DF       		.byte	-33
 882 0355 01       		.byte	1
 883 0356 01       		.byte	1
 884 0357 A0       		.byte	-96
 885 0358 02       		.byte	2
 886 0359 20       		.byte	32
 887 035a 04       		.byte	4
 888 035b 02       		.byte	2
 889 035c 05       		.byte	5
 890 035d 80       		.byte	-128
 891 035e 06       		.byte	6
 892 035f 18       		.byte	24
 893 0360 08       		.byte	8
 894 0361 10       		.byte	16
 895 0362 09       		.byte	9
 896 0363 04       		.byte	4
 897 0364 0A       		.byte	10
 898 0365 40       		.byte	64
 899 0366 0B       		.byte	11
 900 0367 01       		.byte	1
 901 0368 0E       		.byte	14
 902 0369 28       		.byte	40
 903 036a 0F       		.byte	15
 904 036b 41       		.byte	65
 905 036c 10       		.byte	16
 906 036d 2A       		.byte	42
 907 036e 14       		.byte	20
 908 036f 80       		.byte	-128
 909 0370 17       		.byte	23
 910 0371 25       		.byte	37
 911 0372 19       		.byte	25
 912 0373 20       		.byte	32
ARM GAS  C:\Users\LIUX\AppData\Local\Temp\ccQjaUks.s 			page 17


 913 0374 1A       		.byte	26
 914 0375 40       		.byte	64
 915 0376 1E       		.byte	30
 916 0377 20       		.byte	32
 917 0378 21       		.byte	33
 918 0379 02       		.byte	2
 919 037a 24       		.byte	36
 920 037b 02       		.byte	2
 921 037c 25       		.byte	37
 922 037d 44       		.byte	68
 923 037e 26       		.byte	38
 924 037f 2C       		.byte	44
 925 0380 27       		.byte	39
 926 0381 10       		.byte	16
 927 0382 28       		.byte	40
 928 0383 10       		.byte	16
 929 0384 2A       		.byte	42
 930 0385 08       		.byte	8
 931 0386 2C       		.byte	44
 932 0387 10       		.byte	16
 933 0388 2E       		.byte	46
 934 0389 01       		.byte	1
 935 038a 2F       		.byte	47
 936 038b 0A       		.byte	10
 937 038c 31       		.byte	49
 938 038d 02       		.byte	2
 939 038e 32       		.byte	50
 940 038f 28       		.byte	40
 941 0390 34       		.byte	52
 942 0391 80       		.byte	-128
 943 0392 37       		.byte	55
 944 0393 14       		.byte	20
 945 0394 3D       		.byte	61
 946 0395 80       		.byte	-128
 947 0396 3E       		.byte	62
 948 0397 04       		.byte	4
 949 0398 3F       		.byte	63
 950 0399 01       		.byte	1
 951 039a 63       		.byte	99
 952 039b 02       		.byte	2
 953 039c 68       		.byte	104
 954 039d 2A       		.byte	42
 955 039e 6A       		.byte	106
 956 039f 05       		.byte	5
 957 03a0 6B       		.byte	107
 958 03a1 25       		.byte	37
 959 03a2 72       		.byte	114
 960 03a3 02       		.byte	2
 961 03a4 73       		.byte	115
 962 03a5 01       		.byte	1
 963 03a6 77       		.byte	119
 964 03a7 40       		.byte	64
 965 03a8 82       		.byte	-126
 966 03a9 40       		.byte	64
 967 03aa 89       		.byte	-119
 968 03ab 80       		.byte	-128
 969 03ac 8A       		.byte	-118
ARM GAS  C:\Users\LIUX\AppData\Local\Temp\ccQjaUks.s 			page 18


 970 03ad 01       		.byte	1
 971 03ae C0       		.byte	-64
 972 03af F7       		.byte	-9
 973 03b0 C2       		.byte	-62
 974 03b1 FF       		.byte	-1
 975 03b2 C4       		.byte	-60
 976 03b3 77       		.byte	119
 977 03b4 CA       		.byte	-54
 978 03b5 F2       		.byte	-14
 979 03b6 CC       		.byte	-52
 980 03b7 77       		.byte	119
 981 03b8 CE       		.byte	-50
 982 03b9 D0       		.byte	-48
 983 03ba D8       		.byte	-40
 984 03bb 08       		.byte	8
 985 03bc EE       		.byte	-18
 986 03bd 02       		.byte	2
 987 03be E0       		.byte	-32
 988 03bf 08       		.byte	8
 989 03c0 E4       		.byte	-28
 990 03c1 01       		.byte	1
 991 03c2 EA       		.byte	-22
 992 03c3 09       		.byte	9
 993 03c4 EC       		.byte	-20
 994 03c5 10       		.byte	16
 995 03c6 E2       		.byte	-30
 996 03c7 04       		.byte	4
 997 03c8 E6       		.byte	-26
 998 03c9 12       		.byte	18
 999 03ca 01       		.byte	1
 1000 03cb 01       		.byte	1
 1001 03cc 06       		.byte	6
 1002 03cd 01       		.byte	1
 1003 03ce 1C       		.byte	28
 1004 03cf 01       		.byte	1
 1005 03d0 1E       		.byte	30
 1006 03d1 02       		.byte	2
 1007 03d2 2E       		.byte	46
 1008 03d3 04       		.byte	4
 1009 03d4 32       		.byte	50
 1010 03d5 02       		.byte	2
 1011 03d6 34       		.byte	52
 1012 03d7 01       		.byte	1
 1013 03d8 35       		.byte	53
 1014 03d9 01       		.byte	1
 1015 03da 36       		.byte	54
 1016 03db 04       		.byte	4
 1017 03dc 3F       		.byte	63
 1018 03dd 10       		.byte	16
 1019 03de 58       		.byte	88
 1020 03df 04       		.byte	4
 1021 03e0 59       		.byte	89
 1022 03e1 04       		.byte	4
 1023 03e2 5C       		.byte	92
 1024 03e3 04       		.byte	4
 1025 03e4 5F       		.byte	95
 1026 03e5 01       		.byte	1
ARM GAS  C:\Users\LIUX\AppData\Local\Temp\ccQjaUks.s 			page 19


 1027 03e6 00       		.byte	0
 1028 03e7 48       		.byte	72
 1029 03e8 01       		.byte	1
 1030 03e9 02       		.byte	2
 1031 03ea 03       		.byte	3
 1032 03eb 04       		.byte	4
 1033 03ec 05       		.byte	5
 1034 03ed 04       		.byte	4
 1035 03ee 08       		.byte	8
 1036 03ef 04       		.byte	4
 1037 03f0 09       		.byte	9
 1038 03f1 80       		.byte	-128
 1039 03f2 0A       		.byte	10
 1040 03f3 40       		.byte	64
 1041 03f4 0B       		.byte	11
 1042 03f5 04       		.byte	4
 1043 03f6 0E       		.byte	14
 1044 03f7 01       		.byte	1
 1045 03f8 11       		.byte	17
 1046 03f9 48       		.byte	72
 1047 03fa 12       		.byte	18
 1048 03fb 88       		.byte	-120
 1049 03fc 13       		.byte	19
 1050 03fd 02       		.byte	2
 1051 03fe 14       		.byte	20
 1052 03ff 02       		.byte	2
 1053 0400 18       		.byte	24
 1054 0401 04       		.byte	4
 1055 0402 19       		.byte	25
 1056 0403 40       		.byte	64
 1057 0404 1A       		.byte	26
 1058 0405 50       		.byte	80
 1059 0406 1B       		.byte	27
 1060 0407 01       		.byte	1
 1061 0408 1D       		.byte	29
 1062 0409 04       		.byte	4
 1063 040a 1E       		.byte	30
 1064 040b 01       		.byte	1
 1065 040c 1F       		.byte	31
 1066 040d 10       		.byte	16
 1067 040e 20       		.byte	32
 1068 040f A1       		.byte	-95
 1069 0410 21       		.byte	33
 1070 0411 01       		.byte	1
 1071 0412 23       		.byte	35
 1072 0413 40       		.byte	64
 1073 0414 27       		.byte	39
 1074 0415 08       		.byte	8
 1075 0416 28       		.byte	40
 1076 0417 20       		.byte	32
 1077 0418 29       		.byte	41
 1078 0419 90       		.byte	-112
 1079 041a 2B       		.byte	43
 1080 041b 80       		.byte	-128
 1081 041c 30       		.byte	48
 1082 041d 80       		.byte	-128
 1083 041e 31       		.byte	49
ARM GAS  C:\Users\LIUX\AppData\Local\Temp\ccQjaUks.s 			page 20


 1084 041f 08       		.byte	8
 1085 0420 32       		.byte	50
 1086 0421 10       		.byte	16
 1087 0422 38       		.byte	56
 1088 0423 2A       		.byte	42
 1089 0424 3B       		.byte	59
 1090 0425 40       		.byte	64
 1091 0426 3D       		.byte	61
 1092 0427 01       		.byte	1
 1093 0428 40       		.byte	64
 1094 0429 01       		.byte	1
 1095 042a 41       		.byte	65
 1096 042b 09       		.byte	9
 1097 042c 49       		.byte	73
 1098 042d 82       		.byte	-126
 1099 042e 4A       		.byte	74
 1100 042f 08       		.byte	8
 1101 0430 4B       		.byte	75
 1102 0431 80       		.byte	-128
 1103 0432 51       		.byte	81
 1104 0433 80       		.byte	-128
 1105 0434 5A       		.byte	90
 1106 0435 02       		.byte	2
 1107 0436 60       		.byte	96
 1108 0437 04       		.byte	4
 1109 0438 61       		.byte	97
 1110 0439 40       		.byte	64
 1111 043a 63       		.byte	99
 1112 043b 80       		.byte	-128
 1113 043c 83       		.byte	-125
 1114 043d 40       		.byte	64
 1115 043e 87       		.byte	-121
 1116 043f 10       		.byte	16
 1117 0440 90       		.byte	-112
 1118 0441 28       		.byte	40
 1119 0442 91       		.byte	-111
 1120 0443 D0       		.byte	-48
 1121 0444 92       		.byte	-110
 1122 0445 02       		.byte	2
 1123 0446 93       		.byte	-109
 1124 0447 84       		.byte	-124
 1125 0448 94       		.byte	-108
 1126 0449 02       		.byte	2
 1127 044a 96       		.byte	-106
 1128 044b 30       		.byte	48
 1129 044c 98       		.byte	-104
 1130 044d 06       		.byte	6
 1131 044e 99       		.byte	-103
 1132 044f 10       		.byte	16
 1133 0450 9A       		.byte	-102
 1134 0451 40       		.byte	64
 1135 0452 9C       		.byte	-100
 1136 0453 20       		.byte	32
 1137 0454 9E       		.byte	-98
 1138 0455 02       		.byte	2
 1139 0456 A0       		.byte	-96
 1140 0457 A0       		.byte	-96
ARM GAS  C:\Users\LIUX\AppData\Local\Temp\ccQjaUks.s 			page 21


 1141 0458 A1       		.byte	-95
 1142 0459 04       		.byte	4
 1143 045a A2       		.byte	-94
 1144 045b 88       		.byte	-120
 1145 045c A3       		.byte	-93
 1146 045d 80       		.byte	-128
 1147 045e A4       		.byte	-92
 1148 045f 50       		.byte	80
 1149 0460 A5       		.byte	-91
 1150 0461 08       		.byte	8
 1151 0462 A7       		.byte	-89
 1152 0463 01       		.byte	1
 1153 0464 B0       		.byte	-80
 1154 0465 02       		.byte	2
 1155 0466 C0       		.byte	-64
 1156 0467 2F       		.byte	47
 1157 0468 C2       		.byte	-62
 1158 0469 8F       		.byte	-113
 1159 046a C4       		.byte	-60
 1160 046b 8F       		.byte	-113
 1161 046c CA       		.byte	-54
 1162 046d 0F       		.byte	15
 1163 046e CC       		.byte	-52
 1164 046f 0E       		.byte	14
 1165 0470 CE       		.byte	-50
 1166 0471 8F       		.byte	-113
 1167 0472 D0       		.byte	-48
 1168 0473 0B       		.byte	11
 1169 0474 D2       		.byte	-46
 1170 0475 0C       		.byte	12
 1171 0476 D6       		.byte	-42
 1172 0477 01       		.byte	1
 1173 0478 D8       		.byte	-40
 1174 0479 0D       		.byte	13
 1175 047a E6       		.byte	-26
 1176 047b 10       		.byte	16
 1177 047c 01       		.byte	1
 1178 047d 02       		.byte	2
 1179 047e 02       		.byte	2
 1180 047f 08       		.byte	8
 1181 0480 03       		.byte	3
 1182 0481 01       		.byte	1
 1183 0482 04       		.byte	4
 1184 0483 11       		.byte	17
 1185 0484 06       		.byte	6
 1186 0485 06       		.byte	6
 1187 0486 09       		.byte	9
 1188 0487 0F       		.byte	15
 1189 0488 0A       		.byte	10
 1190 0489 0C       		.byte	12
 1191 048a 0C       		.byte	12
 1192 048b 0C       		.byte	12
 1193 048c 0D       		.byte	13
 1194 048d 08       		.byte	8
 1195 048e 0E       		.byte	14
 1196 048f 13       		.byte	19
 1197 0490 14       		.byte	20
ARM GAS  C:\Users\LIUX\AppData\Local\Temp\ccQjaUks.s 			page 22


 1198 0491 11       		.byte	17
 1199 0492 16       		.byte	22
 1200 0493 0E       		.byte	14
 1201 0494 18       		.byte	24
 1202 0495 40       		.byte	64
 1203 0496 19       		.byte	25
 1204 0497 01       		.byte	1
 1205 0498 1A       		.byte	26
 1206 0499 80       		.byte	-128
 1207 049a 1B       		.byte	27
 1208 049b 06       		.byte	6
 1209 049c 1C       		.byte	28
 1210 049d 80       		.byte	-128
 1211 049e 1E       		.byte	30
 1212 049f 40       		.byte	64
 1213 04a0 20       		.byte	32
 1214 04a1 20       		.byte	32
 1215 04a2 22       		.byte	34
 1216 04a3 03       		.byte	3
 1217 04a4 24       		.byte	36
 1218 04a5 C0       		.byte	-64
 1219 04a6 25       		.byte	37
 1220 04a7 0F       		.byte	15
 1221 04a8 28       		.byte	40
 1222 04a9 C0       		.byte	-64
 1223 04aa 2D       		.byte	45
 1224 04ab 04       		.byte	4
 1225 04ac 2F       		.byte	47
 1226 04ad 01       		.byte	1
 1227 04ae 30       		.byte	48
 1228 04af 0F       		.byte	15
 1229 04b0 32       		.byte	50
 1230 04b1 30       		.byte	48
 1231 04b2 33       		.byte	51
 1232 04b3 08       		.byte	8
 1233 04b4 35       		.byte	53
 1234 04b5 07       		.byte	7
 1235 04b6 36       		.byte	54
 1236 04b7 C0       		.byte	-64
 1237 04b8 38       		.byte	56
 1238 04b9 08       		.byte	8
 1239 04ba 3A       		.byte	58
 1240 04bb 02       		.byte	2
 1241 04bc 58       		.byte	88
 1242 04bd 04       		.byte	4
 1243 04be 59       		.byte	89
 1244 04bf 04       		.byte	4
 1245 04c0 5C       		.byte	92
 1246 04c1 22       		.byte	34
 1247 04c2 5F       		.byte	95
 1248 04c3 01       		.byte	1
 1249 04c4 82       		.byte	-126
 1250 04c5 03       		.byte	3
 1251 04c6 84       		.byte	-124
 1252 04c7 09       		.byte	9
 1253 04c8 85       		.byte	-123
 1254 04c9 13       		.byte	19
ARM GAS  C:\Users\LIUX\AppData\Local\Temp\ccQjaUks.s 			page 23


 1255 04ca 86       		.byte	-122
 1256 04cb D0       		.byte	-48
 1257 04cc 87       		.byte	-121
 1258 04cd 04       		.byte	4
 1259 04ce 88       		.byte	-120
 1260 04cf 10       		.byte	16
 1261 04d0 8A       		.byte	-118
 1262 04d1 AC       		.byte	-84
 1263 04d2 8C       		.byte	-116
 1264 04d3 DC       		.byte	-36
 1265 04d4 8D       		.byte	-115
 1266 04d5 03       		.byte	3
 1267 04d6 8E       		.byte	-114
 1268 04d7 22       		.byte	34
 1269 04d8 8F       		.byte	-113
 1270 04d9 14       		.byte	20
 1271 04da 91       		.byte	-111
 1272 04db 0A       		.byte	10
 1273 04dc 93       		.byte	-109
 1274 04dd 14       		.byte	20
 1275 04de 95       		.byte	-107
 1276 04df 13       		.byte	19
 1277 04e0 97       		.byte	-105
 1278 04e1 0C       		.byte	12
 1279 04e2 98       		.byte	-104
 1280 04e3 14       		.byte	20
 1281 04e4 9F       		.byte	-97
 1282 04e5 15       		.byte	21
 1283 04e6 A2       		.byte	-94
 1284 04e7 20       		.byte	32
 1285 04e8 A4       		.byte	-92
 1286 04e9 0C       		.byte	12
 1287 04ea A6       		.byte	-90
 1288 04eb 71       		.byte	113
 1289 04ec AB       		.byte	-85
 1290 04ed 08       		.byte	8
 1291 04ee AC       		.byte	-84
 1292 04ef 10       		.byte	16
 1293 04f0 AD       		.byte	-83
 1294 04f1 20       		.byte	32
 1295 04f2 AE       		.byte	-82
 1296 04f3 40       		.byte	64
 1297 04f4 B0       		.byte	-80
 1298 04f5 1F       		.byte	31
 1299 04f6 B3       		.byte	-77
 1300 04f7 20       		.byte	32
 1301 04f8 B4       		.byte	-76
 1302 04f9 E0       		.byte	-32
 1303 04fa B5       		.byte	-75
 1304 04fb 0F       		.byte	15
 1305 04fc B7       		.byte	-73
 1306 04fd 10       		.byte	16
 1307 04fe BA       		.byte	-70
 1308 04ff 20       		.byte	32
 1309 0500 BB       		.byte	-69
 1310 0501 20       		.byte	32
 1311 0502 BF       		.byte	-65
ARM GAS  C:\Users\LIUX\AppData\Local\Temp\ccQjaUks.s 			page 24


 1312 0503 44       		.byte	68
 1313 0504 C0       		.byte	-64
 1314 0505 34       		.byte	52
 1315 0506 C1       		.byte	-63
 1316 0507 02       		.byte	2
 1317 0508 C5       		.byte	-59
 1318 0509 EB       		.byte	-21
 1319 050a C6       		.byte	-58
 1320 050b 0C       		.byte	12
 1321 050c C8       		.byte	-56
 1322 050d 07       		.byte	7
 1323 050e C9       		.byte	-55
 1324 050f FF       		.byte	-1
 1325 0510 CA       		.byte	-54
 1326 0511 FF       		.byte	-1
 1327 0512 CB       		.byte	-53
 1328 0513 FF       		.byte	-1
 1329 0514 CE       		.byte	-50
 1330 0515 F0       		.byte	-16
 1331 0516 CF       		.byte	-49
 1332 0517 44       		.byte	68
 1333 0518 D0       		.byte	-48
 1334 0519 0C       		.byte	12
 1335 051a D4       		.byte	-44
 1336 051b 01       		.byte	1
 1337 051c D8       		.byte	-40
 1338 051d 04       		.byte	4
 1339 051e D9       		.byte	-39
 1340 051f 04       		.byte	4
 1341 0520 DA       		.byte	-38
 1342 0521 04       		.byte	4
 1343 0522 DB       		.byte	-37
 1344 0523 04       		.byte	4
 1345 0524 DC       		.byte	-36
 1346 0525 22       		.byte	34
 1347 0526 DD       		.byte	-35
 1348 0527 22       		.byte	34
 1349 0528 DF       		.byte	-33
 1350 0529 01       		.byte	1
 1351 052a E6       		.byte	-26
 1352 052b C0       		.byte	-64
 1353 052c EA       		.byte	-22
 1354 052d 40       		.byte	64
 1355 052e EB       		.byte	-21
 1356 052f 02       		.byte	2
 1357 0530 00       		.byte	0
 1358 0531 44       		.byte	68
 1359 0532 02       		.byte	2
 1360 0533 40       		.byte	64
 1361 0534 03       		.byte	3
 1362 0535 48       		.byte	72
 1363 0536 04       		.byte	4
 1364 0537 40       		.byte	64
 1365 0538 05       		.byte	5
 1366 0539 05       		.byte	5
 1367 053a 07       		.byte	7
 1368 053b 04       		.byte	4
ARM GAS  C:\Users\LIUX\AppData\Local\Temp\ccQjaUks.s 			page 25


 1369 053c 08       		.byte	8
 1370 053d 20       		.byte	32
 1371 053e 0A       		.byte	10
 1372 053f 02       		.byte	2
 1373 0540 0B       		.byte	11
 1374 0541 20       		.byte	32
 1375 0542 0F       		.byte	15
 1376 0543 08       		.byte	8
 1377 0544 10       		.byte	16
 1378 0545 30       		.byte	48
 1379 0546 11       		.byte	17
 1380 0547 10       		.byte	16
 1381 0548 12       		.byte	18
 1382 0549 80       		.byte	-128
 1383 054a 15       		.byte	21
 1384 054b 04       		.byte	4
 1385 054c 17       		.byte	23
 1386 054d 42       		.byte	66
 1387 054e 18       		.byte	24
 1388 054f 42       		.byte	66
 1389 0550 19       		.byte	25
 1390 0551 46       		.byte	70
 1391 0552 1A       		.byte	26
 1392 0553 02       		.byte	2
 1393 0554 1B       		.byte	27
 1394 0555 08       		.byte	8
 1395 0556 1C       		.byte	28
 1396 0557 08       		.byte	8
 1397 0558 1D       		.byte	29
 1398 0559 21       		.byte	33
 1399 055a 1F       		.byte	31
 1400 055b 12       		.byte	18
 1401 055c 21       		.byte	33
 1402 055d 08       		.byte	8
 1403 055e 22       		.byte	34
 1404 055f 10       		.byte	16
 1405 0560 24       		.byte	36
 1406 0561 24       		.byte	36
 1407 0562 26       		.byte	38
 1408 0563 40       		.byte	64
 1409 0564 27       		.byte	39
 1410 0565 04       		.byte	4
 1411 0566 28       		.byte	40
 1412 0567 10       		.byte	16
 1413 0568 29       		.byte	41
 1414 0569 40       		.byte	64
 1415 056a 2F       		.byte	47
 1416 056b 0A       		.byte	10
 1417 056c 32       		.byte	50
 1418 056d 10       		.byte	16
 1419 056e 35       		.byte	53
 1420 056f 02       		.byte	2
 1421 0570 36       		.byte	54
 1422 0571 80       		.byte	-128
 1423 0572 37       		.byte	55
 1424 0573 04       		.byte	4
 1425 0574 39       		.byte	57
ARM GAS  C:\Users\LIUX\AppData\Local\Temp\ccQjaUks.s 			page 26


 1426 0575 90       		.byte	-112
 1427 0576 3A       		.byte	58
 1428 0577 02       		.byte	2
 1429 0578 3C       		.byte	60
 1430 0579 08       		.byte	8
 1431 057a 3D       		.byte	61
 1432 057b 04       		.byte	4
 1433 057c 3F       		.byte	63
 1434 057d 80       		.byte	-128
 1435 057e 45       		.byte	69
 1436 057f 20       		.byte	32
 1437 0580 47       		.byte	71
 1438 0581 06       		.byte	6
 1439 0582 4D       		.byte	77
 1440 0583 01       		.byte	1
 1441 0584 4F       		.byte	79
 1442 0585 08       		.byte	8
 1443 0586 54       		.byte	84
 1444 0587 40       		.byte	64
 1445 0588 57       		.byte	87
 1446 0589 40       		.byte	64
 1447 058a 5D       		.byte	93
 1448 058b 01       		.byte	1
 1449 058c 5E       		.byte	94
 1450 058d 80       		.byte	-128
 1451 058e 5F       		.byte	95
 1452 058f 28       		.byte	40
 1453 0590 88       		.byte	-120
 1454 0591 40       		.byte	64
 1455 0592 8B       		.byte	-117
 1456 0593 20       		.byte	32
 1457 0594 8C       		.byte	-116
 1458 0595 30       		.byte	48
 1459 0596 8E       		.byte	-114
 1460 0597 02       		.byte	2
 1461 0598 91       		.byte	-111
 1462 0599 90       		.byte	-112
 1463 059a 94       		.byte	-108
 1464 059b 42       		.byte	66
 1465 059c 95       		.byte	-107
 1466 059d 01       		.byte	1
 1467 059e 96       		.byte	-106
 1468 059f 20       		.byte	32
 1469 05a0 9A       		.byte	-102
 1470 05a1 40       		.byte	64
 1471 05a2 9B       		.byte	-101
 1472 05a3 0A       		.byte	10
 1473 05a4 9C       		.byte	-100
 1474 05a5 20       		.byte	32
 1475 05a6 9E       		.byte	-98
 1476 05a7 02       		.byte	2
 1477 05a8 9F       		.byte	-97
 1478 05a9 04       		.byte	4
 1479 05aa A0       		.byte	-96
 1480 05ab 20       		.byte	32
 1481 05ac A2       		.byte	-94
 1482 05ad 80       		.byte	-128
ARM GAS  C:\Users\LIUX\AppData\Local\Temp\ccQjaUks.s 			page 27


 1483 05ae A4       		.byte	-92
 1484 05af 04       		.byte	4
 1485 05b0 A5       		.byte	-91
 1486 05b1 08       		.byte	8
 1487 05b2 C0       		.byte	-64
 1488 05b3 FF       		.byte	-1
 1489 05b4 C2       		.byte	-62
 1490 05b5 47       		.byte	71
 1491 05b6 C4       		.byte	-60
 1492 05b7 BE       		.byte	-66
 1493 05b8 CA       		.byte	-54
 1494 05b9 3A       		.byte	58
 1495 05ba CC       		.byte	-52
 1496 05bb D4       		.byte	-44
 1497 05bc CE       		.byte	-50
 1498 05bd 5D       		.byte	93
 1499 05be D0       		.byte	-48
 1500 05bf E0       		.byte	-32
 1501 05c0 D6       		.byte	-42
 1502 05c1 F0       		.byte	-16
 1503 05c2 E0       		.byte	-32
 1504 05c3 08       		.byte	8
 1505 05c4 E4       		.byte	-28
 1506 05c5 01       		.byte	1
 1507 05c6 EA       		.byte	-22
 1508 05c7 09       		.byte	9
 1509 05c8 EC       		.byte	-20
 1510 05c9 10       		.byte	16
 1511 05ca 32       		.byte	50
 1512 05cb 20       		.byte	32
 1513 05cc 33       		.byte	51
 1514 05cd 08       		.byte	8
 1515 05ce 35       		.byte	53
 1516 05cf 80       		.byte	-128
 1517 05d0 37       		.byte	55
 1518 05d1 02       		.byte	2
 1519 05d2 3A       		.byte	58
 1520 05d3 20       		.byte	32
 1521 05d4 CC       		.byte	-52
 1522 05d5 F0       		.byte	-16
 1523 05d6 CE       		.byte	-50
 1524 05d7 10       		.byte	16
 1525 05d8 62       		.byte	98
 1526 05d9 08       		.byte	8
 1527 05da 67       		.byte	103
 1528 05db 08       		.byte	8
 1529 05dc 82       		.byte	-126
 1530 05dd 08       		.byte	8
 1531 05de 9D       		.byte	-99
 1532 05df 80       		.byte	-128
 1533 05e0 9E       		.byte	-98
 1534 05e1 20       		.byte	32
 1535 05e2 9F       		.byte	-97
 1536 05e3 02       		.byte	2
 1537 05e4 A6       		.byte	-90
 1538 05e5 20       		.byte	32
 1539 05e6 AF       		.byte	-81
ARM GAS  C:\Users\LIUX\AppData\Local\Temp\ccQjaUks.s 			page 28


 1540 05e7 08       		.byte	8
 1541 05e8 D8       		.byte	-40
 1542 05e9 C0       		.byte	-64
 1543 05ea E2       		.byte	-30
 1544 05eb 20       		.byte	32
 1545 05ec EE       		.byte	-18
 1546 05ed 40       		.byte	64
 1547 05ee 3E       		.byte	62
 1548 05ef 10       		.byte	16
 1549 05f0 85       		.byte	-123
 1550 05f1 80       		.byte	-128
 1551 05f2 9D       		.byte	-99
 1552 05f3 80       		.byte	-128
 1553 05f4 9E       		.byte	-98
 1554 05f5 20       		.byte	32
 1555 05f6 9F       		.byte	-97
 1556 05f7 02       		.byte	2
 1557 05f8 A6       		.byte	-90
 1558 05f9 20       		.byte	32
 1559 05fa AF       		.byte	-81
 1560 05fb 04       		.byte	4
 1561 05fc CE       		.byte	-50
 1562 05fd 20       		.byte	32
 1563 05fe E2       		.byte	-30
 1564 05ff 10       		.byte	16
 1565 0600 EE       		.byte	-18
 1566 0601 10       		.byte	16
 1567 0602 86       		.byte	-122
 1568 0603 20       		.byte	32
 1569 0604 96       		.byte	-106
 1570 0605 10       		.byte	16
 1571 0606 9E       		.byte	-98
 1572 0607 20       		.byte	32
 1573 0608 9F       		.byte	-97
 1574 0609 02       		.byte	2
 1575 060a A6       		.byte	-90
 1576 060b 20       		.byte	32
 1577 060c E6       		.byte	-26
 1578 060d 40       		.byte	64
 1579 060e 13       		.byte	19
 1580 060f 02       		.byte	2
 1581 0610 7D       		.byte	125
 1582 0611 20       		.byte	32
 1583 0612 C4       		.byte	-60
 1584 0613 08       		.byte	8
 1585 0614 DE       		.byte	-34
 1586 0615 01       		.byte	1
 1587 0616 01       		.byte	1
 1588 0617 28       		.byte	40
 1589 0618 57       		.byte	87
 1590 0619 04       		.byte	4
 1591 061a A5       		.byte	-91
 1592 061b 10       		.byte	16
 1593 061c AF       		.byte	-81
 1594 061d 02       		.byte	2
 1595 061e C0       		.byte	-64
 1596 061f 0A       		.byte	10
ARM GAS  C:\Users\LIUX\AppData\Local\Temp\ccQjaUks.s 			page 29


 1597 0620 D4       		.byte	-44
 1598 0621 02       		.byte	2
 1599 0622 45       		.byte	69
 1600 0623 08       		.byte	8
 1601 0624 8F       		.byte	-113
 1602 0625 04       		.byte	4
 1603 0626 99       		.byte	-103
 1604 0627 20       		.byte	32
 1605 0628 A5       		.byte	-91
 1606 0629 10       		.byte	16
 1607 062a A7       		.byte	-89
 1608 062b 04       		.byte	4
 1609 062c B5       		.byte	-75
 1610 062d 08       		.byte	8
 1611 062e D0       		.byte	-48
 1612 062f 01       		.byte	1
 1613 0630 E0       		.byte	-32
 1614 0631 02       		.byte	2
 1615 0632 EA       		.byte	-22
 1616 0633 02       		.byte	2
 1617 0634 81       		.byte	-127
 1618 0635 10       		.byte	16
 1619 0636 83       		.byte	-125
 1620 0637 04       		.byte	4
 1621 0638 99       		.byte	-103
 1622 0639 20       		.byte	32
 1623 063a A5       		.byte	-91
 1624 063b 18       		.byte	24
 1625 063c 25       		.byte	37
 1626 063d 10       		.byte	16
 1627 063e 82       		.byte	-126
 1628 063f 20       		.byte	32
 1629 0640 87       		.byte	-121
 1630 0641 02       		.byte	2
 1631 0642 8D       		.byte	-115
 1632 0643 08       		.byte	8
 1633 0644 96       		.byte	-106
 1634 0645 10       		.byte	16
 1635 0646 9E       		.byte	-98
 1636 0647 20       		.byte	32
 1637 0648 9F       		.byte	-97
 1638 0649 02       		.byte	2
 1639 064a C8       		.byte	-56
 1640 064b 20       		.byte	32
 1641 064c E2       		.byte	-30
 1642 064d 20       		.byte	32
 1643 064e E6       		.byte	-26
 1644 064f 40       		.byte	64
 1645 0650 12       		.byte	18
 1646 0651 20       		.byte	32
 1647 0652 16       		.byte	22
 1648 0653 40       		.byte	64
 1649 0654 71       		.byte	113
 1650 0655 08       		.byte	8
 1651 0656 7F       		.byte	127
 1652 0657 02       		.byte	2
 1653 0658 82       		.byte	-126
ARM GAS  C:\Users\LIUX\AppData\Local\Temp\ccQjaUks.s 			page 30


 1654 0659 20       		.byte	32
 1655 065a 86       		.byte	-122
 1656 065b 40       		.byte	64
 1657 065c A1       		.byte	-95
 1658 065d 08       		.byte	8
 1659 065e A3       		.byte	-93
 1660 065f 02       		.byte	2
 1661 0660 AA       		.byte	-86
 1662 0661 10       		.byte	16
 1663 0662 AF       		.byte	-81
 1664 0663 02       		.byte	2
 1665 0664 B5       		.byte	-75
 1666 0665 10       		.byte	16
 1667 0666 C4       		.byte	-60
 1668 0667 30       		.byte	48
 1669 0668 DC       		.byte	-36
 1670 0669 80       		.byte	-128
 1671 066a DE       		.byte	-34
 1672 066b 20       		.byte	32
 1673 066c E0       		.byte	-32
 1674 066d 10       		.byte	16
 1675 066e E4       		.byte	-28
 1676 066f 80       		.byte	-128
 1677 0670 EA       		.byte	-22
 1678 0671 90       		.byte	-112
 1679 0672 13       		.byte	19
 1680 0673 21       		.byte	33
 1681 0674 17       		.byte	23
 1682 0675 08       		.byte	8
 1683 0676 63       		.byte	99
 1684 0677 08       		.byte	8
 1685 0678 7B       		.byte	123
 1686 0679 10       		.byte	16
 1687 067a 7F       		.byte	127
 1688 067b 40       		.byte	64
 1689 067c 8F       		.byte	-113
 1690 067d 01       		.byte	1
 1691 067e A3       		.byte	-93
 1692 067f 04       		.byte	4
 1693 0680 A5       		.byte	-91
 1694 0681 08       		.byte	8
 1695 0682 B1       		.byte	-79
 1696 0683 20       		.byte	32
 1697 0684 C4       		.byte	-60
 1698 0685 0E       		.byte	14
 1699 0686 D8       		.byte	-40
 1700 0687 02       		.byte	2
 1701 0688 DE       		.byte	-34
 1702 0689 03       		.byte	3
 1703 068a E6       		.byte	-26
 1704 068b 08       		.byte	8
 1705 068c EA       		.byte	-22
 1706 068d 04       		.byte	4
 1707 068e 12       		.byte	18
 1708 068f 80       		.byte	-128
 1709 0690 77       		.byte	119
 1710 0691 10       		.byte	16
ARM GAS  C:\Users\LIUX\AppData\Local\Temp\ccQjaUks.s 			page 31


 1711 0692 83       		.byte	-125
 1712 0693 10       		.byte	16
 1713 0694 87       		.byte	-121
 1714 0695 40       		.byte	64
 1715 0696 8E       		.byte	-114
 1716 0697 80       		.byte	-128
 1717 0698 8F       		.byte	-113
 1718 0699 10       		.byte	16
 1719 069a 97       		.byte	-105
 1720 069b 80       		.byte	-128
 1721 069c A7       		.byte	-89
 1722 069d 10       		.byte	16
 1723 069e AB       		.byte	-85
 1724 069f 20       		.byte	32
 1725 06a0 AF       		.byte	-81
 1726 06a1 08       		.byte	8
 1727 06a2 B5       		.byte	-75
 1728 06a3 08       		.byte	8
 1729 06a4 C4       		.byte	-60
 1730 06a5 08       		.byte	8
 1731 06a6 DE       		.byte	-34
 1732 06a7 04       		.byte	4
 1733 06a8 E2       		.byte	-30
 1734 06a9 02       		.byte	2
 1735 06aa E4       		.byte	-28
 1736 06ab 02       		.byte	2
 1737 06ac EC       		.byte	-20
 1738 06ad 08       		.byte	8
 1739 06ae 00       		.byte	0
 1740 06af 0E       		.byte	14
 1741 06b0 0C       		.byte	12
 1742 06b1 0E       		.byte	14
 1743 06b2 0E       		.byte	14
 1744 06b3 0A       		.byte	10
 1745 06b4 10       		.byte	16
 1746 06b5 16       		.byte	22
 1747 06b6 1C       		.byte	28
 1748 06b7 16       		.byte	22
 1749 06b8 00       		.byte	0
 1750 06b9 FF       		.byte	-1
 1751 06ba 01       		.byte	1
 1752 06bb 03       		.byte	3
 1753 06bc 03       		.byte	3
 1754 06bd C0       		.byte	-64
 1755 06be 00       		.byte	0
 1756 06bf 00       		.byte	0
 1757 06c0 82       		.byte	-126
 1758 06c1 80       		.byte	-128
 1759 06c2 00       		.byte	0
 1760 06c3 00       		.byte	0
 1761 06c4 43       		.byte	67
 1762 06c5 00       		.byte	0
 1763 06c6 00       		.byte	0
 1764 06c7 00       		.byte	0
 1765 06c8 00       		.byte	0
 1766 06c9 20       		.byte	32
 1767 06ca 00       		.byte	0
ARM GAS  C:\Users\LIUX\AppData\Local\Temp\ccQjaUks.s 			page 32


 1768 06cb 00       		.byte	0
 1769 06cc 3C       		.byte	60
 1770 06cd 0C       		.byte	12
 1771 06ce 42       		.byte	66
 1772 06cf 00       		.byte	0
 1773 06d0 00       		.byte	0
 1774 06d1 04       		.byte	4
 1775 06d2 04       		.byte	4
 1776 06d3 00       		.byte	0
 1777 06d4 67       		.byte	103
 1778 06d5 3F       		.byte	63
 1779 06d6 18       		.byte	24
 1780 06d7 00       		.byte	0
 1781 06d8 7F       		.byte	127
 1782 06d9 33       		.byte	51
 1783 06da 00       		.byte	0
 1784 06db 0C       		.byte	12
 1785 06dc 00       		.byte	0
 1786 06dd 00       		.byte	0
 1787 06de 43       		.byte	67
 1788 06df 32       		.byte	50
 1789 06e0 04       		.byte	4
 1790 06e1 30       		.byte	48
 1791 06e2 00       		.byte	0
 1792 06e3 00       		.byte	0
 1793 06e4 3C       		.byte	60
 1794 06e5 0C       		.byte	12
 1795 06e6 41       		.byte	65
 1796 06e7 33       		.byte	51
 1797 06e8 10       		.byte	16
 1798 06e9 10       		.byte	16
 1799 06ea 00       		.byte	0
 1800 06eb 00       		.byte	0
 1801 06ec 08       		.byte	8
 1802 06ed 00       		.byte	0
 1803 06ee 00       		.byte	0
 1804 06ef 00       		.byte	0
 1805 06f0 18       		.byte	24
 1806 06f1 0E       		.byte	14
 1807 06f2 00       		.byte	0
 1808 06f3 31       		.byte	49
 1809 06f4 00       		.byte	0
 1810 06f5 08       		.byte	8
 1811 06f6 00       		.byte	0
 1812 06f7 00       		.byte	0
 1813 06f8 00       		.byte	0
 1814 06f9 30       		.byte	48
 1815 06fa 20       		.byte	32
 1816 06fb 0E       		.byte	14
 1817 06fc 1F       		.byte	31
 1818 06fd 01       		.byte	1
 1819 06fe 58       		.byte	88
 1820 06ff 00       		.byte	0
 1821 0700 00       		.byte	0
 1822 0701 20       		.byte	32
 1823 0702 A2       		.byte	-94
 1824 0703 00       		.byte	0
ARM GAS  C:\Users\LIUX\AppData\Local\Temp\ccQjaUks.s 			page 33


 1825 0704 00       		.byte	0
 1826 0705 00       		.byte	0
 1827 0706 04       		.byte	4
 1828 0707 00       		.byte	0
 1829 0708 10       		.byte	16
 1830 0709 03       		.byte	3
 1831 070a 00       		.byte	0
 1832 070b 00       		.byte	0
 1833 070c 00       		.byte	0
 1834 070d D1       		.byte	-47
 1835 070e 05       		.byte	5
 1836 070f 02       		.byte	2
 1837 0710 17       		.byte	23
 1838 0711 FF       		.byte	-1
 1839 0712 FF       		.byte	-1
 1840 0713 FF       		.byte	-1
 1841 0714 00       		.byte	0
 1842 0715 AF       		.byte	-81
 1843 0716 0F       		.byte	15
 1844 0717 04       		.byte	4
 1845 0718 18       		.byte	24
 1846 0719 00       		.byte	0
 1847 071a 00       		.byte	0
 1848 071b 00       		.byte	0
 1849 071c 00       		.byte	0
 1850 071d 00       		.byte	0
 1851 071e 02       		.byte	2
 1852 071f 12       		.byte	18
 1853 0720 04       		.byte	4
 1854 0721 04       		.byte	4
 1855 0722 04       		.byte	4
 1856 0723 04       		.byte	4
 1857 0724 22       		.byte	34
 1858 0725 23       		.byte	35
 1859 0726 00       		.byte	0
 1860 0727 01       		.byte	1
 1861 0728 40       		.byte	64
 1862 0729 00       		.byte	0
 1863 072a C0       		.byte	-64
 1864 072b 00       		.byte	0
 1865 072c 40       		.byte	64
 1866 072d 40       		.byte	64
 1867 072e C0       		.byte	-64
 1868 072f 00       		.byte	0
 1869 0730 C0       		.byte	-64
 1870 0731 00       		.byte	0
 1871 0732 C0       		.byte	-64
 1872 0733 00       		.byte	0
 1873 0734 C0       		.byte	-64
 1874 0735 00       		.byte	0
 1875 0736 C0       		.byte	-64
 1876 0737 00       		.byte	0
 1877 0738 00       		.byte	0
 1878 0739 00       		.byte	0
 1879 073a 00       		.byte	0
 1880 073b 00       		.byte	0
 1881 073c 00       		.byte	0
ARM GAS  C:\Users\LIUX\AppData\Local\Temp\ccQjaUks.s 			page 34


 1882 073d 00       		.byte	0
 1883 073e 00       		.byte	0
 1884 073f 00       		.byte	0
 1885 0740 00       		.byte	0
 1886 0741 00       		.byte	0
 1887 0742 00       		.byte	0
 1888 0743 00       		.byte	0
 1889 0744 00       		.byte	0
 1890 0745 00       		.byte	0
 1891 0746 00       		.byte	0
 1892 0747 00       		.byte	0
 1893 0748 00       		.byte	0
 1894 0749 02       		.byte	2
 1895 074a 10       		.byte	16
 1896 074b 40       		.byte	64
 1897 074c C0       		.byte	-64
 1898 074d 0C       		.byte	12
 1899 074e 00       		.byte	0
 1900 074f 00       		.byte	0
 1901 0750 C0       		.byte	-64
 1902 0751 04       		.byte	4
 1903 0752 00       		.byte	0
 1904 0753 00       		.byte	0
 1905 0754 80       		.byte	-128
 1906 0755 03       		.byte	3
 1907 0756 00       		.byte	0
 1908 0757 0C       		.byte	12
 1909 0758 02       		.byte	2
 1910 0759 00       		.byte	0
 1911 075a 0D       		.byte	13
 1912 075b 00       		.byte	0
 1913 075c 09       		.byte	9
 1914 075d 00       		.byte	0
 1915 075e 06       		.byte	6
 1916 075f 03       		.byte	3
 1917 0760 00       		.byte	0
 1918 0761 03       		.byte	3
 1919 0762 10       		.byte	16
 1920 0763 20       		.byte	32
 1921 0764 00       		.byte	0
 1922 0765 08       		.byte	8
 1923 0766 20       		.byte	32
 1924 0767 00       		.byte	0
 1925 0768 00       		.byte	0
 1926 0769 0F       		.byte	15
 1927 076a 40       		.byte	64
 1928 076b 00       		.byte	0
 1929 076c 05       		.byte	5
 1930 076d 01       		.byte	1
 1931 076e 0A       		.byte	10
 1932 076f 50       		.byte	80
 1933 0770 00       		.byte	0
 1934 0771 0C       		.byte	12
 1935 0772 20       		.byte	32
 1936 0773 03       		.byte	3
 1937 0774 03       		.byte	3
 1938 0775 0F       		.byte	15
ARM GAS  C:\Users\LIUX\AppData\Local\Temp\ccQjaUks.s 			page 35


 1939 0776 0C       		.byte	12
 1940 0777 00       		.byte	0
 1941 0778 0F       		.byte	15
 1942 0779 0F       		.byte	15
 1943 077a C0       		.byte	-64
 1944 077b 10       		.byte	16
 1945 077c 10       		.byte	16
 1946 077d 00       		.byte	0
 1947 077e 20       		.byte	32
 1948 077f 60       		.byte	96
 1949 0780 08       		.byte	8
 1950 0781 00       		.byte	0
 1951 0782 02       		.byte	2
 1952 0783 02       		.byte	2
 1953 0784 00       		.byte	0
 1954 0785 00       		.byte	0
 1955 0786 54       		.byte	84
 1956 0787 40       		.byte	64
 1957 0788 43       		.byte	67
 1958 0789 05       		.byte	5
 1959 078a 06       		.byte	6
 1960 078b 00       		.byte	0
 1961 078c 01       		.byte	1
 1962 078d E0       		.byte	-32
 1963 078e 0C       		.byte	12
 1964 078f 00       		.byte	0
 1965 0790 06       		.byte	6
 1966 0791 FF       		.byte	-1
 1967 0792 FF       		.byte	-1
 1968 0793 FF       		.byte	-1
 1969 0794 62       		.byte	98
 1970 0795 A0       		.byte	-96
 1971 0796 F0       		.byte	-16
 1972 0797 41       		.byte	65
 1973 0798 0C       		.byte	12
 1974 0799 00       		.byte	0
 1975 079a 00       		.byte	0
 1976 079b 00       		.byte	0
 1977 079c 18       		.byte	24
 1978 079d 00       		.byte	0
 1979 079e 04       		.byte	4
 1980 079f 00       		.byte	0
 1981 07a0 04       		.byte	4
 1982 07a1 04       		.byte	4
 1983 07a2 04       		.byte	4
 1984 07a3 04       		.byte	4
 1985 07a4 21       		.byte	33
 1986 07a5 22       		.byte	34
 1987 07a6 00       		.byte	0
 1988 07a7 01       		.byte	1
 1989 07a8 00       		.byte	0
 1990 07a9 00       		.byte	0
 1991 07aa 00       		.byte	0
 1992 07ab 00       		.byte	0
 1993 07ac 00       		.byte	0
 1994 07ad 00       		.byte	0
 1995 07ae 40       		.byte	64
ARM GAS  C:\Users\LIUX\AppData\Local\Temp\ccQjaUks.s 			page 36


 1996 07af 02       		.byte	2
 1997 07b0 00       		.byte	0
 1998 07b1 10       		.byte	16
 1999 07b2 30       		.byte	48
 2000 07b3 10       		.byte	16
 2001 07b4 00       		.byte	0
 2002 07b5 10       		.byte	16
 2003 07b6 10       		.byte	16
 2004 07b7 12       		.byte	18
 2005 07b8 00       		.byte	0
 2006 07b9 00       		.byte	0
 2007 07ba 00       		.byte	0
 2008 07bb 00       		.byte	0
 2009 07bc 00       		.byte	0
 2010 07bd 00       		.byte	0
 2011 07be 00       		.byte	0
 2012 07bf 00       		.byte	0
 2013 07c0 00       		.byte	0
 2014 07c1 00       		.byte	0
 2015 07c2 00       		.byte	0
 2016 07c3 00       		.byte	0
 2017 07c4 00       		.byte	0
 2018 07c5 00       		.byte	0
 2019 07c6 00       		.byte	0
 2020 07c7 00       		.byte	0
 2021 07c8 00       		.byte	0
 2022 07c9 60       		.byte	96
 2023 07ca 60       		.byte	96
 2024 07cb 00       		.byte	0
 2025 07cc 60       		.byte	96
 2026 07cd 00       		.byte	0
 2027 07ce 00       		.byte	0
 2028 07cf 00       		.byte	0
 2029 07d0 83       		.byte	-125
 2030 07d1 00       		.byte	0
 2031 07d2 50       		.byte	80
 2032 07d3 80       		.byte	-128
 2033 07d4 83       		.byte	-125
 2034 07d5 00       		.byte	0
 2035 07d6 83       		.byte	-125
 2036 07d7 00       		.byte	0
 2037 07d8 00       		.byte	0
 2038 07d9 00       		.byte	0
 2039 07da 00       		.byte	0
 2040 07db 00       		.byte	0
 2041 07dc 40       		.byte	64
 2042 07dd 00       		.byte	0
 2043 07de 00       		.byte	0
 2044 07df 4B       		.byte	75
 2045 07e0 4B       		.byte	75
 2046 07e1 00       		.byte	0
 2047 07e2 40       		.byte	64
 2048 07e3 00       		.byte	0
 2049 07e4 00       		.byte	0
 2050 07e5 00       		.byte	0
 2051 07e6 00       		.byte	0
 2052 07e7 00       		.byte	0
ARM GAS  C:\Users\LIUX\AppData\Local\Temp\ccQjaUks.s 			page 37


 2053 07e8 16       		.byte	22
 2054 07e9 00       		.byte	0
 2055 07ea 01       		.byte	1
 2056 07eb 16       		.byte	22
 2057 07ec 12       		.byte	18
 2058 07ed 00       		.byte	0
 2059 07ee 02       		.byte	2
 2060 07ef 00       		.byte	0
 2061 07f0 00       		.byte	0
 2062 07f1 00       		.byte	0
 2063 07f2 00       		.byte	0
 2064 07f3 00       		.byte	0
 2065 07f4 00       		.byte	0
 2066 07f5 00       		.byte	0
 2067 07f6 00       		.byte	0
 2068 07f7 00       		.byte	0
 2069 07f8 00       		.byte	0
 2070 07f9 00       		.byte	0
 2071 07fa 0C       		.byte	12
 2072 07fb 00       		.byte	0
 2073 07fc 25       		.byte	37
 2074 07fd 00       		.byte	0
 2075 07fe 18       		.byte	24
 2076 07ff 01       		.byte	1
 2077              		.section	.cywolatch,"a",%progbits
 2078              		.align	2
 2079              		.type	cy_meta_wonvl, %object
 2080              		.size	cy_meta_wonvl, 4
 2081              	cy_meta_wonvl:
 2082 0000 BC       		.byte	-68
 2083 0001 90       		.byte	-112
 2084 0002 AC       		.byte	-84
 2085 0003 AF       		.byte	-81
 2086              		.section	.cycustnvl,"a",%progbits
 2087              		.align	2
 2088              		.type	cy_meta_custnvl, %object
 2089              		.size	cy_meta_custnvl, 4
 2090              	cy_meta_custnvl:
 2091 0000 00       		.byte	0
 2092 0001 00       		.byte	0
 2093 0002 40       		.byte	64
 2094 0003 05       		.byte	5
 2095              		.section	.cymeta,"a",%progbits
 2096              		.align	2
 2097              		.type	cy_metadata, %object
 2098              		.size	cy_metadata, 12
 2099              	cy_metadata:
 2100 0000 00       		.byte	0
 2101 0001 01       		.byte	1
 2102 0002 2E       		.byte	46
 2103 0003 16       		.byte	22
 2104 0004 10       		.byte	16
 2105 0005 69       		.byte	105
 2106 0006 00       		.byte	0
 2107 0007 01       		.byte	1
 2108 0008 00       		.byte	0
 2109 0009 00       		.byte	0
ARM GAS  C:\Users\LIUX\AppData\Local\Temp\ccQjaUks.s 			page 38


 2110 000a 00       		.byte	0
 2111 000b 00       		.byte	0
 2112              		.section	.cyflashprotect,"a",%progbits
 2113              		.align	2
 2114              		.type	cy_meta_flashprotect, %object
 2115              		.size	cy_meta_flashprotect, 256
 2116              	cy_meta_flashprotect:
 2117 0000 00000000 		.space	256
 2117      00000000 
 2117      00000000 
 2117      00000000 
 2117      00000000 
 2118              		.text
 2119              	.Letext0:
 2120              		.file 1 "c:\\program files\\cypress\\psoc creator\\4.3\\psoc creator\\import\\gnu\\arm\\5.4.1\\arm
 2121              		.file 2 "c:\\program files\\cypress\\psoc creator\\4.3\\psoc creator\\import\\gnu\\arm\\5.4.1\\arm
 2122              		.file 3 "Generated_Source\\PSoC5\\cymetadata.c"
 2123              		.section	.debug_info,"",%progbits
 2124              	.Ldebug_info0:
 2125 0000 35010000 		.4byte	0x135
 2126 0004 0400     		.2byte	0x4
 2127 0006 00000000 		.4byte	.Ldebug_abbrev0
 2128 000a 04       		.byte	0x4
 2129 000b 01       		.uleb128 0x1
 2130 000c 7A000000 		.4byte	.LASF17
 2131 0010 0C       		.byte	0xc
 2132 0011 D4010000 		.4byte	.LASF18
 2133 0015 0A000000 		.4byte	.LASF19
 2134 0019 00000000 		.4byte	.Ldebug_line0
 2135 001d 02       		.uleb128 0x2
 2136 001e 01       		.byte	0x1
 2137 001f 06       		.byte	0x6
 2138 0020 C8010000 		.4byte	.LASF0
 2139 0024 03       		.uleb128 0x3
 2140 0025 00000000 		.4byte	.LASF9
 2141 0029 01       		.byte	0x1
 2142 002a 1D       		.byte	0x1d
 2143 002b 2F000000 		.4byte	0x2f
 2144 002f 02       		.uleb128 0x2
 2145 0030 01       		.byte	0x1
 2146 0031 08       		.byte	0x8
 2147 0032 6C000000 		.4byte	.LASF1
 2148 0036 02       		.uleb128 0x2
 2149 0037 02       		.byte	0x2
 2150 0038 05       		.byte	0x5
 2151 0039 B5010000 		.4byte	.LASF2
 2152 003d 02       		.uleb128 0x2
 2153 003e 02       		.byte	0x2
 2154 003f 07       		.byte	0x7
 2155 0040 1A010000 		.4byte	.LASF3
 2156 0044 02       		.uleb128 0x2
 2157 0045 04       		.byte	0x4
 2158 0046 05       		.byte	0x5
 2159 0047 BF010000 		.4byte	.LASF4
 2160 004b 02       		.uleb128 0x2
 2161 004c 04       		.byte	0x4
 2162 004d 07       		.byte	0x7
ARM GAS  C:\Users\LIUX\AppData\Local\Temp\ccQjaUks.s 			page 39


 2163 004e 08010000 		.4byte	.LASF5
 2164 0052 02       		.uleb128 0x2
 2165 0053 08       		.byte	0x8
 2166 0054 05       		.byte	0x5
 2167 0055 A7010000 		.4byte	.LASF6
 2168 0059 02       		.uleb128 0x2
 2169 005a 08       		.byte	0x8
 2170 005b 07       		.byte	0x7
 2171 005c 5C010000 		.4byte	.LASF7
 2172 0060 04       		.uleb128 0x4
 2173 0061 04       		.byte	0x4
 2174 0062 05       		.byte	0x5
 2175 0063 696E7400 		.ascii	"int\000"
 2176 0067 02       		.uleb128 0x2
 2177 0068 04       		.byte	0x4
 2178 0069 07       		.byte	0x7
 2179 006a 4F010000 		.4byte	.LASF8
 2180 006e 03       		.uleb128 0x3
 2181 006f 73010000 		.4byte	.LASF10
 2182 0073 02       		.byte	0x2
 2183 0074 18       		.byte	0x18
 2184 0075 24000000 		.4byte	0x24
 2185 0079 05       		.uleb128 0x5
 2186 007a 91000000 		.4byte	0x91
 2187 007e 8A000000 		.4byte	0x8a
 2188 0082 06       		.uleb128 0x6
 2189 0083 8A000000 		.4byte	0x8a
 2190 0087 FF07     		.2byte	0x7ff
 2191 0089 00       		.byte	0
 2192 008a 02       		.uleb128 0x2
 2193 008b 04       		.byte	0x4
 2194 008c 07       		.byte	0x7
 2195 008d 9E010000 		.4byte	.LASF11
 2196 0091 07       		.uleb128 0x7
 2197 0092 6E000000 		.4byte	0x6e
 2198 0096 08       		.uleb128 0x8
 2199 0097 3D010000 		.4byte	.LASF12
 2200 009b 03       		.byte	0x3
 2201 009c 1F       		.byte	0x1f
 2202 009d A7000000 		.4byte	0xa7
 2203 00a1 05       		.uleb128 0x5
 2204 00a2 03       		.byte	0x3
 2205 00a3 00000000 		.4byte	cy_meta_configecc
 2206 00a7 07       		.uleb128 0x7
 2207 00a8 79000000 		.4byte	0x79
 2208 00ac 05       		.uleb128 0x5
 2209 00ad 91000000 		.4byte	0x91
 2210 00b1 BC000000 		.4byte	0xbc
 2211 00b5 09       		.uleb128 0x9
 2212 00b6 8A000000 		.4byte	0x8a
 2213 00ba 03       		.byte	0x3
 2214 00bb 00       		.byte	0
 2215 00bc 0A       		.uleb128 0xa
 2216 00bd 2D010000 		.4byte	.LASF13
 2217 00c1 03       		.byte	0x3
 2218 00c2 2C01     		.2byte	0x12c
 2219 00c4 CE000000 		.4byte	0xce
ARM GAS  C:\Users\LIUX\AppData\Local\Temp\ccQjaUks.s 			page 40


 2220 00c8 05       		.uleb128 0x5
 2221 00c9 03       		.byte	0x3
 2222 00ca 00000000 		.4byte	cy_meta_custnvl
 2223 00ce 07       		.uleb128 0x7
 2224 00cf AC000000 		.4byte	0xac
 2225 00d3 0A       		.uleb128 0xa
 2226 00d4 90010000 		.4byte	.LASF14
 2227 00d8 03       		.byte	0x3
 2228 00d9 3A01     		.2byte	0x13a
 2229 00db E5000000 		.4byte	0xe5
 2230 00df 05       		.uleb128 0x5
 2231 00e0 03       		.byte	0x3
 2232 00e1 00000000 		.4byte	cy_meta_wonvl
 2233 00e5 07       		.uleb128 0x7
 2234 00e6 AC000000 		.4byte	0xac
 2235 00ea 05       		.uleb128 0x5
 2236 00eb 91000000 		.4byte	0x91
 2237 00ef FA000000 		.4byte	0xfa
 2238 00f3 09       		.uleb128 0x9
 2239 00f4 8A000000 		.4byte	0x8a
 2240 00f8 FF       		.byte	0xff
 2241 00f9 00       		.byte	0
 2242 00fa 0A       		.uleb128 0xa
 2243 00fb 7B010000 		.4byte	.LASF15
 2244 00ff 03       		.byte	0x3
 2245 0100 4801     		.2byte	0x148
 2246 0102 0C010000 		.4byte	0x10c
 2247 0106 05       		.uleb128 0x5
 2248 0107 03       		.byte	0x3
 2249 0108 00000000 		.4byte	cy_meta_flashprotect
 2250 010c 07       		.uleb128 0x7
 2251 010d EA000000 		.4byte	0xea
 2252 0111 05       		.uleb128 0x5
 2253 0112 91000000 		.4byte	0x91
 2254 0116 21010000 		.4byte	0x121
 2255 011a 09       		.uleb128 0x9
 2256 011b 8A000000 		.4byte	0x8a
 2257 011f 0B       		.byte	0xb
 2258 0120 00       		.byte	0
 2259 0121 0A       		.uleb128 0xa
 2260 0122 60000000 		.4byte	.LASF16
 2261 0126 03       		.byte	0x3
 2262 0127 7501     		.2byte	0x175
 2263 0129 33010000 		.4byte	0x133
 2264 012d 05       		.uleb128 0x5
 2265 012e 03       		.byte	0x3
 2266 012f 00000000 		.4byte	cy_metadata
 2267 0133 07       		.uleb128 0x7
 2268 0134 11010000 		.4byte	0x111
 2269 0138 00       		.byte	0
 2270              		.section	.debug_abbrev,"",%progbits
 2271              	.Ldebug_abbrev0:
 2272 0000 01       		.uleb128 0x1
 2273 0001 11       		.uleb128 0x11
 2274 0002 01       		.byte	0x1
 2275 0003 25       		.uleb128 0x25
 2276 0004 0E       		.uleb128 0xe
ARM GAS  C:\Users\LIUX\AppData\Local\Temp\ccQjaUks.s 			page 41


 2277 0005 13       		.uleb128 0x13
 2278 0006 0B       		.uleb128 0xb
 2279 0007 03       		.uleb128 0x3
 2280 0008 0E       		.uleb128 0xe
 2281 0009 1B       		.uleb128 0x1b
 2282 000a 0E       		.uleb128 0xe
 2283 000b 10       		.uleb128 0x10
 2284 000c 17       		.uleb128 0x17
 2285 000d 00       		.byte	0
 2286 000e 00       		.byte	0
 2287 000f 02       		.uleb128 0x2
 2288 0010 24       		.uleb128 0x24
 2289 0011 00       		.byte	0
 2290 0012 0B       		.uleb128 0xb
 2291 0013 0B       		.uleb128 0xb
 2292 0014 3E       		.uleb128 0x3e
 2293 0015 0B       		.uleb128 0xb
 2294 0016 03       		.uleb128 0x3
 2295 0017 0E       		.uleb128 0xe
 2296 0018 00       		.byte	0
 2297 0019 00       		.byte	0
 2298 001a 03       		.uleb128 0x3
 2299 001b 16       		.uleb128 0x16
 2300 001c 00       		.byte	0
 2301 001d 03       		.uleb128 0x3
 2302 001e 0E       		.uleb128 0xe
 2303 001f 3A       		.uleb128 0x3a
 2304 0020 0B       		.uleb128 0xb
 2305 0021 3B       		.uleb128 0x3b
 2306 0022 0B       		.uleb128 0xb
 2307 0023 49       		.uleb128 0x49
 2308 0024 13       		.uleb128 0x13
 2309 0025 00       		.byte	0
 2310 0026 00       		.byte	0
 2311 0027 04       		.uleb128 0x4
 2312 0028 24       		.uleb128 0x24
 2313 0029 00       		.byte	0
 2314 002a 0B       		.uleb128 0xb
 2315 002b 0B       		.uleb128 0xb
 2316 002c 3E       		.uleb128 0x3e
 2317 002d 0B       		.uleb128 0xb
 2318 002e 03       		.uleb128 0x3
 2319 002f 08       		.uleb128 0x8
 2320 0030 00       		.byte	0
 2321 0031 00       		.byte	0
 2322 0032 05       		.uleb128 0x5
 2323 0033 01       		.uleb128 0x1
 2324 0034 01       		.byte	0x1
 2325 0035 49       		.uleb128 0x49
 2326 0036 13       		.uleb128 0x13
 2327 0037 01       		.uleb128 0x1
 2328 0038 13       		.uleb128 0x13
 2329 0039 00       		.byte	0
 2330 003a 00       		.byte	0
 2331 003b 06       		.uleb128 0x6
 2332 003c 21       		.uleb128 0x21
 2333 003d 00       		.byte	0
ARM GAS  C:\Users\LIUX\AppData\Local\Temp\ccQjaUks.s 			page 42


 2334 003e 49       		.uleb128 0x49
 2335 003f 13       		.uleb128 0x13
 2336 0040 2F       		.uleb128 0x2f
 2337 0041 05       		.uleb128 0x5
 2338 0042 00       		.byte	0
 2339 0043 00       		.byte	0
 2340 0044 07       		.uleb128 0x7
 2341 0045 26       		.uleb128 0x26
 2342 0046 00       		.byte	0
 2343 0047 49       		.uleb128 0x49
 2344 0048 13       		.uleb128 0x13
 2345 0049 00       		.byte	0
 2346 004a 00       		.byte	0
 2347 004b 08       		.uleb128 0x8
 2348 004c 34       		.uleb128 0x34
 2349 004d 00       		.byte	0
 2350 004e 03       		.uleb128 0x3
 2351 004f 0E       		.uleb128 0xe
 2352 0050 3A       		.uleb128 0x3a
 2353 0051 0B       		.uleb128 0xb
 2354 0052 3B       		.uleb128 0x3b
 2355 0053 0B       		.uleb128 0xb
 2356 0054 49       		.uleb128 0x49
 2357 0055 13       		.uleb128 0x13
 2358 0056 3F       		.uleb128 0x3f
 2359 0057 19       		.uleb128 0x19
 2360 0058 02       		.uleb128 0x2
 2361 0059 18       		.uleb128 0x18
 2362 005a 00       		.byte	0
 2363 005b 00       		.byte	0
 2364 005c 09       		.uleb128 0x9
 2365 005d 21       		.uleb128 0x21
 2366 005e 00       		.byte	0
 2367 005f 49       		.uleb128 0x49
 2368 0060 13       		.uleb128 0x13
 2369 0061 2F       		.uleb128 0x2f
 2370 0062 0B       		.uleb128 0xb
 2371 0063 00       		.byte	0
 2372 0064 00       		.byte	0
 2373 0065 0A       		.uleb128 0xa
 2374 0066 34       		.uleb128 0x34
 2375 0067 00       		.byte	0
 2376 0068 03       		.uleb128 0x3
 2377 0069 0E       		.uleb128 0xe
 2378 006a 3A       		.uleb128 0x3a
 2379 006b 0B       		.uleb128 0xb
 2380 006c 3B       		.uleb128 0x3b
 2381 006d 05       		.uleb128 0x5
 2382 006e 49       		.uleb128 0x49
 2383 006f 13       		.uleb128 0x13
 2384 0070 3F       		.uleb128 0x3f
 2385 0071 19       		.uleb128 0x19
 2386 0072 02       		.uleb128 0x2
 2387 0073 18       		.uleb128 0x18
 2388 0074 00       		.byte	0
 2389 0075 00       		.byte	0
 2390 0076 00       		.byte	0
ARM GAS  C:\Users\LIUX\AppData\Local\Temp\ccQjaUks.s 			page 43


 2391              		.section	.debug_aranges,"",%progbits
 2392 0000 14000000 		.4byte	0x14
 2393 0004 0200     		.2byte	0x2
 2394 0006 00000000 		.4byte	.Ldebug_info0
 2395 000a 04       		.byte	0x4
 2396 000b 00       		.byte	0
 2397 000c 0000     		.2byte	0
 2398 000e 0000     		.2byte	0
 2399 0010 00000000 		.4byte	0
 2400 0014 00000000 		.4byte	0
 2401              		.section	.debug_line,"",%progbits
 2402              	.Ldebug_line0:
 2403 0000 31010000 		.section	.debug_str,"MS",%progbits,1
 2403      02002B01 
 2403      00000201 
 2403      FB0E0D00 
 2403      01010101 
 2404              	.LASF9:
 2405 0000 5F5F7569 		.ascii	"__uint8_t\000"
 2405      6E74385F 
 2405      7400
 2406              	.LASF19:
 2407 000a 433A5C55 		.ascii	"C:\\Users\\LIUX\\Desktop\\PROGETTI_COMPLETI\\ASSIGN"
 2407      73657273 
 2407      5C4C4955 
 2407      585C4465 
 2407      736B746F 
 2408 0038 4D454E54 		.ascii	"MENT_finale_4\\ASSIGNMENT_finale_4.cydsn\000"
 2408      5F66696E 
 2408      616C655F 
 2408      345C4153 
 2408      5349474E 
 2409              	.LASF16:
 2410 0060 63795F6D 		.ascii	"cy_metadata\000"
 2410      65746164 
 2410      61746100 
 2411              	.LASF1:
 2412 006c 756E7369 		.ascii	"unsigned char\000"
 2412      676E6564 
 2412      20636861 
 2412      7200
 2413              	.LASF17:
 2414 007a 474E5520 		.ascii	"GNU C11 5.4.1 20160609 (release) [ARM/embedded-5-br"
 2414      43313120 
 2414      352E342E 
 2414      31203230 
 2414      31363036 
 2415 00ad 616E6368 		.ascii	"anch revision 237715] -mcpu=cortex-m3 -mthumb -g -O"
 2415      20726576 
 2415      6973696F 
 2415      6E203233 
 2415      37373135 
 2416 00e0 67202D66 		.ascii	"g -ffunction-sections -ffat-lto-objects\000"
 2416      66756E63 
 2416      74696F6E 
 2416      2D736563 
 2416      74696F6E 
ARM GAS  C:\Users\LIUX\AppData\Local\Temp\ccQjaUks.s 			page 44


 2417              	.LASF5:
 2418 0108 6C6F6E67 		.ascii	"long unsigned int\000"
 2418      20756E73 
 2418      69676E65 
 2418      6420696E 
 2418      7400
 2419              	.LASF3:
 2420 011a 73686F72 		.ascii	"short unsigned int\000"
 2420      7420756E 
 2420      7369676E 
 2420      65642069 
 2420      6E7400
 2421              	.LASF13:
 2422 012d 63795F6D 		.ascii	"cy_meta_custnvl\000"
 2422      6574615F 
 2422      63757374 
 2422      6E766C00 
 2423              	.LASF12:
 2424 013d 63795F6D 		.ascii	"cy_meta_configecc\000"
 2424      6574615F 
 2424      636F6E66 
 2424      69676563 
 2424      6300
 2425              	.LASF8:
 2426 014f 756E7369 		.ascii	"unsigned int\000"
 2426      676E6564 
 2426      20696E74 
 2426      00
 2427              	.LASF7:
 2428 015c 6C6F6E67 		.ascii	"long long unsigned int\000"
 2428      206C6F6E 
 2428      6720756E 
 2428      7369676E 
 2428      65642069 
 2429              	.LASF10:
 2430 0173 75696E74 		.ascii	"uint8_t\000"
 2430      385F7400 
 2431              	.LASF15:
 2432 017b 63795F6D 		.ascii	"cy_meta_flashprotect\000"
 2432      6574615F 
 2432      666C6173 
 2432      6870726F 
 2432      74656374 
 2433              	.LASF14:
 2434 0190 63795F6D 		.ascii	"cy_meta_wonvl\000"
 2434      6574615F 
 2434      776F6E76 
 2434      6C00
 2435              	.LASF11:
 2436 019e 73697A65 		.ascii	"sizetype\000"
 2436      74797065 
 2436      00
 2437              	.LASF6:
 2438 01a7 6C6F6E67 		.ascii	"long long int\000"
 2438      206C6F6E 
 2438      6720696E 
 2438      7400
ARM GAS  C:\Users\LIUX\AppData\Local\Temp\ccQjaUks.s 			page 45


 2439              	.LASF2:
 2440 01b5 73686F72 		.ascii	"short int\000"
 2440      7420696E 
 2440      7400
 2441              	.LASF4:
 2442 01bf 6C6F6E67 		.ascii	"long int\000"
 2442      20696E74 
 2442      00
 2443              	.LASF0:
 2444 01c8 7369676E 		.ascii	"signed char\000"
 2444      65642063 
 2444      68617200 
 2445              	.LASF18:
 2446 01d4 47656E65 		.ascii	"Generated_Source\\PSoC5\\cymetadata.c\000"
 2446      72617465 
 2446      645F536F 
 2446      75726365 
 2446      5C50536F 
 2447              		.ident	"GCC: (GNU Tools for ARM Embedded Processors) 5.4.1 20160609 (release) [ARM/embedded-5-bran
