ARM GAS  C:\Users\LIUX\AppData\Local\Temp\ccXRDhpT.s 			page 1


   1              		.syntax unified
   2              		.cpu cortex-m3
   3              		.fpu softvfp
   4              		.eabi_attribute 20, 1
   5              		.eabi_attribute 21, 1
   6              		.eabi_attribute 23, 3
   7              		.eabi_attribute 24, 1
   8              		.eabi_attribute 25, 1
   9              		.eabi_attribute 26, 1
  10              		.eabi_attribute 30, 1
  11              		.eabi_attribute 34, 1
  12              		.eabi_attribute 18, 4
  13              		.thumb
  14              		.syntax unified
  15              		.file	"InterruptRoutines.c"
  16              		.text
  17              	.Ltext0:
  18              		.cfi_sections	.debug_frame
  19              		.section	.text.Custom_ISR_RX,"ax",%progbits
  20              		.align	2
  21              		.global	Custom_ISR_RX
  22              		.thumb
  23              		.thumb_func
  24              		.type	Custom_ISR_RX, %function
  25              	Custom_ISR_RX:
  26              	.LFB66:
  27              		.file 1 "InterruptRoutines.c"
   1:InterruptRoutines.c **** /* ========================================
   2:InterruptRoutines.c ****  *
   3:InterruptRoutines.c ****  * Copyright YOUR COMPANY, THE YEAR
   4:InterruptRoutines.c ****  * All Rights Reserved
   5:InterruptRoutines.c ****  * UNPUBLISHED, LICENSED SOFTWARE.
   6:InterruptRoutines.c ****  *
   7:InterruptRoutines.c ****  * CONFIDENTIAL AND PROPRIETARY INFORMATION
   8:InterruptRoutines.c ****  * WHICH IS THE PROPERTY OF your company.
   9:InterruptRoutines.c ****  *
  10:InterruptRoutines.c ****  * ========================================
  11:InterruptRoutines.c **** */
  12:InterruptRoutines.c **** 
  13:InterruptRoutines.c **** // Include header
  14:InterruptRoutines.c **** #include "InterruptRoutines.h"
  15:InterruptRoutines.c **** #include "Pages.h"
  16:InterruptRoutines.c **** 
  17:InterruptRoutines.c **** // Include required header files
  18:InterruptRoutines.c **** #include "project.h"
  19:InterruptRoutines.c **** 
  20:InterruptRoutines.c **** /**************************************************************************************************
  21:InterruptRoutines.c **** /*                                            VARIABLES DECLARATION                                
  22:InterruptRoutines.c **** /**************************************************************************************************
  23:InterruptRoutines.c **** 
  24:InterruptRoutines.c **** uint8       ch_receveid;                            // flag char 
  25:InterruptRoutines.c **** uint8_t     PB_PRESSED           = 0;               // flag button pressed (1 means "pressed")
  26:InterruptRoutines.c **** uint16_t    TIMER_COUNTER        = 0;               // timer counter variable
  27:InterruptRoutines.c **** const mode  LED_ACQUISITION_ON   = {199, 100};     
  28:InterruptRoutines.c **** const mode  LED_EXT_EEPROM_FULL  = { 49,  25};
  29:InterruptRoutines.c **** 
  30:InterruptRoutines.c **** 
ARM GAS  C:\Users\LIUX\AppData\Local\Temp\ccXRDhpT.s 			page 2


  31:InterruptRoutines.c **** /**************************************************************************************************
  32:InterruptRoutines.c **** /*                                                TOGGLING MODES                                   
  33:InterruptRoutines.c **** /**************************************************************************************************
  34:InterruptRoutines.c **** 
  35:InterruptRoutines.c **** static void LED_ACQUISITION_ON_TOGGLE(void){
  36:InterruptRoutines.c ****     PWM_WritePeriod(LED_ACQUISITION_ON.Period);
  37:InterruptRoutines.c ****     PWM_WriteCompare1(LED_ACQUISITION_ON.CMP);
  38:InterruptRoutines.c **** }
  39:InterruptRoutines.c **** 
  40:InterruptRoutines.c **** static void LED_EXT_EEPROM_FULL_TOGGLE(void){
  41:InterruptRoutines.c ****     PWM_WritePeriod(LED_EXT_EEPROM_FULL.Period);
  42:InterruptRoutines.c ****     PWM_WriteCompare2(LED_EXT_EEPROM_FULL.CMP); 
  43:InterruptRoutines.c **** }
  44:InterruptRoutines.c **** 
  45:InterruptRoutines.c **** /**************************************************************************************************
  46:InterruptRoutines.c **** /*                                              UART RX INTERRUPT                                  
  47:InterruptRoutines.c **** /**************************************************************************************************
  48:InterruptRoutines.c **** 
  49:InterruptRoutines.c **** CY_ISR(Custom_ISR_RX)
  50:InterruptRoutines.c **** {
  28              		.loc 1 50 0
  29              		.cfi_startproc
  30              		@ args = 0, pretend = 0, frame = 0
  31              		@ frame_needed = 0, uses_anonymous_args = 0
  32 0000 08B5     		push	{r3, lr}
  33              		.cfi_def_cfa_offset 8
  34              		.cfi_offset 3, -8
  35              		.cfi_offset 14, -4
  51:InterruptRoutines.c ****     /*******************************/
  52:InterruptRoutines.c ****     /*         INPUT CHECK         */
  53:InterruptRoutines.c ****     /*******************************/
  54:InterruptRoutines.c ****     
  55:InterruptRoutines.c ****     // Non-blocking call to get the latest data recieved
  56:InterruptRoutines.c ****     ch_receveid = UART_GetChar();
  36              		.loc 1 56 0
  37 0002 FFF7FEFF 		bl	UART_GetChar
  38              	.LVL0:
  39 0006 924B     		ldr	r3, .L24
  40 0008 1870     		strb	r0, [r3]
  57:InterruptRoutines.c ****         
  58:InterruptRoutines.c ****     // Set flags based on UART command
  59:InterruptRoutines.c ****     switch(ch_receveid){
  41              		.loc 1 59 0
  42 000a 3138     		subs	r0, r0, #49
  43 000c 4228     		cmp	r0, #66
  44 000e 00F23281 		bhi	.L2
  45 0012 DFE810F0 		tbh	[pc, r0, lsl #1]
  46              	.L4:
  47 0016 5700     		.2byte	(.L3-.L4)/2
  48 0018 9A00     		.2byte	(.L5-.L4)/2
  49 001a DA00     		.2byte	(.L6-.L4)/2
  50 001c FB00     		.2byte	(.L7-.L4)/2
  51 001e 3001     		.2byte	(.L2-.L4)/2
  52 0020 3001     		.2byte	(.L2-.L4)/2
  53 0022 3001     		.2byte	(.L2-.L4)/2
  54 0024 3001     		.2byte	(.L2-.L4)/2
  55 0026 3001     		.2byte	(.L2-.L4)/2
ARM GAS  C:\Users\LIUX\AppData\Local\Temp\ccXRDhpT.s 			page 3


  56 0028 3001     		.2byte	(.L2-.L4)/2
  57 002a 3001     		.2byte	(.L2-.L4)/2
  58 002c 3001     		.2byte	(.L2-.L4)/2
  59 002e 3001     		.2byte	(.L2-.L4)/2
  60 0030 3001     		.2byte	(.L2-.L4)/2
  61 0032 3001     		.2byte	(.L2-.L4)/2
  62 0034 3001     		.2byte	(.L2-.L4)/2
  63 0036 3001     		.2byte	(.L2-.L4)/2
  64 0038 4300     		.2byte	(.L8-.L4)/2
  65 003a 3001     		.2byte	(.L2-.L4)/2
  66 003c 3001     		.2byte	(.L2-.L4)/2
  67 003e 3001     		.2byte	(.L2-.L4)/2
  68 0040 4B00     		.2byte	(.L9-.L4)/2
  69 0042 3001     		.2byte	(.L2-.L4)/2
  70 0044 3001     		.2byte	(.L2-.L4)/2
  71 0046 3001     		.2byte	(.L2-.L4)/2
  72 0048 3001     		.2byte	(.L2-.L4)/2
  73 004a 3001     		.2byte	(.L2-.L4)/2
  74 004c 5300     		.2byte	(.L10-.L4)/2
  75 004e 3001     		.2byte	(.L2-.L4)/2
  76 0050 3001     		.2byte	(.L2-.L4)/2
  77 0052 2D01     		.2byte	(.L11-.L4)/2
  78 0054 4F00     		.2byte	(.L12-.L4)/2
  79 0056 3001     		.2byte	(.L2-.L4)/2
  80 0058 3001     		.2byte	(.L2-.L4)/2
  81 005a 4700     		.2byte	(.L13-.L4)/2
  82 005c 3001     		.2byte	(.L2-.L4)/2
  83 005e 3001     		.2byte	(.L2-.L4)/2
  84 0060 3001     		.2byte	(.L2-.L4)/2
  85 0062 3001     		.2byte	(.L2-.L4)/2
  86 0064 3001     		.2byte	(.L2-.L4)/2
  87 0066 3001     		.2byte	(.L2-.L4)/2
  88 0068 3001     		.2byte	(.L2-.L4)/2
  89 006a 3001     		.2byte	(.L2-.L4)/2
  90 006c 3001     		.2byte	(.L2-.L4)/2
  91 006e 3001     		.2byte	(.L2-.L4)/2
  92 0070 3001     		.2byte	(.L2-.L4)/2
  93 0072 3001     		.2byte	(.L2-.L4)/2
  94 0074 3001     		.2byte	(.L2-.L4)/2
  95 0076 3001     		.2byte	(.L2-.L4)/2
  96 0078 4300     		.2byte	(.L8-.L4)/2
  97 007a 3001     		.2byte	(.L2-.L4)/2
  98 007c 3001     		.2byte	(.L2-.L4)/2
  99 007e 3001     		.2byte	(.L2-.L4)/2
 100 0080 4B00     		.2byte	(.L9-.L4)/2
 101 0082 3001     		.2byte	(.L2-.L4)/2
 102 0084 3001     		.2byte	(.L2-.L4)/2
 103 0086 3001     		.2byte	(.L2-.L4)/2
 104 0088 3001     		.2byte	(.L2-.L4)/2
 105 008a 3001     		.2byte	(.L2-.L4)/2
 106 008c 5300     		.2byte	(.L10-.L4)/2
 107 008e 3001     		.2byte	(.L2-.L4)/2
 108 0090 3001     		.2byte	(.L2-.L4)/2
 109 0092 2D01     		.2byte	(.L11-.L4)/2
 110 0094 4F00     		.2byte	(.L12-.L4)/2
 111 0096 3001     		.2byte	(.L2-.L4)/2
 112 0098 3001     		.2byte	(.L2-.L4)/2
ARM GAS  C:\Users\LIUX\AppData\Local\Temp\ccXRDhpT.s 			page 4


 113 009a 4700     		.2byte	(.L13-.L4)/2
 114              		.p2align 1
 115              	.L8:
  60:InterruptRoutines.c ****         
  61:InterruptRoutines.c ****         case 'B':
  62:InterruptRoutines.c ****         case 'b':
  63:InterruptRoutines.c ****             FLAG_BS = 1;
 116              		.loc 1 63 0
 117 009c 0122     		movs	r2, #1
 118 009e 6D4B     		ldr	r3, .L24+4
 119 00a0 1A70     		strb	r2, [r3]
  64:InterruptRoutines.c ****             //todo
  65:InterruptRoutines.c ****             break;
 120              		.loc 1 65 0
 121 00a2 E8E0     		b	.L2
 122              	.L13:
  66:InterruptRoutines.c ****             
  67:InterruptRoutines.c ****         case 'S':
  68:InterruptRoutines.c ****         case 's':
  69:InterruptRoutines.c ****             FLAG_BS = 0;
 123              		.loc 1 69 0
 124 00a4 0022     		movs	r2, #0
 125 00a6 6B4B     		ldr	r3, .L24+4
 126 00a8 1A70     		strb	r2, [r3]
  70:InterruptRoutines.c ****             //todo
  71:InterruptRoutines.c ****             break;
 127              		.loc 1 71 0
 128 00aa E4E0     		b	.L2
 129              	.L9:
  72:InterruptRoutines.c ****             
  73:InterruptRoutines.c ****         case 'F':
  74:InterruptRoutines.c ****         case 'f':
  75:InterruptRoutines.c ****             FLAG_FSR = 1;
 130              		.loc 1 75 0
 131 00ac 0122     		movs	r2, #1
 132 00ae 6A4B     		ldr	r3, .L24+8
 133 00b0 1A70     		strb	r2, [r3]
  76:InterruptRoutines.c ****             break;
 134              		.loc 1 76 0
 135 00b2 E0E0     		b	.L2
 136              	.L12:
  77:InterruptRoutines.c ****             
  78:InterruptRoutines.c ****         case 'P':
  79:InterruptRoutines.c ****         case 'p':
  80:InterruptRoutines.c ****             FLAG_SF = 1;
 137              		.loc 1 80 0
 138 00b4 0122     		movs	r2, #1
 139 00b6 694B     		ldr	r3, .L24+12
 140 00b8 1A70     		strb	r2, [r3]
  81:InterruptRoutines.c ****             break;
 141              		.loc 1 81 0
 142 00ba DCE0     		b	.L2
 143              	.L10:
  82:InterruptRoutines.c ****             
  83:InterruptRoutines.c ****         case 'L':
  84:InterruptRoutines.c ****         case 'l':
  85:InterruptRoutines.c ****             FLAG_AS = 1;
ARM GAS  C:\Users\LIUX\AppData\Local\Temp\ccXRDhpT.s 			page 5


 144              		.loc 1 85 0
 145 00bc 0122     		movs	r2, #1
 146 00be 684B     		ldr	r3, .L24+16
 147 00c0 1A70     		strb	r2, [r3]
  86:InterruptRoutines.c ****             break;
 148              		.loc 1 86 0
 149 00c2 D8E0     		b	.L2
 150              	.L3:
  87:InterruptRoutines.c ****             
  88:InterruptRoutines.c ****         case '1':
  89:InterruptRoutines.c ****             if(FLAG_FSR==1 && FLAG_SF==0 && FLAG_AS==0){ // FULL SCALE RANGE
 151              		.loc 1 89 0
 152 00c4 644B     		ldr	r3, .L24+8
 153 00c6 1B78     		ldrb	r3, [r3]	@ zero_extendqisi2
 154 00c8 DBB2     		uxtb	r3, r3
 155 00ca 012B     		cmp	r3, #1
 156 00cc 0FD1     		bne	.L14
 157              		.loc 1 89 0 is_stmt 0 discriminator 1
 158 00ce 634B     		ldr	r3, .L24+12
 159 00d0 1B78     		ldrb	r3, [r3]	@ zero_extendqisi2
 160 00d2 13F0FF0F 		tst	r3, #255
 161 00d6 0AD1     		bne	.L14
 162              		.loc 1 89 0 discriminator 2
 163 00d8 614B     		ldr	r3, .L24+16
 164 00da 1B78     		ldrb	r3, [r3]	@ zero_extendqisi2
 165 00dc 13F0FF0F 		tst	r3, #255
 166 00e0 05D1     		bne	.L14
  90:InterruptRoutines.c ****                 FLAG_FSR  = 0;
 167              		.loc 1 90 0 is_stmt 1
 168 00e2 0022     		movs	r2, #0
 169 00e4 5C4B     		ldr	r3, .L24+8
 170 00e6 1A70     		strb	r2, [r3]
  91:InterruptRoutines.c ****                 OPTION_FSR = 1;
 171              		.loc 1 91 0
 172 00e8 0122     		movs	r2, #1
 173 00ea 5E4B     		ldr	r3, .L24+20
 174 00ec 1A70     		strb	r2, [r3]
 175              	.L14:
  92:InterruptRoutines.c ****                 //todo
  93:InterruptRoutines.c ****             }
  94:InterruptRoutines.c ****             if(FLAG_FSR==0 && FLAG_SF==1 && FLAG_AS==0){ // SAMPLING FREQUENCY
 176              		.loc 1 94 0
 177 00ee 5A4B     		ldr	r3, .L24+8
 178 00f0 1B78     		ldrb	r3, [r3]	@ zero_extendqisi2
 179 00f2 13F0FF0F 		tst	r3, #255
 180 00f6 0FD1     		bne	.L15
 181              		.loc 1 94 0 is_stmt 0 discriminator 1
 182 00f8 584B     		ldr	r3, .L24+12
 183 00fa 1B78     		ldrb	r3, [r3]	@ zero_extendqisi2
 184 00fc DBB2     		uxtb	r3, r3
 185 00fe 012B     		cmp	r3, #1
 186 0100 0AD1     		bne	.L15
 187              		.loc 1 94 0 discriminator 2
 188 0102 574B     		ldr	r3, .L24+16
 189 0104 1B78     		ldrb	r3, [r3]	@ zero_extendqisi2
 190 0106 13F0FF0F 		tst	r3, #255
 191 010a 05D1     		bne	.L15
ARM GAS  C:\Users\LIUX\AppData\Local\Temp\ccXRDhpT.s 			page 6


  95:InterruptRoutines.c ****                 FLAG_SF  = 0;
 192              		.loc 1 95 0 is_stmt 1
 193 010c 0022     		movs	r2, #0
 194 010e 534B     		ldr	r3, .L24+12
 195 0110 1A70     		strb	r2, [r3]
  96:InterruptRoutines.c ****                 OPTION_SF = 1;
 196              		.loc 1 96 0
 197 0112 0122     		movs	r2, #1
 198 0114 544B     		ldr	r3, .L24+24
 199 0116 1A70     		strb	r2, [r3]
 200              	.L15:
  97:InterruptRoutines.c ****                 //todo
  98:InterruptRoutines.c ****             }
  99:InterruptRoutines.c ****             if(FLAG_FSR==0 && FLAG_SF==0 && FLAG_AS==1){ // Additional sensors
 201              		.loc 1 99 0
 202 0118 4F4B     		ldr	r3, .L24+8
 203 011a 1B78     		ldrb	r3, [r3]	@ zero_extendqisi2
 204 011c 13F0FF0F 		tst	r3, #255
 205 0120 40F0A980 		bne	.L2
 206              		.loc 1 99 0 is_stmt 0 discriminator 1
 207 0124 4D4B     		ldr	r3, .L24+12
 208 0126 1B78     		ldrb	r3, [r3]	@ zero_extendqisi2
 209 0128 13F0FF0F 		tst	r3, #255
 210 012c 40F0A380 		bne	.L2
 211              		.loc 1 99 0 discriminator 2
 212 0130 4B4B     		ldr	r3, .L24+16
 213 0132 1B78     		ldrb	r3, [r3]	@ zero_extendqisi2
 214 0134 DBB2     		uxtb	r3, r3
 215 0136 012B     		cmp	r3, #1
 216 0138 40F09D80 		bne	.L2
 100:InterruptRoutines.c ****                 FLAG_AS  = 0;
 217              		.loc 1 100 0 is_stmt 1
 218 013c 0022     		movs	r2, #0
 219 013e 484B     		ldr	r3, .L24+16
 220 0140 1A70     		strb	r2, [r3]
 101:InterruptRoutines.c ****                 OPTION_AS = 1;
 221              		.loc 1 101 0
 222 0142 0122     		movs	r2, #1
 223 0144 494B     		ldr	r3, .L24+28
 224 0146 1A70     		strb	r2, [r3]
 225 0148 95E0     		b	.L2
 226              	.L5:
 102:InterruptRoutines.c ****                 //todo
 103:InterruptRoutines.c ****             }
 104:InterruptRoutines.c ****             break;
 105:InterruptRoutines.c ****         
 106:InterruptRoutines.c ****         case '2':
 107:InterruptRoutines.c ****             if(FLAG_FSR==1 && FLAG_SF==0 && FLAG_AS==0){ // FULL SCALE RANGE
 227              		.loc 1 107 0
 228 014a 434B     		ldr	r3, .L24+8
 229 014c 1B78     		ldrb	r3, [r3]	@ zero_extendqisi2
 230 014e DBB2     		uxtb	r3, r3
 231 0150 012B     		cmp	r3, #1
 232 0152 0FD1     		bne	.L16
 233              		.loc 1 107 0 is_stmt 0 discriminator 1
 234 0154 414B     		ldr	r3, .L24+12
 235 0156 1B78     		ldrb	r3, [r3]	@ zero_extendqisi2
ARM GAS  C:\Users\LIUX\AppData\Local\Temp\ccXRDhpT.s 			page 7


 236 0158 13F0FF0F 		tst	r3, #255
 237 015c 0AD1     		bne	.L16
 238              		.loc 1 107 0 discriminator 2
 239 015e 404B     		ldr	r3, .L24+16
 240 0160 1B78     		ldrb	r3, [r3]	@ zero_extendqisi2
 241 0162 13F0FF0F 		tst	r3, #255
 242 0166 05D1     		bne	.L16
 108:InterruptRoutines.c ****                 FLAG_FSR  = 0;
 243              		.loc 1 108 0 is_stmt 1
 244 0168 0022     		movs	r2, #0
 245 016a 3B4B     		ldr	r3, .L24+8
 246 016c 1A70     		strb	r2, [r3]
 109:InterruptRoutines.c ****                 OPTION_FSR = 2;
 247              		.loc 1 109 0
 248 016e 0222     		movs	r2, #2
 249 0170 3C4B     		ldr	r3, .L24+20
 250 0172 1A70     		strb	r2, [r3]
 251              	.L16:
 110:InterruptRoutines.c ****                 //todo
 111:InterruptRoutines.c ****             }
 112:InterruptRoutines.c ****             if(FLAG_FSR==0 && FLAG_SF==1 && FLAG_AS==0){ // SAMPLING FREQUENCY
 252              		.loc 1 112 0
 253 0174 384B     		ldr	r3, .L24+8
 254 0176 1B78     		ldrb	r3, [r3]	@ zero_extendqisi2
 255 0178 13F0FF0F 		tst	r3, #255
 256 017c 0FD1     		bne	.L17
 257              		.loc 1 112 0 is_stmt 0 discriminator 1
 258 017e 374B     		ldr	r3, .L24+12
 259 0180 1B78     		ldrb	r3, [r3]	@ zero_extendqisi2
 260 0182 DBB2     		uxtb	r3, r3
 261 0184 012B     		cmp	r3, #1
 262 0186 0AD1     		bne	.L17
 263              		.loc 1 112 0 discriminator 2
 264 0188 354B     		ldr	r3, .L24+16
 265 018a 1B78     		ldrb	r3, [r3]	@ zero_extendqisi2
 266 018c 13F0FF0F 		tst	r3, #255
 267 0190 05D1     		bne	.L17
 113:InterruptRoutines.c ****                 FLAG_SF  = 0;
 268              		.loc 1 113 0 is_stmt 1
 269 0192 0022     		movs	r2, #0
 270 0194 314B     		ldr	r3, .L24+12
 271 0196 1A70     		strb	r2, [r3]
 114:InterruptRoutines.c ****                 OPTION_SF = 2;
 272              		.loc 1 114 0
 273 0198 0222     		movs	r2, #2
 274 019a 334B     		ldr	r3, .L24+24
 275 019c 1A70     		strb	r2, [r3]
 276              	.L17:
 115:InterruptRoutines.c ****                 //todo
 116:InterruptRoutines.c ****             }
 117:InterruptRoutines.c ****             if(FLAG_FSR==0 && FLAG_SF==0 && FLAG_AS==1){ // Additional sensors
 277              		.loc 1 117 0
 278 019e 2E4B     		ldr	r3, .L24+8
 279 01a0 1B78     		ldrb	r3, [r3]	@ zero_extendqisi2
 280 01a2 13F0FF0F 		tst	r3, #255
 281 01a6 66D1     		bne	.L2
 282              		.loc 1 117 0 is_stmt 0 discriminator 1
ARM GAS  C:\Users\LIUX\AppData\Local\Temp\ccXRDhpT.s 			page 8


 283 01a8 2C4B     		ldr	r3, .L24+12
 284 01aa 1B78     		ldrb	r3, [r3]	@ zero_extendqisi2
 285 01ac 13F0FF0F 		tst	r3, #255
 286 01b0 61D1     		bne	.L2
 287              		.loc 1 117 0 discriminator 2
 288 01b2 2B4B     		ldr	r3, .L24+16
 289 01b4 1B78     		ldrb	r3, [r3]	@ zero_extendqisi2
 290 01b6 DBB2     		uxtb	r3, r3
 291 01b8 012B     		cmp	r3, #1
 292 01ba 5CD1     		bne	.L2
 118:InterruptRoutines.c ****                 FLAG_AS  = 0;
 293              		.loc 1 118 0 is_stmt 1
 294 01bc 0022     		movs	r2, #0
 295 01be 284B     		ldr	r3, .L24+16
 296 01c0 1A70     		strb	r2, [r3]
 119:InterruptRoutines.c ****                 OPTION_AS = 2;
 297              		.loc 1 119 0
 298 01c2 0222     		movs	r2, #2
 299 01c4 294B     		ldr	r3, .L24+28
 300 01c6 1A70     		strb	r2, [r3]
 301 01c8 55E0     		b	.L2
 302              	.L6:
 120:InterruptRoutines.c ****                 //todo
 121:InterruptRoutines.c ****             }
 122:InterruptRoutines.c ****             break;
 123:InterruptRoutines.c ****             
 124:InterruptRoutines.c ****         case '3':
 125:InterruptRoutines.c ****             if(FLAG_FSR==1 && FLAG_SF==0){ // FULL SCALE RANGE
 303              		.loc 1 125 0
 304 01ca 234B     		ldr	r3, .L24+8
 305 01cc 1B78     		ldrb	r3, [r3]	@ zero_extendqisi2
 306 01ce DBB2     		uxtb	r3, r3
 307 01d0 012B     		cmp	r3, #1
 308 01d2 0AD1     		bne	.L18
 309              		.loc 1 125 0 is_stmt 0 discriminator 1
 310 01d4 214B     		ldr	r3, .L24+12
 311 01d6 1B78     		ldrb	r3, [r3]	@ zero_extendqisi2
 312 01d8 13F0FF0F 		tst	r3, #255
 313 01dc 05D1     		bne	.L18
 126:InterruptRoutines.c ****                 FLAG_FSR  = 0;
 314              		.loc 1 126 0 is_stmt 1
 315 01de 0022     		movs	r2, #0
 316 01e0 1D4B     		ldr	r3, .L24+8
 317 01e2 1A70     		strb	r2, [r3]
 127:InterruptRoutines.c ****                 OPTION_FSR = 3;
 318              		.loc 1 127 0
 319 01e4 0322     		movs	r2, #3
 320 01e6 1F4B     		ldr	r3, .L24+20
 321 01e8 1A70     		strb	r2, [r3]
 322              	.L18:
 128:InterruptRoutines.c ****                 //todo
 129:InterruptRoutines.c ****             }
 130:InterruptRoutines.c ****             if(FLAG_FSR==0 && FLAG_SF==1){ // SAMPLING FREQUENCY
 323              		.loc 1 130 0
 324 01ea 1B4B     		ldr	r3, .L24+8
 325 01ec 1B78     		ldrb	r3, [r3]	@ zero_extendqisi2
 326 01ee 13F0FF0F 		tst	r3, #255
ARM GAS  C:\Users\LIUX\AppData\Local\Temp\ccXRDhpT.s 			page 9


 327 01f2 40D1     		bne	.L2
 328              		.loc 1 130 0 is_stmt 0 discriminator 1
 329 01f4 194B     		ldr	r3, .L24+12
 330 01f6 1B78     		ldrb	r3, [r3]	@ zero_extendqisi2
 331 01f8 DBB2     		uxtb	r3, r3
 332 01fa 012B     		cmp	r3, #1
 333 01fc 3BD1     		bne	.L2
 131:InterruptRoutines.c ****                 FLAG_SF  = 0;
 334              		.loc 1 131 0 is_stmt 1
 335 01fe 0022     		movs	r2, #0
 336 0200 164B     		ldr	r3, .L24+12
 337 0202 1A70     		strb	r2, [r3]
 132:InterruptRoutines.c ****                 OPTION_SF = 3;
 338              		.loc 1 132 0
 339 0204 0322     		movs	r2, #3
 340 0206 184B     		ldr	r3, .L24+24
 341 0208 1A70     		strb	r2, [r3]
 342 020a 34E0     		b	.L2
 343              	.L7:
 133:InterruptRoutines.c ****                 //todo
 134:InterruptRoutines.c ****             }
 135:InterruptRoutines.c ****             break;
 136:InterruptRoutines.c ****             
 137:InterruptRoutines.c ****         case '4':
 138:InterruptRoutines.c ****             if(FLAG_FSR==1 && FLAG_SF==0){ // FULL SCALE RANGE
 344              		.loc 1 138 0
 345 020c 124B     		ldr	r3, .L24+8
 346 020e 1B78     		ldrb	r3, [r3]	@ zero_extendqisi2
 347 0210 DBB2     		uxtb	r3, r3
 348 0212 012B     		cmp	r3, #1
 349 0214 0AD1     		bne	.L19
 350              		.loc 1 138 0 is_stmt 0 discriminator 1
 351 0216 114B     		ldr	r3, .L24+12
 352 0218 1B78     		ldrb	r3, [r3]	@ zero_extendqisi2
 353 021a 13F0FF0F 		tst	r3, #255
 354 021e 05D1     		bne	.L19
 139:InterruptRoutines.c ****                 FLAG_FSR  = 0;
 355              		.loc 1 139 0 is_stmt 1
 356 0220 0022     		movs	r2, #0
 357 0222 0D4B     		ldr	r3, .L24+8
 358 0224 1A70     		strb	r2, [r3]
 140:InterruptRoutines.c ****                 OPTION_FSR = 4;
 359              		.loc 1 140 0
 360 0226 0422     		movs	r2, #4
 361 0228 0E4B     		ldr	r3, .L24+20
 362 022a 1A70     		strb	r2, [r3]
 363              	.L19:
 141:InterruptRoutines.c ****                 //todo
 142:InterruptRoutines.c ****             }
 143:InterruptRoutines.c ****             if(FLAG_FSR==0 && FLAG_SF==1){ // SAMPLING FREQUENCY
 364              		.loc 1 143 0
 365 022c 0A4B     		ldr	r3, .L24+8
 366 022e 1B78     		ldrb	r3, [r3]	@ zero_extendqisi2
 367 0230 13F0FF0F 		tst	r3, #255
 368 0234 1FD1     		bne	.L2
 369              		.loc 1 143 0 is_stmt 0 discriminator 1
 370 0236 094B     		ldr	r3, .L24+12
ARM GAS  C:\Users\LIUX\AppData\Local\Temp\ccXRDhpT.s 			page 10


 371 0238 1B78     		ldrb	r3, [r3]	@ zero_extendqisi2
 372 023a DBB2     		uxtb	r3, r3
 373 023c 012B     		cmp	r3, #1
 374 023e 1AD1     		bne	.L2
 144:InterruptRoutines.c ****                 FLAG_SF  = 0;
 375              		.loc 1 144 0 is_stmt 1
 376 0240 0022     		movs	r2, #0
 377 0242 064B     		ldr	r3, .L24+12
 378 0244 1A70     		strb	r2, [r3]
 145:InterruptRoutines.c ****                 OPTION_SF = 4;
 379              		.loc 1 145 0
 380 0246 0422     		movs	r2, #4
 381 0248 074B     		ldr	r3, .L24+24
 382 024a 1A70     		strb	r2, [r3]
 383 024c 13E0     		b	.L2
 384              	.L25:
 385 024e 00BF     		.align	2
 386              	.L24:
 387 0250 00000000 		.word	ch_receveid
 388 0254 00000000 		.word	FLAG_BS
 389 0258 00000000 		.word	FLAG_FSR
 390 025c 00000000 		.word	FLAG_SF
 391 0260 00000000 		.word	FLAG_AS
 392 0264 00000000 		.word	OPTION_FSR
 393 0268 00000000 		.word	OPTION_SF
 394 026c 00000000 		.word	OPTION_AS
 395              	.L11:
 146:InterruptRoutines.c ****                 //todo
 147:InterruptRoutines.c ****             }
 148:InterruptRoutines.c ****             break;
 149:InterruptRoutines.c ****          
 150:InterruptRoutines.c ****         case 'O':
 151:InterruptRoutines.c ****         case 'o':
 152:InterruptRoutines.c ****             summary_ready = 1;
 396              		.loc 1 152 0
 397 0270 0122     		movs	r2, #1
 398 0272 184B     		ldr	r3, .L26
 399 0274 1A70     		strb	r2, [r3]
 400              	.L2:
 153:InterruptRoutines.c ****             break;
 154:InterruptRoutines.c ****             
 155:InterruptRoutines.c ****         default:
 156:InterruptRoutines.c ****             break;    
 157:InterruptRoutines.c ****     }
 158:InterruptRoutines.c ****     
 159:InterruptRoutines.c ****     /*******************************/
 160:InterruptRoutines.c ****     /*     INTEGRITY CONTROL       */
 161:InterruptRoutines.c ****     /*******************************/
 162:InterruptRoutines.c ****     
 163:InterruptRoutines.c ****     if(FLAG_FSR==1 && FLAG_SF==1){
 401              		.loc 1 163 0
 402 0276 184B     		ldr	r3, .L26+4
 403 0278 1B78     		ldrb	r3, [r3]	@ zero_extendqisi2
 404 027a DBB2     		uxtb	r3, r3
 405 027c 012B     		cmp	r3, #1
 406 027e 09D1     		bne	.L20
 407              		.loc 1 163 0 is_stmt 0 discriminator 1
ARM GAS  C:\Users\LIUX\AppData\Local\Temp\ccXRDhpT.s 			page 11


 408 0280 164B     		ldr	r3, .L26+8
 409 0282 1B78     		ldrb	r3, [r3]	@ zero_extendqisi2
 410 0284 DBB2     		uxtb	r3, r3
 411 0286 012B     		cmp	r3, #1
 412 0288 04D1     		bne	.L20
 164:InterruptRoutines.c ****         FLAG_FSR=0;
 413              		.loc 1 164 0 is_stmt 1
 414 028a 0023     		movs	r3, #0
 415 028c 124A     		ldr	r2, .L26+4
 416 028e 1370     		strb	r3, [r2]
 165:InterruptRoutines.c ****         FLAG_SF=0;
 417              		.loc 1 165 0
 418 0290 124A     		ldr	r2, .L26+8
 419 0292 1370     		strb	r3, [r2]
 420              	.L20:
 166:InterruptRoutines.c ****     }
 167:InterruptRoutines.c ****     
 168:InterruptRoutines.c ****     if(FLAG_AS==1 && FLAG_SF==1){
 421              		.loc 1 168 0
 422 0294 124B     		ldr	r3, .L26+12
 423 0296 1B78     		ldrb	r3, [r3]	@ zero_extendqisi2
 424 0298 DBB2     		uxtb	r3, r3
 425 029a 012B     		cmp	r3, #1
 426 029c 09D1     		bne	.L21
 427              		.loc 1 168 0 is_stmt 0 discriminator 1
 428 029e 0F4B     		ldr	r3, .L26+8
 429 02a0 1B78     		ldrb	r3, [r3]	@ zero_extendqisi2
 430 02a2 DBB2     		uxtb	r3, r3
 431 02a4 012B     		cmp	r3, #1
 432 02a6 04D1     		bne	.L21
 169:InterruptRoutines.c ****         FLAG_AS=0;
 433              		.loc 1 169 0 is_stmt 1
 434 02a8 0023     		movs	r3, #0
 435 02aa 0D4A     		ldr	r2, .L26+12
 436 02ac 1370     		strb	r3, [r2]
 170:InterruptRoutines.c ****         FLAG_SF=0;
 437              		.loc 1 170 0
 438 02ae 0B4A     		ldr	r2, .L26+8
 439 02b0 1370     		strb	r3, [r2]
 440              	.L21:
 171:InterruptRoutines.c ****     }
 172:InterruptRoutines.c ****     
 173:InterruptRoutines.c ****     if(FLAG_AS==1 && FLAG_FSR==1){
 441              		.loc 1 173 0
 442 02b2 0B4B     		ldr	r3, .L26+12
 443 02b4 1B78     		ldrb	r3, [r3]	@ zero_extendqisi2
 444 02b6 DBB2     		uxtb	r3, r3
 445 02b8 012B     		cmp	r3, #1
 446 02ba 09D1     		bne	.L1
 447              		.loc 1 173 0 is_stmt 0 discriminator 1
 448 02bc 064B     		ldr	r3, .L26+4
 449 02be 1B78     		ldrb	r3, [r3]	@ zero_extendqisi2
 450 02c0 DBB2     		uxtb	r3, r3
 451 02c2 012B     		cmp	r3, #1
 452 02c4 04D1     		bne	.L1
 174:InterruptRoutines.c ****         FLAG_AS=0;
 453              		.loc 1 174 0 is_stmt 1
ARM GAS  C:\Users\LIUX\AppData\Local\Temp\ccXRDhpT.s 			page 12


 454 02c6 0023     		movs	r3, #0
 455 02c8 054A     		ldr	r2, .L26+12
 456 02ca 1370     		strb	r3, [r2]
 175:InterruptRoutines.c ****         FLAG_FSR=0;
 457              		.loc 1 175 0
 458 02cc 024A     		ldr	r2, .L26+4
 459 02ce 1370     		strb	r3, [r2]
 460              	.L1:
 461 02d0 08BD     		pop	{r3, pc}
 462              	.L27:
 463 02d2 00BF     		.align	2
 464              	.L26:
 465 02d4 00000000 		.word	summary_ready
 466 02d8 00000000 		.word	FLAG_FSR
 467 02dc 00000000 		.word	FLAG_SF
 468 02e0 00000000 		.word	FLAG_AS
 469              		.cfi_endproc
 470              	.LFE66:
 471              		.size	Custom_ISR_RX, .-Custom_ISR_RX
 472              		.section	.text.ISR_PB_LOW,"ax",%progbits
 473              		.align	2
 474              		.global	ISR_PB_LOW
 475              		.thumb
 476              		.thumb_func
 477              		.type	ISR_PB_LOW, %function
 478              	ISR_PB_LOW:
 479              	.LFB67:
 176:InterruptRoutines.c ****     }
 177:InterruptRoutines.c ****     
 178:InterruptRoutines.c **** }
 179:InterruptRoutines.c **** 
 180:InterruptRoutines.c **** /**************************************************************************************************
 181:InterruptRoutines.c **** /*                                             PUSH BUTTON INTERRUPTs                              
 182:InterruptRoutines.c **** /**************************************************************************************************
 183:InterruptRoutines.c **** 
 184:InterruptRoutines.c **** CY_ISR(ISR_PB_LOW){  
 480              		.loc 1 184 0
 481              		.cfi_startproc
 482              		@ args = 0, pretend = 0, frame = 0
 483              		@ frame_needed = 0, uses_anonymous_args = 0
 484 0000 08B5     		push	{r3, lr}
 485              		.cfi_def_cfa_offset 8
 486              		.cfi_offset 3, -8
 487              		.cfi_offset 14, -4
 185:InterruptRoutines.c ****     PB_PRESSED = 1;     // flag 1 if the button is pressed
 488              		.loc 1 185 0
 489 0002 0122     		movs	r2, #1
 490 0004 024B     		ldr	r3, .L30
 491 0006 1A70     		strb	r2, [r3]
 186:InterruptRoutines.c ****     Timer_PB_Start();   // timer start
 492              		.loc 1 186 0
 493 0008 FFF7FEFF 		bl	Timer_PB_Start
 494              	.LVL1:
 495 000c 08BD     		pop	{r3, pc}
 496              	.L31:
 497 000e 00BF     		.align	2
 498              	.L30:
ARM GAS  C:\Users\LIUX\AppData\Local\Temp\ccXRDhpT.s 			page 13


 499 0010 00000000 		.word	.LANCHOR0
 500              		.cfi_endproc
 501              	.LFE67:
 502              		.size	ISR_PB_LOW, .-ISR_PB_LOW
 503              		.section	.text.ISR_PB_HIGH,"ax",%progbits
 504              		.align	2
 505              		.global	ISR_PB_HIGH
 506              		.thumb
 507              		.thumb_func
 508              		.type	ISR_PB_HIGH, %function
 509              	ISR_PB_HIGH:
 510              	.LFB68:
 187:InterruptRoutines.c **** } 
 188:InterruptRoutines.c **** 
 189:InterruptRoutines.c **** CY_ISR(ISR_PB_HIGH){  
 511              		.loc 1 189 0
 512              		.cfi_startproc
 513              		@ args = 0, pretend = 0, frame = 0
 514              		@ frame_needed = 0, uses_anonymous_args = 0
 190:InterruptRoutines.c ****     if(PB_PRESSED == 1){                            // if the button has been pressed
 515              		.loc 1 190 0
 516 0000 1F4B     		ldr	r3, .L38
 517 0002 1B78     		ldrb	r3, [r3]	@ zero_extendqisi2
 518 0004 012B     		cmp	r3, #1
 519 0006 39D1     		bne	.L37
 189:InterruptRoutines.c ****     if(PB_PRESSED == 1){                            // if the button has been pressed
 520              		.loc 1 189 0
 521 0008 10B5     		push	{r4, lr}
 522              		.cfi_def_cfa_offset 8
 523              		.cfi_offset 4, -8
 524              		.cfi_offset 14, -4
 191:InterruptRoutines.c ****         
 192:InterruptRoutines.c ****         TIMER_COUNTER = Timer_PB_ReadCounter();     // read the time elapsed
 525              		.loc 1 192 0
 526 000a FFF7FEFF 		bl	Timer_PB_ReadCounter
 527              	.LVL2:
 528 000e 1C4C     		ldr	r4, .L38
 529 0010 6080     		strh	r0, [r4, #2]	@ movhi
 193:InterruptRoutines.c ****         Timer_PB_WriteCounter(0);                   // reset time elapsed
 530              		.loc 1 193 0
 531 0012 0020     		movs	r0, #0
 532 0014 FFF7FEFF 		bl	Timer_PB_WriteCounter
 533              	.LVL3:
 194:InterruptRoutines.c ****         PB_PRESSED = 0;          
 534              		.loc 1 194 0
 535 0018 0023     		movs	r3, #0
 536 001a 2370     		strb	r3, [r4]
 195:InterruptRoutines.c ****         
 196:InterruptRoutines.c ****         // if 5 seconds have been elapsed
 197:InterruptRoutines.c ****         if(TIMER_COUNTER < 59000){ 
 537              		.loc 1 197 0
 538 001c 6388     		ldrh	r3, [r4, #2]
 539 001e 4EF27762 		movw	r2, #58999
 540 0022 9342     		cmp	r3, r2
 541 0024 10D8     		bhi	.L34
 198:InterruptRoutines.c ****             push_button_event = 1;
 542              		.loc 1 198 0
ARM GAS  C:\Users\LIUX\AppData\Local\Temp\ccXRDhpT.s 			page 14


 543 0026 0121     		movs	r1, #1
 544 0028 164A     		ldr	r2, .L38+4
 545 002a 1170     		strb	r1, [r2]
 199:InterruptRoutines.c ****             elapsed_time = 5*(60000-TIMER_COUNTER);///200;
 546              		.loc 1 199 0
 547 002c C3F56A43 		rsb	r3, r3, #59904
 548 0030 6033     		adds	r3, r3, #96
 549 0032 03EB8303 		add	r3, r3, r3, lsl #2
 550 0036 9BB2     		uxth	r3, r3
 551 0038 134A     		ldr	r2, .L38+8
 552 003a 1380     		strh	r3, [r2]	@ movhi
 200:InterruptRoutines.c ****             sprintf(elapsed_time_string, "     Elapsed time: %dms \r\n", elapsed_time);
 553              		.loc 1 200 0
 554 003c 1288     		ldrh	r2, [r2]
 555 003e 92B2     		uxth	r2, r2
 556 0040 1249     		ldr	r1, .L38+12
 557 0042 1348     		ldr	r0, .L38+16
 558 0044 FFF7FEFF 		bl	sprintf
 559              	.LVL4:
 560              	.L34:
 201:InterruptRoutines.c ****             // TODO
 202:InterruptRoutines.c ****         }
 203:InterruptRoutines.c ****         
 204:InterruptRoutines.c ****         // if 5 seconds haven't been elapsed
 205:InterruptRoutines.c ****         if(TIMER_COUNTER > 59000){
 561              		.loc 1 205 0
 562 0048 0D4B     		ldr	r3, .L38
 563 004a 5B88     		ldrh	r3, [r3, #2]
 564 004c 4EF27862 		movw	r2, #59000
 565 0050 9342     		cmp	r3, r2
 566 0052 10D9     		bls	.L35
 206:InterruptRoutines.c ****             push_button_event = 2;
 567              		.loc 1 206 0
 568 0054 0221     		movs	r1, #2
 569 0056 0B4A     		ldr	r2, .L38+4
 570 0058 1170     		strb	r1, [r2]
 207:InterruptRoutines.c ****             elapsed_time = 5*(60000-TIMER_COUNTER);///200;
 571              		.loc 1 207 0
 572 005a C3F56A43 		rsb	r3, r3, #59904
 573 005e 6033     		adds	r3, r3, #96
 574 0060 03EB8303 		add	r3, r3, r3, lsl #2
 575 0064 9BB2     		uxth	r3, r3
 576 0066 084A     		ldr	r2, .L38+8
 577 0068 1380     		strh	r3, [r2]	@ movhi
 208:InterruptRoutines.c ****             sprintf(elapsed_time_string, "     Elapsed time: %dms \r\n", elapsed_time);
 578              		.loc 1 208 0
 579 006a 1288     		ldrh	r2, [r2]
 580 006c 92B2     		uxth	r2, r2
 581 006e 0749     		ldr	r1, .L38+12
 582 0070 0748     		ldr	r0, .L38+16
 583 0072 FFF7FEFF 		bl	sprintf
 584              	.LVL5:
 585              	.L35:
 209:InterruptRoutines.c ****             // TODO
 210:InterruptRoutines.c ****         }
 211:InterruptRoutines.c ****         
 212:InterruptRoutines.c ****         Timer_PB_Stop();
ARM GAS  C:\Users\LIUX\AppData\Local\Temp\ccXRDhpT.s 			page 15


 586              		.loc 1 212 0
 587 0076 FFF7FEFF 		bl	Timer_PB_Stop
 588              	.LVL6:
 589 007a 10BD     		pop	{r4, pc}
 590              	.L37:
 591              		.cfi_def_cfa_offset 0
 592              		.cfi_restore 4
 593              		.cfi_restore 14
 594 007c 7047     		bx	lr
 595              	.L39:
 596 007e 00BF     		.align	2
 597              	.L38:
 598 0080 00000000 		.word	.LANCHOR0
 599 0084 00000000 		.word	push_button_event
 600 0088 00000000 		.word	elapsed_time
 601 008c 00000000 		.word	.LC0
 602 0090 00000000 		.word	elapsed_time_string
 603              		.cfi_endproc
 604              	.LFE68:
 605              		.size	ISR_PB_HIGH, .-ISR_PB_HIGH
 606              		.global	LED_EXT_EEPROM_FULL
 607              		.global	LED_ACQUISITION_ON
 608              		.global	TIMER_COUNTER
 609              		.global	PB_PRESSED
 610              		.comm	ch_receveid,1,1
 611              		.comm	push_button_event,1,1
 612              		.comm	summary_ready,1,1
 613              		.comm	OPTION_AS,1,1
 614              		.comm	OPTION_SF,1,1
 615              		.comm	OPTION_FSR,1,1
 616              		.comm	FLAG_BS,1,1
 617              		.comm	FLAG_AS,1,1
 618              		.comm	FLAG_SF,1,1
 619              		.comm	FLAG_FSR,1,1
 620              		.comm	elapsed_time,2,2
 621              		.comm	elapsed_time_string,64,4
 622              		.section	.rodata
 623              		.align	2
 624              		.type	LED_EXT_EEPROM_FULL, %object
 625              		.size	LED_EXT_EEPROM_FULL, 4
 626              	LED_EXT_EEPROM_FULL:
 627 0000 3100     		.short	49
 628 0002 1900     		.short	25
 629              		.type	LED_ACQUISITION_ON, %object
 630              		.size	LED_ACQUISITION_ON, 4
 631              	LED_ACQUISITION_ON:
 632 0004 C700     		.short	199
 633 0006 6400     		.short	100
 634              		.section	.rodata.str1.4,"aMS",%progbits,1
 635              		.align	2
 636              	.LC0:
 637 0000 20202020 		.ascii	"     Elapsed time: %dms \015\012\000"
 637      20456C61 
 637      70736564 
 637      2074696D 
 637      653A2025 
 638              		.bss
ARM GAS  C:\Users\LIUX\AppData\Local\Temp\ccXRDhpT.s 			page 16


 639              		.align	1
 640              		.set	.LANCHOR0,. + 0
 641              		.type	PB_PRESSED, %object
 642              		.size	PB_PRESSED, 1
 643              	PB_PRESSED:
 644 0000 00       		.space	1
 645 0001 00       		.space	1
 646              		.type	TIMER_COUNTER, %object
 647              		.size	TIMER_COUNTER, 2
 648              	TIMER_COUNTER:
 649 0002 0000     		.space	2
 650              		.text
 651              	.Letext0:
 652              		.file 2 "c:\\program files\\cypress\\psoc creator\\4.3\\psoc creator\\import\\gnu\\arm\\5.4.1\\arm
 653              		.file 3 "c:\\program files\\cypress\\psoc creator\\4.3\\psoc creator\\import\\gnu\\arm\\5.4.1\\arm
 654              		.file 4 "Generated_Source\\PSoC5/cytypes.h"
 655              		.file 5 "InterruptRoutines.h"
 656              		.file 6 "Pages.h"
 657              		.file 7 "Generated_Source\\PSoC5/core_cm3.h"
 658              		.file 8 "Generated_Source\\PSoC5/UART.h"
 659              		.file 9 "Generated_Source\\PSoC5/Timer_PB.h"
 660              		.file 10 "c:\\program files\\cypress\\psoc creator\\4.3\\psoc creator\\import\\gnu\\arm\\5.4.1\\ar
 661              		.section	.debug_info,"",%progbits
 662              	.Ldebug_info0:
 663 0000 4C030000 		.4byte	0x34c
 664 0004 0400     		.2byte	0x4
 665 0006 00000000 		.4byte	.Ldebug_abbrev0
 666 000a 04       		.byte	0x4
 667 000b 01       		.uleb128 0x1
 668 000c 12010000 		.4byte	.LASF50
 669 0010 0C       		.byte	0xc
 670 0011 3C030000 		.4byte	.LASF51
 671 0015 50000000 		.4byte	.LASF52
 672 0019 00000000 		.4byte	.Ldebug_ranges0+0
 673 001d 00000000 		.4byte	0
 674 0021 00000000 		.4byte	.Ldebug_line0
 675 0025 02       		.uleb128 0x2
 676 0026 01       		.byte	0x1
 677 0027 06       		.byte	0x6
 678 0028 00030000 		.4byte	.LASF0
 679 002c 03       		.uleb128 0x3
 680 002d 12000000 		.4byte	.LASF3
 681 0031 02       		.byte	0x2
 682 0032 1D       		.byte	0x1d
 683 0033 37000000 		.4byte	0x37
 684 0037 02       		.uleb128 0x2
 685 0038 01       		.byte	0x1
 686 0039 08       		.byte	0x8
 687 003a 04010000 		.4byte	.LASF1
 688 003e 02       		.uleb128 0x2
 689 003f 02       		.byte	0x2
 690 0040 05       		.byte	0x5
 691 0041 CB020000 		.4byte	.LASF2
 692 0045 03       		.uleb128 0x3
 693 0046 DD010000 		.4byte	.LASF4
 694 004a 02       		.byte	0x2
 695 004b 2B       		.byte	0x2b
ARM GAS  C:\Users\LIUX\AppData\Local\Temp\ccXRDhpT.s 			page 17


 696 004c 50000000 		.4byte	0x50
 697 0050 02       		.uleb128 0x2
 698 0051 02       		.byte	0x2
 699 0052 07       		.byte	0x7
 700 0053 BD010000 		.4byte	.LASF5
 701 0057 03       		.uleb128 0x3
 702 0058 3E000000 		.4byte	.LASF6
 703 005c 02       		.byte	0x2
 704 005d 3F       		.byte	0x3f
 705 005e 62000000 		.4byte	0x62
 706 0062 02       		.uleb128 0x2
 707 0063 04       		.byte	0x4
 708 0064 05       		.byte	0x5
 709 0065 E5020000 		.4byte	.LASF7
 710 0069 02       		.uleb128 0x2
 711 006a 04       		.byte	0x4
 712 006b 07       		.byte	0x7
 713 006c AB010000 		.4byte	.LASF8
 714 0070 02       		.uleb128 0x2
 715 0071 08       		.byte	0x8
 716 0072 05       		.byte	0x5
 717 0073 7E020000 		.4byte	.LASF9
 718 0077 02       		.uleb128 0x2
 719 0078 08       		.byte	0x8
 720 0079 07       		.byte	0x7
 721 007a 22020000 		.4byte	.LASF10
 722 007e 04       		.uleb128 0x4
 723 007f 04       		.byte	0x4
 724 0080 05       		.byte	0x5
 725 0081 696E7400 		.ascii	"int\000"
 726 0085 02       		.uleb128 0x2
 727 0086 04       		.byte	0x4
 728 0087 07       		.byte	0x7
 729 0088 15020000 		.4byte	.LASF11
 730 008c 03       		.uleb128 0x3
 731 008d 39020000 		.4byte	.LASF12
 732 0091 03       		.byte	0x3
 733 0092 18       		.byte	0x18
 734 0093 2C000000 		.4byte	0x2c
 735 0097 03       		.uleb128 0x3
 736 0098 D5020000 		.4byte	.LASF13
 737 009c 03       		.byte	0x3
 738 009d 24       		.byte	0x24
 739 009e 45000000 		.4byte	0x45
 740 00a2 03       		.uleb128 0x3
 741 00a3 D7000000 		.4byte	.LASF14
 742 00a7 03       		.byte	0x3
 743 00a8 2C       		.byte	0x2c
 744 00a9 57000000 		.4byte	0x57
 745 00ad 05       		.uleb128 0x5
 746 00ae BC000000 		.4byte	.LASF15
 747 00b2 04       		.byte	0x4
 748 00b3 E401     		.2byte	0x1e4
 749 00b5 37000000 		.4byte	0x37
 750 00b9 05       		.uleb128 0x5
 751 00ba FB010000 		.4byte	.LASF16
 752 00be 04       		.byte	0x4
ARM GAS  C:\Users\LIUX\AppData\Local\Temp\ccXRDhpT.s 			page 18


 753 00bf E501     		.2byte	0x1e5
 754 00c1 50000000 		.4byte	0x50
 755 00c5 02       		.uleb128 0x2
 756 00c6 04       		.byte	0x4
 757 00c7 04       		.byte	0x4
 758 00c8 F6000000 		.4byte	.LASF17
 759 00cc 02       		.uleb128 0x2
 760 00cd 08       		.byte	0x8
 761 00ce 04       		.byte	0x4
 762 00cf E8010000 		.4byte	.LASF18
 763 00d3 02       		.uleb128 0x2
 764 00d4 01       		.byte	0x1
 765 00d5 08       		.byte	0x8
 766 00d6 EE020000 		.4byte	.LASF19
 767 00da 06       		.uleb128 0x6
 768 00db AD000000 		.4byte	0xad
 769 00df 06       		.uleb128 0x6
 770 00e0 B9000000 		.4byte	0xb9
 771 00e4 02       		.uleb128 0x2
 772 00e5 08       		.byte	0x8
 773 00e6 04       		.byte	0x4
 774 00e7 EF010000 		.4byte	.LASF20
 775 00eb 02       		.uleb128 0x2
 776 00ec 04       		.byte	0x4
 777 00ed 07       		.byte	0x7
 778 00ee 75020000 		.4byte	.LASF21
 779 00f2 07       		.uleb128 0x7
 780 00f3 04       		.byte	0x4
 781 00f4 05       		.byte	0x5
 782 00f5 17       		.byte	0x17
 783 00f6 13010000 		.4byte	0x113
 784 00fa 08       		.uleb128 0x8
 785 00fb DE020000 		.4byte	.LASF22
 786 00ff 05       		.byte	0x5
 787 0100 18       		.byte	0x18
 788 0101 97000000 		.4byte	0x97
 789 0105 00       		.byte	0
 790 0106 09       		.uleb128 0x9
 791 0107 434D5000 		.ascii	"CMP\000"
 792 010b 05       		.byte	0x5
 793 010c 19       		.byte	0x19
 794 010d 97000000 		.4byte	0x97
 795 0111 02       		.byte	0x2
 796 0112 00       		.byte	0
 797 0113 03       		.uleb128 0x3
 798 0114 41020000 		.4byte	.LASF23
 799 0118 05       		.byte	0x5
 800 0119 1A       		.byte	0x1a
 801 011a F2000000 		.4byte	0xf2
 802 011e 0A       		.uleb128 0xa
 803 011f 8C020000 		.4byte	.LASF24
 804 0123 01       		.byte	0x1
 805 0124 31       		.byte	0x31
 806 0125 00000000 		.4byte	.LFB66
 807 0129 E4020000 		.4byte	.LFE66-.LFB66
 808 012d 01       		.uleb128 0x1
 809 012e 9C       		.byte	0x9c
ARM GAS  C:\Users\LIUX\AppData\Local\Temp\ccXRDhpT.s 			page 19


 810 012f 3D010000 		.4byte	0x13d
 811 0133 0B       		.uleb128 0xb
 812 0134 06000000 		.4byte	.LVL0
 813 0138 0D030000 		.4byte	0x30d
 814 013c 00       		.byte	0
 815 013d 0A       		.uleb128 0xa
 816 013e A0010000 		.4byte	.LASF25
 817 0142 01       		.byte	0x1
 818 0143 B8       		.byte	0xb8
 819 0144 00000000 		.4byte	.LFB67
 820 0148 14000000 		.4byte	.LFE67-.LFB67
 821 014c 01       		.uleb128 0x1
 822 014d 9C       		.byte	0x9c
 823 014e 5C010000 		.4byte	0x15c
 824 0152 0B       		.uleb128 0xb
 825 0153 0C000000 		.4byte	.LVL1
 826 0157 18030000 		.4byte	0x318
 827 015b 00       		.byte	0
 828 015c 0A       		.uleb128 0xa
 829 015d B5020000 		.4byte	.LASF26
 830 0161 01       		.byte	0x1
 831 0162 BD       		.byte	0xbd
 832 0163 00000000 		.4byte	.LFB68
 833 0167 94000000 		.4byte	.LFE68-.LFB68
 834 016b 01       		.uleb128 0x1
 835 016c 9C       		.byte	0x9c
 836 016d D7010000 		.4byte	0x1d7
 837 0171 0B       		.uleb128 0xb
 838 0172 0E000000 		.4byte	.LVL2
 839 0176 23030000 		.4byte	0x323
 840 017a 0C       		.uleb128 0xc
 841 017b 18000000 		.4byte	.LVL3
 842 017f 2E030000 		.4byte	0x32e
 843 0183 8D010000 		.4byte	0x18d
 844 0187 0D       		.uleb128 0xd
 845 0188 01       		.uleb128 0x1
 846 0189 50       		.byte	0x50
 847 018a 01       		.uleb128 0x1
 848 018b 30       		.byte	0x30
 849 018c 00       		.byte	0
 850 018d 0C       		.uleb128 0xc
 851 018e 48000000 		.4byte	.LVL4
 852 0192 39030000 		.4byte	0x339
 853 0196 AD010000 		.4byte	0x1ad
 854 019a 0D       		.uleb128 0xd
 855 019b 01       		.uleb128 0x1
 856 019c 50       		.byte	0x50
 857 019d 05       		.uleb128 0x5
 858 019e 03       		.byte	0x3
 859 019f 00000000 		.4byte	elapsed_time_string
 860 01a3 0D       		.uleb128 0xd
 861 01a4 01       		.uleb128 0x1
 862 01a5 51       		.byte	0x51
 863 01a6 05       		.uleb128 0x5
 864 01a7 03       		.byte	0x3
 865 01a8 00000000 		.4byte	.LC0
 866 01ac 00       		.byte	0
ARM GAS  C:\Users\LIUX\AppData\Local\Temp\ccXRDhpT.s 			page 20


 867 01ad 0C       		.uleb128 0xc
 868 01ae 76000000 		.4byte	.LVL5
 869 01b2 39030000 		.4byte	0x339
 870 01b6 CD010000 		.4byte	0x1cd
 871 01ba 0D       		.uleb128 0xd
 872 01bb 01       		.uleb128 0x1
 873 01bc 50       		.byte	0x50
 874 01bd 05       		.uleb128 0x5
 875 01be 03       		.byte	0x3
 876 01bf 00000000 		.4byte	elapsed_time_string
 877 01c3 0D       		.uleb128 0xd
 878 01c4 01       		.uleb128 0x1
 879 01c5 51       		.byte	0x51
 880 01c6 05       		.uleb128 0x5
 881 01c7 03       		.byte	0x3
 882 01c8 00000000 		.4byte	.LC0
 883 01cc 00       		.byte	0
 884 01cd 0B       		.uleb128 0xb
 885 01ce 7A000000 		.4byte	.LVL6
 886 01d2 44030000 		.4byte	0x344
 887 01d6 00       		.byte	0
 888 01d7 0E       		.uleb128 0xe
 889 01d8 D3000000 		.4byte	0xd3
 890 01dc E7010000 		.4byte	0x1e7
 891 01e0 0F       		.uleb128 0xf
 892 01e1 EB000000 		.4byte	0xeb
 893 01e5 3F       		.byte	0x3f
 894 01e6 00       		.byte	0
 895 01e7 10       		.uleb128 0x10
 896 01e8 46020000 		.4byte	.LASF27
 897 01ec 05       		.byte	0x5
 898 01ed 13       		.byte	0x13
 899 01ee D7010000 		.4byte	0x1d7
 900 01f2 05       		.uleb128 0x5
 901 01f3 03       		.byte	0x3
 902 01f4 00000000 		.4byte	elapsed_time_string
 903 01f8 10       		.uleb128 0x10
 904 01f9 F3020000 		.4byte	.LASF28
 905 01fd 05       		.byte	0x5
 906 01fe 14       		.byte	0x14
 907 01ff DF000000 		.4byte	0xdf
 908 0203 05       		.uleb128 0x5
 909 0204 03       		.byte	0x3
 910 0205 00000000 		.4byte	elapsed_time
 911 0209 10       		.uleb128 0x10
 912 020a 0C020000 		.4byte	.LASF29
 913 020e 06       		.byte	0x6
 914 020f 19       		.byte	0x19
 915 0210 DA000000 		.4byte	0xda
 916 0214 05       		.uleb128 0x5
 917 0215 03       		.byte	0x3
 918 0216 00000000 		.4byte	FLAG_FSR
 919 021a 10       		.uleb128 0x10
 920 021b 5A020000 		.4byte	.LASF30
 921 021f 06       		.byte	0x6
 922 0220 1A       		.byte	0x1a
 923 0221 DA000000 		.4byte	0xda
ARM GAS  C:\Users\LIUX\AppData\Local\Temp\ccXRDhpT.s 			page 21


 924 0225 05       		.uleb128 0x5
 925 0226 03       		.byte	0x3
 926 0227 00000000 		.4byte	FLAG_SF
 927 022b 10       		.uleb128 0x10
 928 022c FC000000 		.4byte	.LASF31
 929 0230 06       		.byte	0x6
 930 0231 1B       		.byte	0x1b
 931 0232 DA000000 		.4byte	0xda
 932 0236 05       		.uleb128 0x5
 933 0237 03       		.byte	0x3
 934 0238 00000000 		.4byte	FLAG_AS
 935 023c 10       		.uleb128 0x10
 936 023d 48000000 		.4byte	.LASF32
 937 0241 06       		.byte	0x6
 938 0242 1C       		.byte	0x1c
 939 0243 DA000000 		.4byte	0xda
 940 0247 05       		.uleb128 0x5
 941 0248 03       		.byte	0x3
 942 0249 00000000 		.4byte	FLAG_BS
 943 024d 10       		.uleb128 0x10
 944 024e 23030000 		.4byte	.LASF33
 945 0252 06       		.byte	0x6
 946 0253 1F       		.byte	0x1f
 947 0254 DA000000 		.4byte	0xda
 948 0258 05       		.uleb128 0x5
 949 0259 03       		.byte	0x3
 950 025a 00000000 		.4byte	OPTION_FSR
 951 025e 10       		.uleb128 0x10
 952 025f C1020000 		.4byte	.LASF34
 953 0263 06       		.byte	0x6
 954 0264 20       		.byte	0x20
 955 0265 DA000000 		.4byte	0xda
 956 0269 05       		.uleb128 0x5
 957 026a 03       		.byte	0x3
 958 026b 00000000 		.4byte	OPTION_SF
 959 026f 10       		.uleb128 0x10
 960 0270 02020000 		.4byte	.LASF35
 961 0274 06       		.byte	0x6
 962 0275 21       		.byte	0x21
 963 0276 DA000000 		.4byte	0xda
 964 027a 05       		.uleb128 0x5
 965 027b 03       		.byte	0x3
 966 027c 00000000 		.4byte	OPTION_AS
 967 0280 10       		.uleb128 0x10
 968 0281 30000000 		.4byte	.LASF36
 969 0285 06       		.byte	0x6
 970 0286 24       		.byte	0x24
 971 0287 DA000000 		.4byte	0xda
 972 028b 05       		.uleb128 0x5
 973 028c 03       		.byte	0x3
 974 028d 00000000 		.4byte	summary_ready
 975 0291 10       		.uleb128 0x10
 976 0292 00000000 		.4byte	.LASF37
 977 0296 06       		.byte	0x6
 978 0297 25       		.byte	0x25
 979 0298 DA000000 		.4byte	0xda
 980 029c 05       		.uleb128 0x5
ARM GAS  C:\Users\LIUX\AppData\Local\Temp\ccXRDhpT.s 			page 22


 981 029d 03       		.byte	0x3
 982 029e 00000000 		.4byte	push_button_event
 983 02a2 11       		.uleb128 0x11
 984 02a3 D0010000 		.4byte	.LASF38
 985 02a7 07       		.byte	0x7
 986 02a8 1207     		.2byte	0x712
 987 02aa AE020000 		.4byte	0x2ae
 988 02ae 06       		.uleb128 0x6
 989 02af A2000000 		.4byte	0xa2
 990 02b3 10       		.uleb128 0x10
 991 02b4 DF000000 		.4byte	.LASF39
 992 02b8 01       		.byte	0x1
 993 02b9 18       		.byte	0x18
 994 02ba AD000000 		.4byte	0xad
 995 02be 05       		.uleb128 0x5
 996 02bf 03       		.byte	0x3
 997 02c0 00000000 		.4byte	ch_receveid
 998 02c4 10       		.uleb128 0x10
 999 02c5 EB000000 		.4byte	.LASF40
 1000 02c9 01       		.byte	0x1
 1001 02ca 19       		.byte	0x19
 1002 02cb 8C000000 		.4byte	0x8c
 1003 02cf 05       		.uleb128 0x5
 1004 02d0 03       		.byte	0x3
 1005 02d1 00000000 		.4byte	PB_PRESSED
 1006 02d5 10       		.uleb128 0x10
 1007 02d6 A7020000 		.4byte	.LASF41
 1008 02da 01       		.byte	0x1
 1009 02db 1A       		.byte	0x1a
 1010 02dc 97000000 		.4byte	0x97
 1011 02e0 05       		.uleb128 0x5
 1012 02e1 03       		.byte	0x3
 1013 02e2 00000000 		.4byte	TIMER_COUNTER
 1014 02e6 10       		.uleb128 0x10
 1015 02e7 62020000 		.4byte	.LASF42
 1016 02eb 01       		.byte	0x1
 1017 02ec 1B       		.byte	0x1b
 1018 02ed F7020000 		.4byte	0x2f7
 1019 02f1 05       		.uleb128 0x5
 1020 02f2 03       		.byte	0x3
 1021 02f3 00000000 		.4byte	LED_ACQUISITION_ON
 1022 02f7 12       		.uleb128 0x12
 1023 02f8 13010000 		.4byte	0x113
 1024 02fc 10       		.uleb128 0x10
 1025 02fd 1C000000 		.4byte	.LASF43
 1026 0301 01       		.byte	0x1
 1027 0302 1C       		.byte	0x1c
 1028 0303 F7020000 		.4byte	0x2f7
 1029 0307 05       		.uleb128 0x5
 1030 0308 03       		.byte	0x3
 1031 0309 00000000 		.4byte	LED_EXT_EEPROM_FULL
 1032 030d 13       		.uleb128 0x13
 1033 030e 9A020000 		.4byte	.LASF44
 1034 0312 9A020000 		.4byte	.LASF44
 1035 0316 08       		.byte	0x8
 1036 0317 71       		.byte	0x71
 1037 0318 13       		.uleb128 0x13
ARM GAS  C:\Users\LIUX\AppData\Local\Temp\ccXRDhpT.s 			page 23


 1038 0319 0C030000 		.4byte	.LASF45
 1039 031d 0C030000 		.4byte	.LASF45
 1040 0321 09       		.byte	0x9
 1041 0322 5A       		.byte	0x5a
 1042 0323 13       		.uleb128 0x13
 1043 0324 C2000000 		.4byte	.LASF46
 1044 0328 C2000000 		.4byte	.LASF46
 1045 032c 09       		.byte	0x9
 1046 032d 69       		.byte	0x69
 1047 032e 13       		.uleb128 0x13
 1048 032f A6000000 		.4byte	.LASF47
 1049 0333 A6000000 		.4byte	.LASF47
 1050 0337 09       		.byte	0x9
 1051 0338 6A       		.byte	0x6a
 1052 0339 13       		.uleb128 0x13
 1053 033a 1B030000 		.4byte	.LASF48
 1054 033e 1B030000 		.4byte	.LASF48
 1055 0342 0A       		.byte	0xa
 1056 0343 E7       		.byte	0xe7
 1057 0344 13       		.uleb128 0x13
 1058 0345 2E030000 		.4byte	.LASF49
 1059 0349 2E030000 		.4byte	.LASF49
 1060 034d 09       		.byte	0x9
 1061 034e 5B       		.byte	0x5b
 1062 034f 00       		.byte	0
 1063              		.section	.debug_abbrev,"",%progbits
 1064              	.Ldebug_abbrev0:
 1065 0000 01       		.uleb128 0x1
 1066 0001 11       		.uleb128 0x11
 1067 0002 01       		.byte	0x1
 1068 0003 25       		.uleb128 0x25
 1069 0004 0E       		.uleb128 0xe
 1070 0005 13       		.uleb128 0x13
 1071 0006 0B       		.uleb128 0xb
 1072 0007 03       		.uleb128 0x3
 1073 0008 0E       		.uleb128 0xe
 1074 0009 1B       		.uleb128 0x1b
 1075 000a 0E       		.uleb128 0xe
 1076 000b 55       		.uleb128 0x55
 1077 000c 17       		.uleb128 0x17
 1078 000d 11       		.uleb128 0x11
 1079 000e 01       		.uleb128 0x1
 1080 000f 10       		.uleb128 0x10
 1081 0010 17       		.uleb128 0x17
 1082 0011 00       		.byte	0
 1083 0012 00       		.byte	0
 1084 0013 02       		.uleb128 0x2
 1085 0014 24       		.uleb128 0x24
 1086 0015 00       		.byte	0
 1087 0016 0B       		.uleb128 0xb
 1088 0017 0B       		.uleb128 0xb
 1089 0018 3E       		.uleb128 0x3e
 1090 0019 0B       		.uleb128 0xb
 1091 001a 03       		.uleb128 0x3
 1092 001b 0E       		.uleb128 0xe
 1093 001c 00       		.byte	0
 1094 001d 00       		.byte	0
ARM GAS  C:\Users\LIUX\AppData\Local\Temp\ccXRDhpT.s 			page 24


 1095 001e 03       		.uleb128 0x3
 1096 001f 16       		.uleb128 0x16
 1097 0020 00       		.byte	0
 1098 0021 03       		.uleb128 0x3
 1099 0022 0E       		.uleb128 0xe
 1100 0023 3A       		.uleb128 0x3a
 1101 0024 0B       		.uleb128 0xb
 1102 0025 3B       		.uleb128 0x3b
 1103 0026 0B       		.uleb128 0xb
 1104 0027 49       		.uleb128 0x49
 1105 0028 13       		.uleb128 0x13
 1106 0029 00       		.byte	0
 1107 002a 00       		.byte	0
 1108 002b 04       		.uleb128 0x4
 1109 002c 24       		.uleb128 0x24
 1110 002d 00       		.byte	0
 1111 002e 0B       		.uleb128 0xb
 1112 002f 0B       		.uleb128 0xb
 1113 0030 3E       		.uleb128 0x3e
 1114 0031 0B       		.uleb128 0xb
 1115 0032 03       		.uleb128 0x3
 1116 0033 08       		.uleb128 0x8
 1117 0034 00       		.byte	0
 1118 0035 00       		.byte	0
 1119 0036 05       		.uleb128 0x5
 1120 0037 16       		.uleb128 0x16
 1121 0038 00       		.byte	0
 1122 0039 03       		.uleb128 0x3
 1123 003a 0E       		.uleb128 0xe
 1124 003b 3A       		.uleb128 0x3a
 1125 003c 0B       		.uleb128 0xb
 1126 003d 3B       		.uleb128 0x3b
 1127 003e 05       		.uleb128 0x5
 1128 003f 49       		.uleb128 0x49
 1129 0040 13       		.uleb128 0x13
 1130 0041 00       		.byte	0
 1131 0042 00       		.byte	0
 1132 0043 06       		.uleb128 0x6
 1133 0044 35       		.uleb128 0x35
 1134 0045 00       		.byte	0
 1135 0046 49       		.uleb128 0x49
 1136 0047 13       		.uleb128 0x13
 1137 0048 00       		.byte	0
 1138 0049 00       		.byte	0
 1139 004a 07       		.uleb128 0x7
 1140 004b 13       		.uleb128 0x13
 1141 004c 01       		.byte	0x1
 1142 004d 0B       		.uleb128 0xb
 1143 004e 0B       		.uleb128 0xb
 1144 004f 3A       		.uleb128 0x3a
 1145 0050 0B       		.uleb128 0xb
 1146 0051 3B       		.uleb128 0x3b
 1147 0052 0B       		.uleb128 0xb
 1148 0053 01       		.uleb128 0x1
 1149 0054 13       		.uleb128 0x13
 1150 0055 00       		.byte	0
 1151 0056 00       		.byte	0
ARM GAS  C:\Users\LIUX\AppData\Local\Temp\ccXRDhpT.s 			page 25


 1152 0057 08       		.uleb128 0x8
 1153 0058 0D       		.uleb128 0xd
 1154 0059 00       		.byte	0
 1155 005a 03       		.uleb128 0x3
 1156 005b 0E       		.uleb128 0xe
 1157 005c 3A       		.uleb128 0x3a
 1158 005d 0B       		.uleb128 0xb
 1159 005e 3B       		.uleb128 0x3b
 1160 005f 0B       		.uleb128 0xb
 1161 0060 49       		.uleb128 0x49
 1162 0061 13       		.uleb128 0x13
 1163 0062 38       		.uleb128 0x38
 1164 0063 0B       		.uleb128 0xb
 1165 0064 00       		.byte	0
 1166 0065 00       		.byte	0
 1167 0066 09       		.uleb128 0x9
 1168 0067 0D       		.uleb128 0xd
 1169 0068 00       		.byte	0
 1170 0069 03       		.uleb128 0x3
 1171 006a 08       		.uleb128 0x8
 1172 006b 3A       		.uleb128 0x3a
 1173 006c 0B       		.uleb128 0xb
 1174 006d 3B       		.uleb128 0x3b
 1175 006e 0B       		.uleb128 0xb
 1176 006f 49       		.uleb128 0x49
 1177 0070 13       		.uleb128 0x13
 1178 0071 38       		.uleb128 0x38
 1179 0072 0B       		.uleb128 0xb
 1180 0073 00       		.byte	0
 1181 0074 00       		.byte	0
 1182 0075 0A       		.uleb128 0xa
 1183 0076 2E       		.uleb128 0x2e
 1184 0077 01       		.byte	0x1
 1185 0078 3F       		.uleb128 0x3f
 1186 0079 19       		.uleb128 0x19
 1187 007a 03       		.uleb128 0x3
 1188 007b 0E       		.uleb128 0xe
 1189 007c 3A       		.uleb128 0x3a
 1190 007d 0B       		.uleb128 0xb
 1191 007e 3B       		.uleb128 0x3b
 1192 007f 0B       		.uleb128 0xb
 1193 0080 27       		.uleb128 0x27
 1194 0081 19       		.uleb128 0x19
 1195 0082 11       		.uleb128 0x11
 1196 0083 01       		.uleb128 0x1
 1197 0084 12       		.uleb128 0x12
 1198 0085 06       		.uleb128 0x6
 1199 0086 40       		.uleb128 0x40
 1200 0087 18       		.uleb128 0x18
 1201 0088 9742     		.uleb128 0x2117
 1202 008a 19       		.uleb128 0x19
 1203 008b 01       		.uleb128 0x1
 1204 008c 13       		.uleb128 0x13
 1205 008d 00       		.byte	0
 1206 008e 00       		.byte	0
 1207 008f 0B       		.uleb128 0xb
 1208 0090 898201   		.uleb128 0x4109
ARM GAS  C:\Users\LIUX\AppData\Local\Temp\ccXRDhpT.s 			page 26


 1209 0093 00       		.byte	0
 1210 0094 11       		.uleb128 0x11
 1211 0095 01       		.uleb128 0x1
 1212 0096 31       		.uleb128 0x31
 1213 0097 13       		.uleb128 0x13
 1214 0098 00       		.byte	0
 1215 0099 00       		.byte	0
 1216 009a 0C       		.uleb128 0xc
 1217 009b 898201   		.uleb128 0x4109
 1218 009e 01       		.byte	0x1
 1219 009f 11       		.uleb128 0x11
 1220 00a0 01       		.uleb128 0x1
 1221 00a1 31       		.uleb128 0x31
 1222 00a2 13       		.uleb128 0x13
 1223 00a3 01       		.uleb128 0x1
 1224 00a4 13       		.uleb128 0x13
 1225 00a5 00       		.byte	0
 1226 00a6 00       		.byte	0
 1227 00a7 0D       		.uleb128 0xd
 1228 00a8 8A8201   		.uleb128 0x410a
 1229 00ab 00       		.byte	0
 1230 00ac 02       		.uleb128 0x2
 1231 00ad 18       		.uleb128 0x18
 1232 00ae 9142     		.uleb128 0x2111
 1233 00b0 18       		.uleb128 0x18
 1234 00b1 00       		.byte	0
 1235 00b2 00       		.byte	0
 1236 00b3 0E       		.uleb128 0xe
 1237 00b4 01       		.uleb128 0x1
 1238 00b5 01       		.byte	0x1
 1239 00b6 49       		.uleb128 0x49
 1240 00b7 13       		.uleb128 0x13
 1241 00b8 01       		.uleb128 0x1
 1242 00b9 13       		.uleb128 0x13
 1243 00ba 00       		.byte	0
 1244 00bb 00       		.byte	0
 1245 00bc 0F       		.uleb128 0xf
 1246 00bd 21       		.uleb128 0x21
 1247 00be 00       		.byte	0
 1248 00bf 49       		.uleb128 0x49
 1249 00c0 13       		.uleb128 0x13
 1250 00c1 2F       		.uleb128 0x2f
 1251 00c2 0B       		.uleb128 0xb
 1252 00c3 00       		.byte	0
 1253 00c4 00       		.byte	0
 1254 00c5 10       		.uleb128 0x10
 1255 00c6 34       		.uleb128 0x34
 1256 00c7 00       		.byte	0
 1257 00c8 03       		.uleb128 0x3
 1258 00c9 0E       		.uleb128 0xe
 1259 00ca 3A       		.uleb128 0x3a
 1260 00cb 0B       		.uleb128 0xb
 1261 00cc 3B       		.uleb128 0x3b
 1262 00cd 0B       		.uleb128 0xb
 1263 00ce 49       		.uleb128 0x49
 1264 00cf 13       		.uleb128 0x13
 1265 00d0 3F       		.uleb128 0x3f
ARM GAS  C:\Users\LIUX\AppData\Local\Temp\ccXRDhpT.s 			page 27


 1266 00d1 19       		.uleb128 0x19
 1267 00d2 02       		.uleb128 0x2
 1268 00d3 18       		.uleb128 0x18
 1269 00d4 00       		.byte	0
 1270 00d5 00       		.byte	0
 1271 00d6 11       		.uleb128 0x11
 1272 00d7 34       		.uleb128 0x34
 1273 00d8 00       		.byte	0
 1274 00d9 03       		.uleb128 0x3
 1275 00da 0E       		.uleb128 0xe
 1276 00db 3A       		.uleb128 0x3a
 1277 00dc 0B       		.uleb128 0xb
 1278 00dd 3B       		.uleb128 0x3b
 1279 00de 05       		.uleb128 0x5
 1280 00df 49       		.uleb128 0x49
 1281 00e0 13       		.uleb128 0x13
 1282 00e1 3F       		.uleb128 0x3f
 1283 00e2 19       		.uleb128 0x19
 1284 00e3 3C       		.uleb128 0x3c
 1285 00e4 19       		.uleb128 0x19
 1286 00e5 00       		.byte	0
 1287 00e6 00       		.byte	0
 1288 00e7 12       		.uleb128 0x12
 1289 00e8 26       		.uleb128 0x26
 1290 00e9 00       		.byte	0
 1291 00ea 49       		.uleb128 0x49
 1292 00eb 13       		.uleb128 0x13
 1293 00ec 00       		.byte	0
 1294 00ed 00       		.byte	0
 1295 00ee 13       		.uleb128 0x13
 1296 00ef 2E       		.uleb128 0x2e
 1297 00f0 00       		.byte	0
 1298 00f1 3F       		.uleb128 0x3f
 1299 00f2 19       		.uleb128 0x19
 1300 00f3 3C       		.uleb128 0x3c
 1301 00f4 19       		.uleb128 0x19
 1302 00f5 6E       		.uleb128 0x6e
 1303 00f6 0E       		.uleb128 0xe
 1304 00f7 03       		.uleb128 0x3
 1305 00f8 0E       		.uleb128 0xe
 1306 00f9 3A       		.uleb128 0x3a
 1307 00fa 0B       		.uleb128 0xb
 1308 00fb 3B       		.uleb128 0x3b
 1309 00fc 0B       		.uleb128 0xb
 1310 00fd 00       		.byte	0
 1311 00fe 00       		.byte	0
 1312 00ff 00       		.byte	0
 1313              		.section	.debug_aranges,"",%progbits
 1314 0000 2C000000 		.4byte	0x2c
 1315 0004 0200     		.2byte	0x2
 1316 0006 00000000 		.4byte	.Ldebug_info0
 1317 000a 04       		.byte	0x4
 1318 000b 00       		.byte	0
 1319 000c 0000     		.2byte	0
 1320 000e 0000     		.2byte	0
 1321 0010 00000000 		.4byte	.LFB66
 1322 0014 E4020000 		.4byte	.LFE66-.LFB66
ARM GAS  C:\Users\LIUX\AppData\Local\Temp\ccXRDhpT.s 			page 28


 1323 0018 00000000 		.4byte	.LFB67
 1324 001c 14000000 		.4byte	.LFE67-.LFB67
 1325 0020 00000000 		.4byte	.LFB68
 1326 0024 94000000 		.4byte	.LFE68-.LFB68
 1327 0028 00000000 		.4byte	0
 1328 002c 00000000 		.4byte	0
 1329              		.section	.debug_ranges,"",%progbits
 1330              	.Ldebug_ranges0:
 1331 0000 00000000 		.4byte	.LFB66
 1332 0004 E4020000 		.4byte	.LFE66
 1333 0008 00000000 		.4byte	.LFB67
 1334 000c 14000000 		.4byte	.LFE67
 1335 0010 00000000 		.4byte	.LFB68
 1336 0014 94000000 		.4byte	.LFE68
 1337 0018 00000000 		.4byte	0
 1338 001c 00000000 		.4byte	0
 1339              		.section	.debug_line,"",%progbits
 1340              	.Ldebug_line0:
 1341 0000 EB020000 		.section	.debug_str,"MS",%progbits,1
 1341      0200F401 
 1341      00000201 
 1341      FB0E0D00 
 1341      01010101 
 1342              	.LASF37:
 1343 0000 70757368 		.ascii	"push_button_event\000"
 1343      5F627574 
 1343      746F6E5F 
 1343      6576656E 
 1343      7400
 1344              	.LASF3:
 1345 0012 5F5F7569 		.ascii	"__uint8_t\000"
 1345      6E74385F 
 1345      7400
 1346              	.LASF43:
 1347 001c 4C45445F 		.ascii	"LED_EXT_EEPROM_FULL\000"
 1347      4558545F 
 1347      45455052 
 1347      4F4D5F46 
 1347      554C4C00 
 1348              	.LASF36:
 1349 0030 73756D6D 		.ascii	"summary_ready\000"
 1349      6172795F 
 1349      72656164 
 1349      7900
 1350              	.LASF6:
 1351 003e 5F5F696E 		.ascii	"__int32_t\000"
 1351      7433325F 
 1351      7400
 1352              	.LASF32:
 1353 0048 464C4147 		.ascii	"FLAG_BS\000"
 1353      5F425300 
 1354              	.LASF52:
 1355 0050 433A5C55 		.ascii	"C:\\Users\\LIUX\\Desktop\\PROGETTI_COMPLETI\\ASSIGN"
 1355      73657273 
 1355      5C4C4955 
 1355      585C4465 
 1355      736B746F 
ARM GAS  C:\Users\LIUX\AppData\Local\Temp\ccXRDhpT.s 			page 29


 1356 007e 4D454E54 		.ascii	"MENT_finale_4\\ASSIGNMENT_finale_4.cydsn\000"
 1356      5F66696E 
 1356      616C655F 
 1356      345C4153 
 1356      5349474E 
 1357              	.LASF47:
 1358 00a6 54696D65 		.ascii	"Timer_PB_WriteCounter\000"
 1358      725F5042 
 1358      5F577269 
 1358      7465436F 
 1358      756E7465 
 1359              	.LASF15:
 1360 00bc 75696E74 		.ascii	"uint8\000"
 1360      3800
 1361              	.LASF46:
 1362 00c2 54696D65 		.ascii	"Timer_PB_ReadCounter\000"
 1362      725F5042 
 1362      5F526561 
 1362      64436F75 
 1362      6E746572 
 1363              	.LASF14:
 1364 00d7 696E7433 		.ascii	"int32_t\000"
 1364      325F7400 
 1365              	.LASF39:
 1366 00df 63685F72 		.ascii	"ch_receveid\000"
 1366      65636576 
 1366      65696400 
 1367              	.LASF40:
 1368 00eb 50425F50 		.ascii	"PB_PRESSED\000"
 1368      52455353 
 1368      454400
 1369              	.LASF17:
 1370 00f6 666C6F61 		.ascii	"float\000"
 1370      7400
 1371              	.LASF31:
 1372 00fc 464C4147 		.ascii	"FLAG_AS\000"
 1372      5F415300 
 1373              	.LASF1:
 1374 0104 756E7369 		.ascii	"unsigned char\000"
 1374      676E6564 
 1374      20636861 
 1374      7200
 1375              	.LASF50:
 1376 0112 474E5520 		.ascii	"GNU C11 5.4.1 20160609 (release) [ARM/embedded-5-br"
 1376      43313120 
 1376      352E342E 
 1376      31203230 
 1376      31363036 
 1377 0145 616E6368 		.ascii	"anch revision 237715] -mcpu=cortex-m3 -mthumb -g -O"
 1377      20726576 
 1377      6973696F 
 1377      6E203233 
 1377      37373135 
 1378 0178 67202D66 		.ascii	"g -ffunction-sections -ffat-lto-objects\000"
 1378      66756E63 
 1378      74696F6E 
 1378      2D736563 
ARM GAS  C:\Users\LIUX\AppData\Local\Temp\ccXRDhpT.s 			page 30


 1378      74696F6E 
 1379              	.LASF25:
 1380 01a0 4953525F 		.ascii	"ISR_PB_LOW\000"
 1380      50425F4C 
 1380      4F5700
 1381              	.LASF8:
 1382 01ab 6C6F6E67 		.ascii	"long unsigned int\000"
 1382      20756E73 
 1382      69676E65 
 1382      6420696E 
 1382      7400
 1383              	.LASF5:
 1384 01bd 73686F72 		.ascii	"short unsigned int\000"
 1384      7420756E 
 1384      7369676E 
 1384      65642069 
 1384      6E7400
 1385              	.LASF38:
 1386 01d0 49544D5F 		.ascii	"ITM_RxBuffer\000"
 1386      52784275 
 1386      66666572 
 1386      00
 1387              	.LASF4:
 1388 01dd 5F5F7569 		.ascii	"__uint16_t\000"
 1388      6E743136 
 1388      5F7400
 1389              	.LASF18:
 1390 01e8 646F7562 		.ascii	"double\000"
 1390      6C6500
 1391              	.LASF20:
 1392 01ef 6C6F6E67 		.ascii	"long double\000"
 1392      20646F75 
 1392      626C6500 
 1393              	.LASF16:
 1394 01fb 75696E74 		.ascii	"uint16\000"
 1394      313600
 1395              	.LASF35:
 1396 0202 4F505449 		.ascii	"OPTION_AS\000"
 1396      4F4E5F41 
 1396      5300
 1397              	.LASF29:
 1398 020c 464C4147 		.ascii	"FLAG_FSR\000"
 1398      5F465352 
 1398      00
 1399              	.LASF11:
 1400 0215 756E7369 		.ascii	"unsigned int\000"
 1400      676E6564 
 1400      20696E74 
 1400      00
 1401              	.LASF10:
 1402 0222 6C6F6E67 		.ascii	"long long unsigned int\000"
 1402      206C6F6E 
 1402      6720756E 
 1402      7369676E 
 1402      65642069 
 1403              	.LASF12:
 1404 0239 75696E74 		.ascii	"uint8_t\000"
ARM GAS  C:\Users\LIUX\AppData\Local\Temp\ccXRDhpT.s 			page 31


 1404      385F7400 
 1405              	.LASF23:
 1406 0241 6D6F6465 		.ascii	"mode\000"
 1406      00
 1407              	.LASF27:
 1408 0246 656C6170 		.ascii	"elapsed_time_string\000"
 1408      7365645F 
 1408      74696D65 
 1408      5F737472 
 1408      696E6700 
 1409              	.LASF30:
 1410 025a 464C4147 		.ascii	"FLAG_SF\000"
 1410      5F534600 
 1411              	.LASF42:
 1412 0262 4C45445F 		.ascii	"LED_ACQUISITION_ON\000"
 1412      41435155 
 1412      49534954 
 1412      494F4E5F 
 1412      4F4E00
 1413              	.LASF21:
 1414 0275 73697A65 		.ascii	"sizetype\000"
 1414      74797065 
 1414      00
 1415              	.LASF9:
 1416 027e 6C6F6E67 		.ascii	"long long int\000"
 1416      206C6F6E 
 1416      6720696E 
 1416      7400
 1417              	.LASF24:
 1418 028c 43757374 		.ascii	"Custom_ISR_RX\000"
 1418      6F6D5F49 
 1418      53525F52 
 1418      5800
 1419              	.LASF44:
 1420 029a 55415254 		.ascii	"UART_GetChar\000"
 1420      5F476574 
 1420      43686172 
 1420      00
 1421              	.LASF41:
 1422 02a7 54494D45 		.ascii	"TIMER_COUNTER\000"
 1422      525F434F 
 1422      554E5445 
 1422      5200
 1423              	.LASF26:
 1424 02b5 4953525F 		.ascii	"ISR_PB_HIGH\000"
 1424      50425F48 
 1424      49474800 
 1425              	.LASF34:
 1426 02c1 4F505449 		.ascii	"OPTION_SF\000"
 1426      4F4E5F53 
 1426      4600
 1427              	.LASF2:
 1428 02cb 73686F72 		.ascii	"short int\000"
 1428      7420696E 
 1428      7400
 1429              	.LASF13:
 1430 02d5 75696E74 		.ascii	"uint16_t\000"
ARM GAS  C:\Users\LIUX\AppData\Local\Temp\ccXRDhpT.s 			page 32


 1430      31365F74 
 1430      00
 1431              	.LASF22:
 1432 02de 50657269 		.ascii	"Period\000"
 1432      6F6400
 1433              	.LASF7:
 1434 02e5 6C6F6E67 		.ascii	"long int\000"
 1434      20696E74 
 1434      00
 1435              	.LASF19:
 1436 02ee 63686172 		.ascii	"char\000"
 1436      00
 1437              	.LASF28:
 1438 02f3 656C6170 		.ascii	"elapsed_time\000"
 1438      7365645F 
 1438      74696D65 
 1438      00
 1439              	.LASF0:
 1440 0300 7369676E 		.ascii	"signed char\000"
 1440      65642063 
 1440      68617200 
 1441              	.LASF45:
 1442 030c 54696D65 		.ascii	"Timer_PB_Start\000"
 1442      725F5042 
 1442      5F537461 
 1442      727400
 1443              	.LASF48:
 1444 031b 73707269 		.ascii	"sprintf\000"
 1444      6E746600 
 1445              	.LASF33:
 1446 0323 4F505449 		.ascii	"OPTION_FSR\000"
 1446      4F4E5F46 
 1446      535200
 1447              	.LASF49:
 1448 032e 54696D65 		.ascii	"Timer_PB_Stop\000"
 1448      725F5042 
 1448      5F53746F 
 1448      7000
 1449              	.LASF51:
 1450 033c 496E7465 		.ascii	"InterruptRoutines.c\000"
 1450      72727570 
 1450      74526F75 
 1450      74696E65 
 1450      732E6300 
 1451              		.ident	"GCC: (GNU Tools for ARM Embedded Processors) 5.4.1 20160609 (release) [ARM/embedded-5-bran
