ARM GAS  C:\Users\LIUX\AppData\Local\Temp\ccHrvggh.s 			page 1


   1              		.syntax unified
   2              		.cpu cortex-m3
   3              		.fpu softvfp
   4              		.eabi_attribute 20, 1
   5              		.eabi_attribute 21, 1
   6              		.eabi_attribute 23, 3
   7              		.eabi_attribute 24, 1
   8              		.eabi_attribute 25, 1
   9              		.eabi_attribute 26, 1
  10              		.eabi_attribute 30, 1
  11              		.eabi_attribute 34, 1
  12              		.eabi_attribute 18, 4
  13              		.thumb
  14              		.syntax unified
  15              		.file	"main.c"
  16              		.text
  17              	.Ltext0:
  18              		.cfi_sections	.debug_frame
  19              		.section	.text.main,"ax",%progbits
  20              		.align	2
  21              		.global	main
  22              		.thumb
  23              		.thumb_func
  24              		.type	main, %function
  25              	main:
  26              	.LFB64:
  27              		.file 1 "main.c"
   1:main.c        **** /* ========================================
   2:main.c        ****  *
   3:main.c        ****  * Copyright YOUR COMPANY, THE YEAR
   4:main.c        ****  * All Rights Reserved
   5:main.c        ****  * UNPUBLISHED, LICENSED SOFTWARE.
   6:main.c        ****  *
   7:main.c        ****  * CONFIDENTIAL AND PROPRIETARY INFORMATION
   8:main.c        ****  * WHICH IS THE PROPERTY OF your company.
   9:main.c        ****  *
  10:main.c        ****  * ========================================
  11:main.c        **** */
  12:main.c        **** #include "project.h"
  13:main.c        **** #include "stdio.h"
  14:main.c        **** #include "InterruptRoutines.h"
  15:main.c        **** #include "Pages.h"
  16:main.c        **** 
  17:main.c        **** int main(void)
  18:main.c        **** {
  28              		.loc 1 18 0
  29              		.cfi_startproc
  30              		@ Volatile: function does not return.
  31              		@ args = 0, pretend = 0, frame = 0
  32              		@ frame_needed = 0, uses_anonymous_args = 0
  33 0000 08B5     		push	{r3, lr}
  34              		.cfi_def_cfa_offset 8
  35              		.cfi_offset 3, -8
  36              		.cfi_offset 14, -4
  19:main.c        ****     // variable initialization
  20:main.c        ****     FLAG_FSR  = 0; // full scale range
  37              		.loc 1 20 0
ARM GAS  C:\Users\LIUX\AppData\Local\Temp\ccHrvggh.s 			page 2


  38 0002 0023     		movs	r3, #0
  39 0004 114A     		ldr	r2, .L5
  40 0006 1370     		strb	r3, [r2]
  21:main.c        ****     FLAG_SF   = 0; // sampling frequency
  41              		.loc 1 21 0
  42 0008 114A     		ldr	r2, .L5+4
  43 000a 1370     		strb	r3, [r2]
  22:main.c        ****     FLAG_AS   = 0; // additional sensor
  44              		.loc 1 22 0
  45 000c 114A     		ldr	r2, .L5+8
  46 000e 1370     		strb	r3, [r2]
  23:main.c        ****     FLAG_BS   = 0; // begin/stop
  47              		.loc 1 23 0
  48 0010 114A     		ldr	r2, .L5+12
  49 0012 1370     		strb	r3, [r2]
  24:main.c        ****     OPTION_FSR = 0; // full scale range value
  50              		.loc 1 24 0
  51 0014 114A     		ldr	r2, .L5+16
  52 0016 1370     		strb	r3, [r2]
  25:main.c        ****     OPTION_SF  = 0; // sampling frequency value
  53              		.loc 1 25 0
  54 0018 114A     		ldr	r2, .L5+20
  55 001a 1370     		strb	r3, [r2]
  26:main.c        ****     OPTION_AS  = 0; // additional sensor 0 or 1
  56              		.loc 1 26 0
  57 001c 114A     		ldr	r2, .L5+24
  58 001e 1370     		strb	r3, [r2]
  27:main.c        ****     summary_ready = 0;
  59              		.loc 1 27 0
  60 0020 114A     		ldr	r2, .L5+28
  61 0022 1370     		strb	r3, [r2]
  28:main.c        ****     
  29:main.c        ****     CyGlobalIntEnable; // Enable global interrupts.
  62              		.loc 1 29 0
  63              		.syntax unified
  64              	@ 29 "main.c" 1
  65 0024 62B6     		CPSIE   i
  66              	@ 0 "" 2
  30:main.c        ****     
  31:main.c        ****     // Start the components
  32:main.c        ****     UART_Start();
  67              		.loc 1 32 0
  68              		.thumb
  69              		.syntax unified
  70 0026 FFF7FEFF 		bl	UART_Start
  71              	.LVL0:
  33:main.c        ****     isr_RX_StartEx(Custom_ISR_RX);
  72              		.loc 1 33 0
  73 002a 1048     		ldr	r0, .L5+32
  74 002c FFF7FEFF 		bl	isr_RX_StartEx
  75              	.LVL1:
  34:main.c        ****     WELCOME();
  76              		.loc 1 34 0
  77 0030 FFF7FEFF 		bl	WELCOME
  78              	.LVL2:
  79              	.L2:
  35:main.c        ****     
ARM GAS  C:\Users\LIUX\AppData\Local\Temp\ccHrvggh.s 			page 3


  36:main.c        ****     for(;;)
  37:main.c        ****     {
  38:main.c        ****         if(summary_ready==1){  
  80              		.loc 1 38 0
  81 0034 0C4B     		ldr	r3, .L5+28
  82 0036 1B78     		ldrb	r3, [r3]	@ zero_extendqisi2
  83 0038 DBB2     		uxtb	r3, r3
  84 003a 012B     		cmp	r3, #1
  85 003c FAD1     		bne	.L2
  39:main.c        ****             INFO();
  86              		.loc 1 39 0
  87 003e FFF7FEFF 		bl	INFO
  88              	.LVL3:
  40:main.c        ****             summary_ready=0;
  89              		.loc 1 40 0
  90 0042 0022     		movs	r2, #0
  91 0044 084B     		ldr	r3, .L5+28
  92 0046 1A70     		strb	r2, [r3]
  93 0048 F4E7     		b	.L2
  94              	.L6:
  95 004a 00BF     		.align	2
  96              	.L5:
  97 004c 00000000 		.word	FLAG_FSR
  98 0050 00000000 		.word	FLAG_SF
  99 0054 00000000 		.word	FLAG_AS
 100 0058 00000000 		.word	FLAG_BS
 101 005c 00000000 		.word	OPTION_FSR
 102 0060 00000000 		.word	OPTION_SF
 103 0064 00000000 		.word	OPTION_AS
 104 0068 00000000 		.word	summary_ready
 105 006c 00000000 		.word	Custom_ISR_RX
 106              		.cfi_endproc
 107              	.LFE64:
 108              		.size	main, .-main
 109              		.comm	summary_ready,1,1
 110              		.comm	OPTION_AS,1,1
 111              		.comm	OPTION_SF,1,1
 112              		.comm	OPTION_FSR,1,1
 113              		.comm	FLAG_BS,1,1
 114              		.comm	FLAG_AS,1,1
 115              		.comm	FLAG_SF,1,1
 116              		.comm	FLAG_FSR,1,1
 117              		.text
 118              	.Letext0:
 119              		.file 2 "c:\\program files\\cypress\\psoc creator\\4.3\\psoc creator\\import\\gnu\\arm\\5.4.1\\arm
 120              		.file 3 "c:\\program files\\cypress\\psoc creator\\4.3\\psoc creator\\import\\gnu\\arm\\5.4.1\\arm
 121              		.file 4 "Generated_Source\\PSoC5/cytypes.h"
 122              		.file 5 "Generated_Source\\PSoC5/core_cm3.h"
 123              		.file 6 "Pages.h"
 124              		.file 7 "Generated_Source\\PSoC5/UART.h"
 125              		.file 8 "Generated_Source\\PSoC5/isr_RX.h"
 126              		.section	.debug_info,"",%progbits
 127              	.Ldebug_info0:
 128 0000 B5010000 		.4byte	0x1b5
 129 0004 0400     		.2byte	0x4
 130 0006 00000000 		.4byte	.Ldebug_abbrev0
 131 000a 04       		.byte	0x4
ARM GAS  C:\Users\LIUX\AppData\Local\Temp\ccHrvggh.s 			page 4


 132 000b 01       		.uleb128 0x1
 133 000c 9A000000 		.4byte	.LASF30
 134 0010 0C       		.byte	0xc
 135 0011 D9010000 		.4byte	.LASF31
 136 0015 28000000 		.4byte	.LASF32
 137 0019 00000000 		.4byte	.Ldebug_ranges0+0
 138 001d 00000000 		.4byte	0
 139 0021 00000000 		.4byte	.Ldebug_line0
 140 0025 02       		.uleb128 0x2
 141 0026 01       		.byte	0x1
 142 0027 06       		.byte	0x6
 143 0028 14020000 		.4byte	.LASF0
 144 002c 02       		.uleb128 0x2
 145 002d 01       		.byte	0x1
 146 002e 08       		.byte	0x8
 147 002f 8C000000 		.4byte	.LASF1
 148 0033 02       		.uleb128 0x2
 149 0034 02       		.byte	0x2
 150 0035 05       		.byte	0x5
 151 0036 E5010000 		.4byte	.LASF2
 152 003a 02       		.uleb128 0x2
 153 003b 02       		.byte	0x2
 154 003c 07       		.byte	0x7
 155 003d 3A010000 		.4byte	.LASF3
 156 0041 03       		.uleb128 0x3
 157 0042 16000000 		.4byte	.LASF9
 158 0046 02       		.byte	0x2
 159 0047 3F       		.byte	0x3f
 160 0048 4C000000 		.4byte	0x4c
 161 004c 02       		.uleb128 0x2
 162 004d 04       		.byte	0x4
 163 004e 05       		.byte	0x5
 164 004f FF010000 		.4byte	.LASF4
 165 0053 02       		.uleb128 0x2
 166 0054 04       		.byte	0x4
 167 0055 07       		.byte	0x7
 168 0056 28010000 		.4byte	.LASF5
 169 005a 02       		.uleb128 0x2
 170 005b 08       		.byte	0x8
 171 005c 05       		.byte	0x5
 172 005d CB010000 		.4byte	.LASF6
 173 0061 02       		.uleb128 0x2
 174 0062 08       		.byte	0x8
 175 0063 07       		.byte	0x7
 176 0064 8C010000 		.4byte	.LASF7
 177 0068 04       		.uleb128 0x4
 178 0069 04       		.byte	0x4
 179 006a 05       		.byte	0x5
 180 006b 696E7400 		.ascii	"int\000"
 181 006f 02       		.uleb128 0x2
 182 0070 04       		.byte	0x4
 183 0071 07       		.byte	0x7
 184 0072 7F010000 		.4byte	.LASF8
 185 0076 03       		.uleb128 0x3
 186 0077 BA010000 		.4byte	.LASF10
 187 007b 03       		.byte	0x3
 188 007c 2C       		.byte	0x2c
ARM GAS  C:\Users\LIUX\AppData\Local\Temp\ccHrvggh.s 			page 5


 189 007d 41000000 		.4byte	0x41
 190 0081 05       		.uleb128 0x5
 191 0082 EF010000 		.4byte	.LASF11
 192 0086 04       		.byte	0x4
 193 0087 E401     		.2byte	0x1e4
 194 0089 2C000000 		.4byte	0x2c
 195 008d 02       		.uleb128 0x2
 196 008e 04       		.byte	0x4
 197 008f 04       		.byte	0x4
 198 0090 7E000000 		.4byte	.LASF12
 199 0094 02       		.uleb128 0x2
 200 0095 08       		.byte	0x8
 201 0096 04       		.byte	0x4
 202 0097 65010000 		.4byte	.LASF13
 203 009b 02       		.uleb128 0x2
 204 009c 01       		.byte	0x1
 205 009d 08       		.byte	0x8
 206 009e E0010000 		.4byte	.LASF14
 207 00a2 06       		.uleb128 0x6
 208 00a3 81000000 		.4byte	0x81
 209 00a7 02       		.uleb128 0x2
 210 00a8 08       		.byte	0x8
 211 00a9 04       		.byte	0x4
 212 00aa 08020000 		.4byte	.LASF15
 213 00ae 02       		.uleb128 0x2
 214 00af 04       		.byte	0x4
 215 00b0 07       		.byte	0x7
 216 00b1 C2010000 		.4byte	.LASF16
 217 00b5 07       		.uleb128 0x7
 218 00b6 6C010000 		.4byte	.LASF33
 219 00ba 01       		.byte	0x1
 220 00bb 11       		.byte	0x11
 221 00bc 68000000 		.4byte	0x68
 222 00c0 00000000 		.4byte	.LFB64
 223 00c4 70000000 		.4byte	.LFE64-.LFB64
 224 00c8 01       		.uleb128 0x1
 225 00c9 9C       		.byte	0x9c
 226 00ca F3000000 		.4byte	0xf3
 227 00ce 08       		.uleb128 0x8
 228 00cf 2A000000 		.4byte	.LVL0
 229 00d3 8C010000 		.4byte	0x18c
 230 00d7 08       		.uleb128 0x8
 231 00d8 30000000 		.4byte	.LVL1
 232 00dc 97010000 		.4byte	0x197
 233 00e0 08       		.uleb128 0x8
 234 00e1 34000000 		.4byte	.LVL2
 235 00e5 A2010000 		.4byte	0x1a2
 236 00e9 08       		.uleb128 0x8
 237 00ea 42000000 		.4byte	.LVL3
 238 00ee AD010000 		.4byte	0x1ad
 239 00f2 00       		.byte	0
 240 00f3 09       		.uleb128 0x9
 241 00f4 58010000 		.4byte	.LASF17
 242 00f8 05       		.byte	0x5
 243 00f9 1207     		.2byte	0x712
 244 00fb FF000000 		.4byte	0xff
 245 00ff 06       		.uleb128 0x6
ARM GAS  C:\Users\LIUX\AppData\Local\Temp\ccHrvggh.s 			page 6


 246 0100 76000000 		.4byte	0x76
 247 0104 0A       		.uleb128 0xa
 248 0105 76010000 		.4byte	.LASF18
 249 0109 06       		.byte	0x6
 250 010a 18       		.byte	0x18
 251 010b A2000000 		.4byte	0xa2
 252 010f 05       		.uleb128 0x5
 253 0110 03       		.byte	0x3
 254 0111 00000000 		.4byte	FLAG_FSR
 255 0115 0A       		.uleb128 0xa
 256 0116 B2010000 		.4byte	.LASF19
 257 011a 06       		.byte	0x6
 258 011b 19       		.byte	0x19
 259 011c A2000000 		.4byte	0xa2
 260 0120 05       		.uleb128 0x5
 261 0121 03       		.byte	0x3
 262 0122 00000000 		.4byte	FLAG_SF
 263 0126 0A       		.uleb128 0xa
 264 0127 84000000 		.4byte	.LASF20
 265 012b 06       		.byte	0x6
 266 012c 1A       		.byte	0x1a
 267 012d A2000000 		.4byte	0xa2
 268 0131 05       		.uleb128 0x5
 269 0132 03       		.byte	0x3
 270 0133 00000000 		.4byte	FLAG_AS
 271 0137 0A       		.uleb128 0xa
 272 0138 20000000 		.4byte	.LASF21
 273 013c 06       		.byte	0x6
 274 013d 1B       		.byte	0x1b
 275 013e A2000000 		.4byte	0xa2
 276 0142 05       		.uleb128 0x5
 277 0143 03       		.byte	0x3
 278 0144 00000000 		.4byte	FLAG_BS
 279 0148 0A       		.uleb128 0xa
 280 0149 2A020000 		.4byte	.LASF22
 281 014d 06       		.byte	0x6
 282 014e 1E       		.byte	0x1e
 283 014f A2000000 		.4byte	0xa2
 284 0153 05       		.uleb128 0x5
 285 0154 03       		.byte	0x3
 286 0155 00000000 		.4byte	OPTION_FSR
 287 0159 0A       		.uleb128 0xa
 288 015a 20020000 		.4byte	.LASF23
 289 015e 06       		.byte	0x6
 290 015f 1F       		.byte	0x1f
 291 0160 A2000000 		.4byte	0xa2
 292 0164 05       		.uleb128 0x5
 293 0165 03       		.byte	0x3
 294 0166 00000000 		.4byte	OPTION_SF
 295 016a 0A       		.uleb128 0xa
 296 016b F5010000 		.4byte	.LASF24
 297 016f 06       		.byte	0x6
 298 0170 20       		.byte	0x20
 299 0171 A2000000 		.4byte	0xa2
 300 0175 05       		.uleb128 0x5
 301 0176 03       		.byte	0x3
 302 0177 00000000 		.4byte	OPTION_AS
ARM GAS  C:\Users\LIUX\AppData\Local\Temp\ccHrvggh.s 			page 7


 303 017b 0A       		.uleb128 0xa
 304 017c 08000000 		.4byte	.LASF25
 305 0180 06       		.byte	0x6
 306 0181 23       		.byte	0x23
 307 0182 A2000000 		.4byte	0xa2
 308 0186 05       		.uleb128 0x5
 309 0187 03       		.byte	0x3
 310 0188 00000000 		.4byte	summary_ready
 311 018c 0B       		.uleb128 0xb
 312 018d 4D010000 		.4byte	.LASF26
 313 0191 4D010000 		.4byte	.LASF26
 314 0195 07       		.byte	0x7
 315 0196 54       		.byte	0x54
 316 0197 0B       		.uleb128 0xb
 317 0198 A3010000 		.4byte	.LASF27
 318 019c A3010000 		.4byte	.LASF27
 319 01a0 08       		.byte	0x8
 320 01a1 18       		.byte	0x18
 321 01a2 0B       		.uleb128 0xb
 322 01a3 00000000 		.4byte	.LASF28
 323 01a7 00000000 		.4byte	.LASF28
 324 01ab 06       		.byte	0x6
 325 01ac 13       		.byte	0x13
 326 01ad 0B       		.uleb128 0xb
 327 01ae 71010000 		.4byte	.LASF29
 328 01b2 71010000 		.4byte	.LASF29
 329 01b6 06       		.byte	0x6
 330 01b7 14       		.byte	0x14
 331 01b8 00       		.byte	0
 332              		.section	.debug_abbrev,"",%progbits
 333              	.Ldebug_abbrev0:
 334 0000 01       		.uleb128 0x1
 335 0001 11       		.uleb128 0x11
 336 0002 01       		.byte	0x1
 337 0003 25       		.uleb128 0x25
 338 0004 0E       		.uleb128 0xe
 339 0005 13       		.uleb128 0x13
 340 0006 0B       		.uleb128 0xb
 341 0007 03       		.uleb128 0x3
 342 0008 0E       		.uleb128 0xe
 343 0009 1B       		.uleb128 0x1b
 344 000a 0E       		.uleb128 0xe
 345 000b 55       		.uleb128 0x55
 346 000c 17       		.uleb128 0x17
 347 000d 11       		.uleb128 0x11
 348 000e 01       		.uleb128 0x1
 349 000f 10       		.uleb128 0x10
 350 0010 17       		.uleb128 0x17
 351 0011 00       		.byte	0
 352 0012 00       		.byte	0
 353 0013 02       		.uleb128 0x2
 354 0014 24       		.uleb128 0x24
 355 0015 00       		.byte	0
 356 0016 0B       		.uleb128 0xb
 357 0017 0B       		.uleb128 0xb
 358 0018 3E       		.uleb128 0x3e
 359 0019 0B       		.uleb128 0xb
ARM GAS  C:\Users\LIUX\AppData\Local\Temp\ccHrvggh.s 			page 8


 360 001a 03       		.uleb128 0x3
 361 001b 0E       		.uleb128 0xe
 362 001c 00       		.byte	0
 363 001d 00       		.byte	0
 364 001e 03       		.uleb128 0x3
 365 001f 16       		.uleb128 0x16
 366 0020 00       		.byte	0
 367 0021 03       		.uleb128 0x3
 368 0022 0E       		.uleb128 0xe
 369 0023 3A       		.uleb128 0x3a
 370 0024 0B       		.uleb128 0xb
 371 0025 3B       		.uleb128 0x3b
 372 0026 0B       		.uleb128 0xb
 373 0027 49       		.uleb128 0x49
 374 0028 13       		.uleb128 0x13
 375 0029 00       		.byte	0
 376 002a 00       		.byte	0
 377 002b 04       		.uleb128 0x4
 378 002c 24       		.uleb128 0x24
 379 002d 00       		.byte	0
 380 002e 0B       		.uleb128 0xb
 381 002f 0B       		.uleb128 0xb
 382 0030 3E       		.uleb128 0x3e
 383 0031 0B       		.uleb128 0xb
 384 0032 03       		.uleb128 0x3
 385 0033 08       		.uleb128 0x8
 386 0034 00       		.byte	0
 387 0035 00       		.byte	0
 388 0036 05       		.uleb128 0x5
 389 0037 16       		.uleb128 0x16
 390 0038 00       		.byte	0
 391 0039 03       		.uleb128 0x3
 392 003a 0E       		.uleb128 0xe
 393 003b 3A       		.uleb128 0x3a
 394 003c 0B       		.uleb128 0xb
 395 003d 3B       		.uleb128 0x3b
 396 003e 05       		.uleb128 0x5
 397 003f 49       		.uleb128 0x49
 398 0040 13       		.uleb128 0x13
 399 0041 00       		.byte	0
 400 0042 00       		.byte	0
 401 0043 06       		.uleb128 0x6
 402 0044 35       		.uleb128 0x35
 403 0045 00       		.byte	0
 404 0046 49       		.uleb128 0x49
 405 0047 13       		.uleb128 0x13
 406 0048 00       		.byte	0
 407 0049 00       		.byte	0
 408 004a 07       		.uleb128 0x7
 409 004b 2E       		.uleb128 0x2e
 410 004c 01       		.byte	0x1
 411 004d 3F       		.uleb128 0x3f
 412 004e 19       		.uleb128 0x19
 413 004f 03       		.uleb128 0x3
 414 0050 0E       		.uleb128 0xe
 415 0051 3A       		.uleb128 0x3a
 416 0052 0B       		.uleb128 0xb
ARM GAS  C:\Users\LIUX\AppData\Local\Temp\ccHrvggh.s 			page 9


 417 0053 3B       		.uleb128 0x3b
 418 0054 0B       		.uleb128 0xb
 419 0055 27       		.uleb128 0x27
 420 0056 19       		.uleb128 0x19
 421 0057 49       		.uleb128 0x49
 422 0058 13       		.uleb128 0x13
 423 0059 8701     		.uleb128 0x87
 424 005b 19       		.uleb128 0x19
 425 005c 11       		.uleb128 0x11
 426 005d 01       		.uleb128 0x1
 427 005e 12       		.uleb128 0x12
 428 005f 06       		.uleb128 0x6
 429 0060 40       		.uleb128 0x40
 430 0061 18       		.uleb128 0x18
 431 0062 9742     		.uleb128 0x2117
 432 0064 19       		.uleb128 0x19
 433 0065 01       		.uleb128 0x1
 434 0066 13       		.uleb128 0x13
 435 0067 00       		.byte	0
 436 0068 00       		.byte	0
 437 0069 08       		.uleb128 0x8
 438 006a 898201   		.uleb128 0x4109
 439 006d 00       		.byte	0
 440 006e 11       		.uleb128 0x11
 441 006f 01       		.uleb128 0x1
 442 0070 31       		.uleb128 0x31
 443 0071 13       		.uleb128 0x13
 444 0072 00       		.byte	0
 445 0073 00       		.byte	0
 446 0074 09       		.uleb128 0x9
 447 0075 34       		.uleb128 0x34
 448 0076 00       		.byte	0
 449 0077 03       		.uleb128 0x3
 450 0078 0E       		.uleb128 0xe
 451 0079 3A       		.uleb128 0x3a
 452 007a 0B       		.uleb128 0xb
 453 007b 3B       		.uleb128 0x3b
 454 007c 05       		.uleb128 0x5
 455 007d 49       		.uleb128 0x49
 456 007e 13       		.uleb128 0x13
 457 007f 3F       		.uleb128 0x3f
 458 0080 19       		.uleb128 0x19
 459 0081 3C       		.uleb128 0x3c
 460 0082 19       		.uleb128 0x19
 461 0083 00       		.byte	0
 462 0084 00       		.byte	0
 463 0085 0A       		.uleb128 0xa
 464 0086 34       		.uleb128 0x34
 465 0087 00       		.byte	0
 466 0088 03       		.uleb128 0x3
 467 0089 0E       		.uleb128 0xe
 468 008a 3A       		.uleb128 0x3a
 469 008b 0B       		.uleb128 0xb
 470 008c 3B       		.uleb128 0x3b
 471 008d 0B       		.uleb128 0xb
 472 008e 49       		.uleb128 0x49
 473 008f 13       		.uleb128 0x13
ARM GAS  C:\Users\LIUX\AppData\Local\Temp\ccHrvggh.s 			page 10


 474 0090 3F       		.uleb128 0x3f
 475 0091 19       		.uleb128 0x19
 476 0092 02       		.uleb128 0x2
 477 0093 18       		.uleb128 0x18
 478 0094 00       		.byte	0
 479 0095 00       		.byte	0
 480 0096 0B       		.uleb128 0xb
 481 0097 2E       		.uleb128 0x2e
 482 0098 00       		.byte	0
 483 0099 3F       		.uleb128 0x3f
 484 009a 19       		.uleb128 0x19
 485 009b 3C       		.uleb128 0x3c
 486 009c 19       		.uleb128 0x19
 487 009d 6E       		.uleb128 0x6e
 488 009e 0E       		.uleb128 0xe
 489 009f 03       		.uleb128 0x3
 490 00a0 0E       		.uleb128 0xe
 491 00a1 3A       		.uleb128 0x3a
 492 00a2 0B       		.uleb128 0xb
 493 00a3 3B       		.uleb128 0x3b
 494 00a4 0B       		.uleb128 0xb
 495 00a5 00       		.byte	0
 496 00a6 00       		.byte	0
 497 00a7 00       		.byte	0
 498              		.section	.debug_aranges,"",%progbits
 499 0000 1C000000 		.4byte	0x1c
 500 0004 0200     		.2byte	0x2
 501 0006 00000000 		.4byte	.Ldebug_info0
 502 000a 04       		.byte	0x4
 503 000b 00       		.byte	0
 504 000c 0000     		.2byte	0
 505 000e 0000     		.2byte	0
 506 0010 00000000 		.4byte	.LFB64
 507 0014 70000000 		.4byte	.LFE64-.LFB64
 508 0018 00000000 		.4byte	0
 509 001c 00000000 		.4byte	0
 510              		.section	.debug_ranges,"",%progbits
 511              	.Ldebug_ranges0:
 512 0000 00000000 		.4byte	.LFB64
 513 0004 70000000 		.4byte	.LFE64
 514 0008 00000000 		.4byte	0
 515 000c 00000000 		.4byte	0
 516              		.section	.debug_line,"",%progbits
 517              	.Ldebug_line0:
 518 0000 85010000 		.section	.debug_str,"MS",%progbits,1
 518      02006101 
 518      00000201 
 518      FB0E0D00 
 518      01010101 
 519              	.LASF28:
 520 0000 57454C43 		.ascii	"WELCOME\000"
 520      4F4D4500 
 521              	.LASF25:
 522 0008 73756D6D 		.ascii	"summary_ready\000"
 522      6172795F 
 522      72656164 
 522      7900
ARM GAS  C:\Users\LIUX\AppData\Local\Temp\ccHrvggh.s 			page 11


 523              	.LASF9:
 524 0016 5F5F696E 		.ascii	"__int32_t\000"
 524      7433325F 
 524      7400
 525              	.LASF21:
 526 0020 464C4147 		.ascii	"FLAG_BS\000"
 526      5F425300 
 527              	.LASF32:
 528 0028 433A5C55 		.ascii	"C:\\Users\\LIUX\\Desktop\\PROGETTI_COMPLETI\\ASSIGN"
 528      73657273 
 528      5C4C4955 
 528      585C4465 
 528      736B746F 
 529 0056 4D454E54 		.ascii	"MENT_finale_4\\ASSIGNMENT_finale_4.cydsn\000"
 529      5F66696E 
 529      616C655F 
 529      345C4153 
 529      5349474E 
 530              	.LASF12:
 531 007e 666C6F61 		.ascii	"float\000"
 531      7400
 532              	.LASF20:
 533 0084 464C4147 		.ascii	"FLAG_AS\000"
 533      5F415300 
 534              	.LASF1:
 535 008c 756E7369 		.ascii	"unsigned char\000"
 535      676E6564 
 535      20636861 
 535      7200
 536              	.LASF30:
 537 009a 474E5520 		.ascii	"GNU C11 5.4.1 20160609 (release) [ARM/embedded-5-br"
 537      43313120 
 537      352E342E 
 537      31203230 
 537      31363036 
 538 00cd 616E6368 		.ascii	"anch revision 237715] -mcpu=cortex-m3 -mthumb -g -O"
 538      20726576 
 538      6973696F 
 538      6E203233 
 538      37373135 
 539 0100 67202D66 		.ascii	"g -ffunction-sections -ffat-lto-objects\000"
 539      66756E63 
 539      74696F6E 
 539      2D736563 
 539      74696F6E 
 540              	.LASF5:
 541 0128 6C6F6E67 		.ascii	"long unsigned int\000"
 541      20756E73 
 541      69676E65 
 541      6420696E 
 541      7400
 542              	.LASF3:
 543 013a 73686F72 		.ascii	"short unsigned int\000"
 543      7420756E 
 543      7369676E 
 543      65642069 
 543      6E7400
ARM GAS  C:\Users\LIUX\AppData\Local\Temp\ccHrvggh.s 			page 12


 544              	.LASF26:
 545 014d 55415254 		.ascii	"UART_Start\000"
 545      5F537461 
 545      727400
 546              	.LASF17:
 547 0158 49544D5F 		.ascii	"ITM_RxBuffer\000"
 547      52784275 
 547      66666572 
 547      00
 548              	.LASF13:
 549 0165 646F7562 		.ascii	"double\000"
 549      6C6500
 550              	.LASF33:
 551 016c 6D61696E 		.ascii	"main\000"
 551      00
 552              	.LASF29:
 553 0171 494E464F 		.ascii	"INFO\000"
 553      00
 554              	.LASF18:
 555 0176 464C4147 		.ascii	"FLAG_FSR\000"
 555      5F465352 
 555      00
 556              	.LASF8:
 557 017f 756E7369 		.ascii	"unsigned int\000"
 557      676E6564 
 557      20696E74 
 557      00
 558              	.LASF7:
 559 018c 6C6F6E67 		.ascii	"long long unsigned int\000"
 559      206C6F6E 
 559      6720756E 
 559      7369676E 
 559      65642069 
 560              	.LASF27:
 561 01a3 6973725F 		.ascii	"isr_RX_StartEx\000"
 561      52585F53 
 561      74617274 
 561      457800
 562              	.LASF19:
 563 01b2 464C4147 		.ascii	"FLAG_SF\000"
 563      5F534600 
 564              	.LASF10:
 565 01ba 696E7433 		.ascii	"int32_t\000"
 565      325F7400 
 566              	.LASF16:
 567 01c2 73697A65 		.ascii	"sizetype\000"
 567      74797065 
 567      00
 568              	.LASF6:
 569 01cb 6C6F6E67 		.ascii	"long long int\000"
 569      206C6F6E 
 569      6720696E 
 569      7400
 570              	.LASF31:
 571 01d9 6D61696E 		.ascii	"main.c\000"
 571      2E6300
 572              	.LASF14:
ARM GAS  C:\Users\LIUX\AppData\Local\Temp\ccHrvggh.s 			page 13


 573 01e0 63686172 		.ascii	"char\000"
 573      00
 574              	.LASF2:
 575 01e5 73686F72 		.ascii	"short int\000"
 575      7420696E 
 575      7400
 576              	.LASF11:
 577 01ef 75696E74 		.ascii	"uint8\000"
 577      3800
 578              	.LASF24:
 579 01f5 4F505449 		.ascii	"OPTION_AS\000"
 579      4F4E5F41 
 579      5300
 580              	.LASF4:
 581 01ff 6C6F6E67 		.ascii	"long int\000"
 581      20696E74 
 581      00
 582              	.LASF15:
 583 0208 6C6F6E67 		.ascii	"long double\000"
 583      20646F75 
 583      626C6500 
 584              	.LASF0:
 585 0214 7369676E 		.ascii	"signed char\000"
 585      65642063 
 585      68617200 
 586              	.LASF23:
 587 0220 4F505449 		.ascii	"OPTION_SF\000"
 587      4F4E5F53 
 587      4600
 588              	.LASF22:
 589 022a 4F505449 		.ascii	"OPTION_FSR\000"
 589      4F4E5F46 
 589      535200
 590              		.ident	"GCC: (GNU Tools for ARM Embedded Processors) 5.4.1 20160609 (release) [ARM/embedded-5-bran
